#
# There is insufficient memory for the Java Runtime Environment to continue.
# Native memory allocation (mmap) failed to map 34078720 bytes for committing reserved memory.
# Possible reasons:
#   The system is out of physical RAM or swap space
#   The process is running with CompressedOops enabled, and the Java Heap may be blocking the growth of the native heap
# Possible solutions:
#   Reduce memory load on the system
#   Increase physical memory or swap space
#   Check if swap backing store is full
#   Decrease Java heap size (-Xmx/-Xms)
#   Decrease number of Java threads
#   Decrease Java thread stack sizes (-Xss)
#   Set larger code cache with -XX:ReservedCodeCacheSize=
#   JVM is running with Unscaled Compressed Oops mode in which the Java heap is
#     placed in the first 4GB address space. The Java Heap base address is the
#     maximum limit for the native heap growth. Please use -XX:HeapBaseMinAddress
#     to set the Java Heap base and to place the Java Heap above 4GB virtual address.
# This output file may be truncated or incomplete.
#
#  Out of Memory Error (os_linux.cpp:2749), pid=9058, tid=0x00007f1b919fb700
#
# JRE version: Java(TM) SE Runtime Environment (8.0_201-b09) (build 1.8.0_201-b09)
# Java VM: Java HotSpot(TM) 64-Bit Server VM (25.201-b09 mixed mode linux-amd64 compressed oops)
# Failed to write core dump. Core dumps have been disabled. To enable core dumping, try "ulimit -c unlimited" before starting Java again
#

---------------  T H R E A D  ---------------

Current thread (0x00007f1ba4073800):  VMThread [stack: 0x00007f1b918fc000,0x00007f1b919fc000] [id=9078]

Stack: [0x00007f1b918fc000,0x00007f1b919fc000],  sp=0x00007f1b919fa3f0,  free space=1016k
Native frames: (J=compiled Java code, j=interpreted, Vv=VM code, C=native code)
V  [libjvm.so+0xad3525]  VMError::report_and_die()+0x2e5
V  [libjvm.so+0x4e0457]  report_vm_out_of_memory(char const*, int, unsigned long, VMErrorType, char const*)+0x67
V  [libjvm.so+0x9102f0]  os::pd_commit_memory(char*, unsigned long, unsigned long, bool)+0x100
V  [libjvm.so+0x90791f]  os::commit_memory(char*, unsigned long, unsigned long, bool)+0x1f
V  [libjvm.so+0x98c806]  PSVirtualSpace::expand_by(unsigned long)+0x56
V  [libjvm.so+0x97badb]  PSOldGen::expand_by(unsigned long) [clone .part.28]+0x1b
V  [libjvm.so+0x97bc98]  PSOldGen::expand(unsigned long) [clone .part.29]+0xa8
V  [libjvm.so+0x97c841]  PSOldGen::resize(unsigned long)+0xe1
V  [libjvm.so+0x98297c]  PSParallelCompact::invoke_no_policy(bool) [clone .part.118]+0xa2c
V  [libjvm.so+0x98a795]  PSScavenge::invoke()+0x215
V  [libjvm.so+0x93a318]  ParallelScavengeHeap::failed_mem_allocate(unsigned long)+0x68
V  [libjvm.so+0xad5073]  VM_ParallelGCFailedAllocation::doit()+0x93
V  [libjvm.so+0xada296]  VM_Operation::evaluate()+0x46
V  [libjvm.so+0xad85cd]  VMThread::evaluate_operation(VM_Operation*) [clone .constprop.44]+0xcd
V  [libjvm.so+0xad8bb3]  VMThread::loop()+0x3a3
V  [libjvm.so+0xad8f88]  VMThread::run()+0x78
V  [libjvm.so+0x90d922]  java_start(Thread*)+0x102

VM_Operation (0x00007f1ba9f72490): ParallelGCFailedAllocation, mode: safepoint, requested by thread 0x00007f1ba4009800


---------------  P R O C E S S  ---------------

Java Threads: ( => current thread )
  0x00007f1ba40ba800 JavaThread "Service Thread" daemon [_thread_blocked, id=9084, stack(0x00007f1b912f5000,0x00007f1b913f6000)]
  0x00007f1ba40b8000 JavaThread "C1 CompilerThread1" daemon [_thread_blocked, id=9083, stack(0x00007f1b913f7000,0x00007f1b914f7000)]
  0x00007f1ba40b5000 JavaThread "C2 CompilerThread0" daemon [_thread_blocked, id=9082, stack(0x00007f1b914f8000,0x00007f1b915f8000)]
  0x00007f1ba40b3800 JavaThread "Signal Dispatcher" daemon [_thread_blocked, id=9081, stack(0x00007f1b915f8000,0x00007f1b916f9000)]
  0x00007f1ba4080000 JavaThread "Finalizer" daemon [_thread_blocked, id=9080, stack(0x00007f1b916f9000,0x00007f1b917fa000)]
  0x00007f1ba407d800 JavaThread "Reference Handler" daemon [_thread_blocked, id=9079, stack(0x00007f1b917fa000,0x00007f1b918fb000)]
  0x00007f1ba4009800 JavaThread "main" [_thread_blocked, id=9075, stack(0x00007f1ba9e77000,0x00007f1ba9f77000)]

Other Threads:
=>0x00007f1ba4073800 VMThread [stack: 0x00007f1b918fc000,0x00007f1b919fc000] [id=9078]
  0x00007f1ba40bd000 WatcherThread [stack: 0x00007f1b911f5000,0x00007f1b912f5000] [id=9085]

VM state:at safepoint (normal execution)

VM Mutex/Monitor currently owned by a thread:  ([mutex/lock_event])
[0x00007f1ba4006b10] ExpandHeap_lock - owner thread: 0x00007f1ba4073800
[0x00007f1ba4007190] Threads_lock - owner thread: 0x00007f1ba4073800
[0x00007f1ba4007690] Heap_lock - owner thread: 0x00007f1ba4009800

heap address: 0x00000000e0c00000, size: 500 MB, Compressed Oops mode: 32-bit
Narrow klass base: 0x0000000000000000, Narrow klass shift: 3
Compressed class space size: 1073741824 Address: 0x0000000100000000

Heap:
 PSYoungGen      total 147456K, used 1514K [0x00000000f5980000, 0x0000000100000000, 0x0000000100000000)
  eden space 138240K, 0% used [0x00000000f5980000,0x00000000f5980000,0x00000000fe080000)
  from space 9216K, 16% used [0x00000000fe080000,0x00000000fe1faa58,0x00000000fe980000)
  to   space 18432K, 0% used [0x00000000fee00000,0x00000000fee00000,0x0000000100000000)
 ParOldGen       total 37376K, used 37148K [0x00000000e0c00000, 0x00000000e3080000, 0x00000000f5980000)
  object space 37376K, 99% used [0x00000000e0c00000,0x00000000e3047230,0x00000000e3080000)
 Metaspace       used 34792K, capacity 35340K, committed 35496K, reserved 1081344K
  class space    used 4058K, capacity 4243K, committed 4264K, reserved 1048576K

Card table byte_map: [0x00007f1b940c3000,0x00007f1b941be000] byte_map_base: 0x00007f1b939bd000

Marking Bits: (ParMarkBitMap*) 0x00007f1ba9321d80
 Begin Bits: [0x00007f1b92f21000, 0x00007f1b936f1000)
 End Bits:   [0x00007f1b936f1000, 0x00007f1b93ec1000)

Polling page: 0x00007f1ba9f7a000

CodeCache: size=245760Kb used=14931Kb max_used=14931Kb free=230828Kb
 bounds [0x00007f1b9457e000, 0x00007f1b9542e000, 0x00007f1ba357e000]
 total_blobs=4968 nmethods=4551 adapters=331
 compilation: enabled

Compilation events (10 events):
Event: 50,398 Thread 0x00007f1ba40b8000 nmethod 5041 0x00007f1b9541fe90 code [0x00007f1b95420000, 0x00007f1b954202b0]
Event: 50,398 Thread 0x00007f1ba40b8000 5042       3       com.sun.tools.javac.code.Types$Subst::visitType (2 bytes)
Event: 50,398 Thread 0x00007f1ba40b8000 nmethod 5042 0x00007f1b95420390 code [0x00007f1b954204e0, 0x00007f1b95420630]
Event: 50,398 Thread 0x00007f1ba40b8000 5046       3       java.util.Formatter::ensureOpen (16 bytes)
Event: 50,399 Thread 0x00007f1ba40b8000 nmethod 5046 0x00007f1b954206d0 code [0x00007f1b95420840, 0x00007f1b95420a48]
Event: 50,399 Thread 0x00007f1ba40b8000 5045       3       com.sun.tools.javac.code.Symbol$TypeSymbol::precedes (132 bytes)
Event: 50,402 Thread 0x00007f1ba40b8000 nmethod 5045 0x00007f1b95420b10 code [0x00007f1b95420dc0, 0x00007f1b95422018]
Event: 50,402 Thread 0x00007f1ba40b8000 5048       3       com.sun.tools.javac.jvm.ClassReader::readClassSymbol (55 bytes)
Event: 50,404 Thread 0x00007f1ba40b8000 nmethod 5048 0x00007f1b95422590 code [0x00007f1b954227e0, 0x00007f1b954236d8]
Event: 50,415 Thread 0x00007f1ba40b8000 5052       3       com.sun.tools.javac.code.Type$DelegatedType::getThrownTypes (8 bytes)

GC Heap History (10 events):
Event: 12,446 GC heap after
Heap after GC invocations=6 (full 0):
 PSYoungGen      total 75776K, used 4086K [0x00000000f5980000, 0x00000000fa980000, 0x0000000100000000)
  eden space 69632K, 0% used [0x00000000f5980000,0x00000000f5980000,0x00000000f9d80000)
  from space 6144K, 66% used [0x00000000fa380000,0x00000000fa77da58,0x00000000fa980000)
  to   space 6144K, 0% used [0x00000000f9d80000,0x00000000f9d80000,0x00000000fa380000)
 ParOldGen       total 22016K, used 12292K [0x00000000e0c00000, 0x00000000e2180000, 0x00000000f5980000)
  object space 22016K, 55% used [0x00000000e0c00000,0x00000000e18013f0,0x00000000e2180000)
 Metaspace       used 15570K, capacity 15922K, committed 16128K, reserved 1062912K
  class space    used 1906K, capacity 1990K, committed 2048K, reserved 1048576K
}
Event: 20,349 GC heap before
{Heap before GC invocations=7 (full 0):
 PSYoungGen      total 75776K, used 73718K [0x00000000f5980000, 0x00000000fa980000, 0x0000000100000000)
  eden space 69632K, 100% used [0x00000000f5980000,0x00000000f9d80000,0x00000000f9d80000)
  from space 6144K, 66% used [0x00000000fa380000,0x00000000fa77da58,0x00000000fa980000)
  to   space 6144K, 0% used [0x00000000f9d80000,0x00000000f9d80000,0x00000000fa380000)
 ParOldGen       total 22016K, used 12292K [0x00000000e0c00000, 0x00000000e2180000, 0x00000000f5980000)
  object space 22016K, 55% used [0x00000000e0c00000,0x00000000e18013f0,0x00000000e2180000)
 Metaspace       used 17446K, capacity 17890K, committed 18176K, reserved 1064960K
  class space    used 2139K, capacity 2262K, committed 2304K, reserved 1048576K
Event: 20,498 GC heap after
Heap after GC invocations=7 (full 0):
 PSYoungGen      total 75776K, used 6144K [0x00000000f5980000, 0x00000000ff180000, 0x0000000100000000)
  eden space 69632K, 0% used [0x00000000f5980000,0x00000000f5980000,0x00000000f9d80000)
  from space 6144K, 100% used [0x00000000f9d80000,0x00000000fa380000,0x00000000fa380000)
  to   space 8192K, 0% used [0x00000000fe980000,0x00000000fe980000,0x00000000ff180000)
 ParOldGen       total 22016K, used 13934K [0x00000000e0c00000, 0x00000000e2180000, 0x00000000f5980000)
  object space 22016K, 63% used [0x00000000e0c00000,0x00000000e199bac0,0x00000000e2180000)
 Metaspace       used 17446K, capacity 17890K, committed 18176K, reserved 1064960K
  class space    used 2139K, capacity 2262K, committed 2304K, reserved 1048576K
}
Event: 28,618 GC heap before
{Heap before GC invocations=8 (full 0):
 PSYoungGen      total 75776K, used 46306K [0x00000000f5980000, 0x00000000ff180000, 0x0000000100000000)
  eden space 69632K, 57% used [0x00000000f5980000,0x00000000f80b8b98,0x00000000f9d80000)
  from space 6144K, 100% used [0x00000000f9d80000,0x00000000fa380000,0x00000000fa380000)
  to   space 8192K, 0% used [0x00000000fe980000,0x00000000fe980000,0x00000000ff180000)
 ParOldGen       total 22016K, used 13934K [0x00000000e0c00000, 0x00000000e2180000, 0x00000000f5980000)
  object space 22016K, 63% used [0x00000000e0c00000,0x00000000e199bac0,0x00000000e2180000)
 Metaspace       used 20646K, capacity 21150K, committed 21296K, reserved 1069056K
  class space    used 2541K, capacity 2670K, committed 2688K, reserved 1048576K
Event: 28,731 GC heap after
Heap after GC invocations=8 (full 0):
 PSYoungGen      total 146432K, used 8173K [0x00000000f5980000, 0x00000000ff380000, 0x0000000100000000)
  eden space 138240K, 0% used [0x00000000f5980000,0x00000000f5980000,0x00000000fe080000)
  from space 8192K, 99% used [0x00000000fe980000,0x00000000ff17b728,0x00000000ff180000)
  to   space 9216K, 0% used [0x00000000fe080000,0x00000000fe080000,0x00000000fe980000)
 ParOldGen       total 22016K, used 14203K [0x00000000e0c00000, 0x00000000e2180000, 0x00000000f5980000)
  object space 22016K, 64% used [0x00000000e0c00000,0x00000000e19ded60,0x00000000e2180000)
 Metaspace       used 20646K, capacity 21150K, committed 21296K, reserved 1069056K
  class space    used 2541K, capacity 2670K, committed 2688K, reserved 1048576K
}
Event: 28,731 GC heap before
{Heap before GC invocations=9 (full 1):
 PSYoungGen      total 146432K, used 8173K [0x00000000f5980000, 0x00000000ff380000, 0x0000000100000000)
  eden space 138240K, 0% used [0x00000000f5980000,0x00000000f5980000,0x00000000fe080000)
  from space 8192K, 99% used [0x00000000fe980000,0x00000000ff17b728,0x00000000ff180000)
  to   space 9216K, 0% used [0x00000000fe080000,0x00000000fe080000,0x00000000fe980000)
 ParOldGen       total 22016K, used 14203K [0x00000000e0c00000, 0x00000000e2180000, 0x00000000f5980000)
  object space 22016K, 64% used [0x00000000e0c00000,0x00000000e19ded60,0x00000000e2180000)
 Metaspace       used 20646K, capacity 21150K, committed 21296K, reserved 1069056K
  class space    used 2541K, capacity 2670K, committed 2688K, reserved 1048576K
Event: 29,280 GC heap after
Heap after GC invocations=9 (full 1):
 PSYoungGen      total 146432K, used 0K [0x00000000f5980000, 0x00000000ff380000, 0x0000000100000000)
  eden space 138240K, 0% used [0x00000000f5980000,0x00000000f5980000,0x00000000fe080000)
  from space 8192K, 0% used [0x00000000fe980000,0x00000000fe980000,0x00000000ff180000)
  to   space 9216K, 0% used [0x00000000fe080000,0x00000000fe080000,0x00000000fe980000)
 ParOldGen       total 36352K, used 17742K [0x00000000e0c00000, 0x00000000e2f80000, 0x00000000f5980000)
  object space 36352K, 48% used [0x00000000e0c00000,0x00000000e1d53b68,0x00000000e2f80000)
 Metaspace       used 20646K, capacity 21150K, committed 21296K, reserved 1069056K
  class space    used 2541K, capacity 2670K, committed 2688K, reserved 1048576K
}
Event: 50,416 GC heap before
{Heap before GC invocations=10 (full 1):
 PSYoungGen      total 146432K, used 138240K [0x00000000f5980000, 0x00000000ff380000, 0x0000000100000000)
  eden space 138240K, 100% used [0x00000000f5980000,0x00000000fe080000,0x00000000fe080000)
  from space 8192K, 0% used [0x00000000fe980000,0x00000000fe980000,0x00000000ff180000)
  to   space 9216K, 0% used [0x00000000fe080000,0x00000000fe080000,0x00000000fe980000)
 ParOldGen       total 36352K, used 17742K [0x00000000e0c00000, 0x00000000e2f80000, 0x00000000f5980000)
  object space 36352K, 48% used [0x00000000e0c00000,0x00000000e1d53b68,0x00000000e2f80000)
 Metaspace       used 34792K, capacity 35340K, committed 35496K, reserved 1081344K
  class space    used 4058K, capacity 4243K, committed 4264K, reserved 1048576K
Event: 51,283 GC heap after
Heap after GC invocations=10 (full 1):
 PSYoungGen      total 147456K, used 9200K [0x00000000f5980000, 0x0000000100000000, 0x0000000100000000)
  eden space 138240K, 0% used [0x00000000f5980000,0x00000000f5980000,0x00000000fe080000)
  from space 9216K, 99% used [0x00000000fe080000,0x00000000fe97c058,0x00000000fe980000)
  to   space 18432K, 0% used [0x00000000fee00000,0x00000000fee00000,0x0000000100000000)
 ParOldGen       total 37376K, used 37167K [0x00000000e0c00000, 0x00000000e3080000, 0x00000000f5980000)
  object space 37376K, 99% used [0x00000000e0c00000,0x00000000e304bc08,0x00000000e3080000)
 Metaspace       used 34792K, capacity 35340K, committed 35496K, reserved 1081344K
  class space    used 4058K, capacity 4243K, committed 4264K, reserved 1048576K
}
Event: 51,308 GC heap before
{Heap before GC invocations=11 (full 2):
 PSYoungGen      total 147456K, used 9200K [0x00000000f5980000, 0x0000000100000000, 0x0000000100000000)
  eden space 138240K, 0% used [0x00000000f5980000,0x00000000f5980000,0x00000000fe080000)
  from space 9216K, 99% used [0x00000000fe080000,0x00000000fe97c058,0x00000000fe980000)
  to   space 18432K, 0% used [0x00000000fee00000,0x00000000fee00000,0x0000000100000000)
 ParOldGen       total 37376K, used 37167K [0x00000000e0c00000, 0x00000000e3080000, 0x00000000f5980000)
  object space 37376K, 99% used [0x00000000e0c00000,0x00000000e304bc08,0x00000000e3080000)
 Metaspace       used 34792K, capacity 35340K, committed 35496K, reserved 1081344K
  class space    used 4058K, capacity 4243K, committed 4264K, reserved 1048576K

Deoptimization events (10 events):
Event: 50,039 Thread 0x00007f1ba4009800 Uncommon trap: reason=class_check action=maybe_recompile pc=0x00007f1b951e831c method=com.sun.tools.javac.code.Type.containsAny(Lcom/sun/tools/javac/util/List;)Z @ 6
Event: 50,124 Thread 0x00007f1ba4009800 Uncommon trap: reason=class_check action=maybe_recompile pc=0x00007f1b951e831c method=com.sun.tools.javac.code.Type.containsAny(Lcom/sun/tools/javac/util/List;)Z @ 6
Event: 50,139 Thread 0x00007f1ba4009800 Uncommon trap: reason=class_check action=maybe_recompile pc=0x00007f1b951e831c method=com.sun.tools.javac.code.Type.containsAny(Lcom/sun/tools/javac/util/List;)Z @ 6
Event: 50,158 Thread 0x00007f1ba4009800 Uncommon trap: reason=class_check action=maybe_recompile pc=0x00007f1b951e831c method=com.sun.tools.javac.code.Type.containsAny(Lcom/sun/tools/javac/util/List;)Z @ 6
Event: 50,274 Thread 0x00007f1ba4009800 Uncommon trap: reason=class_check action=maybe_recompile pc=0x00007f1b953f2dfc method=com.sun.tools.javac.code.Type.isCompound()Z @ 14
Event: 50,335 Thread 0x00007f1ba4009800 Uncommon trap: reason=class_check action=maybe_recompile pc=0x00007f1b953f2dfc method=com.sun.tools.javac.code.Type.isCompound()Z @ 14
Event: 50,335 Thread 0x00007f1ba4009800 Uncommon trap: reason=class_check action=maybe_recompile pc=0x00007f1b953f2dfc method=com.sun.tools.javac.code.Type.isCompound()Z @ 14
Event: 50,403 Thread 0x00007f1ba4009800 Uncommon trap: reason=class_check action=maybe_recompile pc=0x00007f1b95347e04 method=com.sun.tools.javac.code.Types$19.visitClassType(Lcom/sun/tools/javac/code/Type$ClassType;Ljava/lang/Void;)Lcom/sun/tools/javac/util/List; @ 46
Event: 50,403 Thread 0x00007f1ba4009800 Uncommon trap: reason=class_check action=maybe_recompile pc=0x00007f1b9534d668 method=com.sun.tools.javac.code.Types$19.visitClassType(Lcom/sun/tools/javac/code/Type$ClassType;Ljava/lang/Void;)Lcom/sun/tools/javac/util/List; @ 46
Event: 50,405 Thread 0x00007f1ba4009800 Uncommon trap: reason=predicate action=maybe_recompile pc=0x00007f1b9541aac8 method=com.sun.tools.javac.code.Type.containsAny(Lcom/sun/tools/javac/util/List;)Z @ 14

Classes redefined (0 events):
No events

Internal exceptions (10 events):
Event: 33,211 Thread 0x00007f1ba4009800 Exception <a 'java/io/FileNotFoundException'> (0x00000000f7a9e968) thrown at [/HUDSON/workspace/8-2-build-linux-amd64/jdk8u201/12317/hotspot/src/share/vm/prims/jni.cpp, line 709]
Event: 37,752 Thread 0x00007f1ba4009800 Implicit null exception at 0x00007f1b948a8cbb to 0x00007f1b948a9249
Event: 44,714 Thread 0x00007f1ba4009800 Exception <a 'java/io/FileNotFoundException'> (0x00000000fbd6e650) thrown at [/HUDSON/workspace/8-2-build-linux-amd64/jdk8u201/12317/hotspot/src/share/vm/prims/jni.cpp, line 709]
Event: 44,715 Thread 0x00007f1ba4009800 Exception <a 'java/io/FileNotFoundException'> (0x00000000fbd6f0e8) thrown at [/HUDSON/workspace/8-2-build-linux-amd64/jdk8u201/12317/hotspot/src/share/vm/prims/jni.cpp, line 709]
Event: 44,715 Thread 0x00007f1ba4009800 Exception <a 'java/io/FileNotFoundException'> (0x00000000fbd70648) thrown at [/HUDSON/workspace/8-2-build-linux-amd64/jdk8u201/12317/hotspot/src/share/vm/prims/jni.cpp, line 709]
Event: 44,715 Thread 0x00007f1ba4009800 Exception <a 'java/io/FileNotFoundException'> (0x00000000fbd71178) thrown at [/HUDSON/workspace/8-2-build-linux-amd64/jdk8u201/12317/hotspot/src/share/vm/prims/jni.cpp, line 709]
Event: 47,224 Thread 0x00007f1ba4009800 Exception <a 'java/io/FileNotFoundException'> (0x00000000fc9b3820) thrown at [/HUDSON/workspace/8-2-build-linux-amd64/jdk8u201/12317/hotspot/src/share/vm/prims/jni.cpp, line 709]
Event: 47,224 Thread 0x00007f1ba4009800 Exception <a 'java/io/FileNotFoundException'> (0x00000000fc9b42b8) thrown at [/HUDSON/workspace/8-2-build-linux-amd64/jdk8u201/12317/hotspot/src/share/vm/prims/jni.cpp, line 709]
Event: 47,224 Thread 0x00007f1ba4009800 Exception <a 'java/io/FileNotFoundException'> (0x00000000fc9b5738) thrown at [/HUDSON/workspace/8-2-build-linux-amd64/jdk8u201/12317/hotspot/src/share/vm/prims/jni.cpp, line 709]
Event: 47,224 Thread 0x00007f1ba4009800 Exception <a 'java/io/FileNotFoundException'> (0x00000000fc9b6268) thrown at [/HUDSON/workspace/8-2-build-linux-amd64/jdk8u201/12317/hotspot/src/share/vm/prims/jni.cpp, line 709]

Events (10 events):
Event: 50,403 Thread 0x00007f1ba4009800 DEOPT UNPACKING pc=0x00007f1b945c373a sp=0x00007f1ba9f72f80 mode 2
Event: 50,403 Thread 0x00007f1ba4009800 Uncommon trap: trap_request=0xffffffde fr.pc=0x00007f1b9534d668
Event: 50,403 Thread 0x00007f1ba4009800 DEOPT PACKING pc=0x00007f1b9534d668 sp=0x00007f1ba9f728e0
Event: 50,403 Thread 0x00007f1ba4009800 DEOPT UNPACKING pc=0x00007f1b945c373a sp=0x00007f1ba9f728c0 mode 2
Event: 50,404 Thread 0x00007f1ba4009800 Uncommon trap: trap_request=0xffffff86 fr.pc=0x00007f1b9541aac8
Event: 50,405 Thread 0x00007f1ba4009800 DEOPT PACKING pc=0x00007f1b9541aac8 sp=0x00007f1ba9f734f0
Event: 50,405 Thread 0x00007f1ba4009800 DEOPT UNPACKING pc=0x00007f1b945c373a sp=0x00007f1ba9f734c0 mode 2
Event: 50,407 loading class com/sun/tools/javac/util/MandatoryWarningHandler$DeferredDiagnosticKind
Event: 50,407 loading class com/sun/tools/javac/util/MandatoryWarningHandler$DeferredDiagnosticKind done
Event: 50,415 Executing VM operation: ParallelGCFailedAllocation


Dynamic libraries:
00400000-00401000 r-xp 00000000 fd:03 58720629                           /home/java/jdk1.8.0_201/bin/java
00600000-00601000 r--p 00000000 fd:03 58720629                           /home/java/jdk1.8.0_201/bin/java
00601000-00602000 rw-p 00001000 fd:03 58720629                           /home/java/jdk1.8.0_201/bin/java
0134a000-0136b000 rw-p 00000000 00:00 0                                  [heap]
e0c00000-e3080000 rw-p 00000000 00:00 0 
e5100000-f5980000 ---p 00000000 00:00 0 
f5980000-100000000 rw-p 00000000 00:00 0 
100000000-10042a000 rw-p 00000000 00:00 0 
10042a000-140000000 ---p 00000000 00:00 0 
7f1b60000000-7f1b60021000 rw-p 00000000 00:00 0 
7f1b60021000-7f1b64000000 ---p 00000000 00:00 0 
7f1b64000000-7f1b64021000 rw-p 00000000 00:00 0 
7f1b64021000-7f1b68000000 ---p 00000000 00:00 0 
7f1b68000000-7f1b695a4000 rw-p 00000000 00:00 0 
7f1b695a4000-7f1b6c000000 ---p 00000000 00:00 0 
7f1b6c000000-7f1b6c8ee000 rw-p 00000000 00:00 0 
7f1b6c8ee000-7f1b70000000 ---p 00000000 00:00 0 
7f1b70000000-7f1b70021000 rw-p 00000000 00:00 0 
7f1b70021000-7f1b74000000 ---p 00000000 00:00 0 
7f1b74732000-7f1b747b2000 rw-p 00000000 00:00 0 
7f1b747b2000-7f1b74932000 ---p 00000000 00:00 0 
7f1b74932000-7f1b74b32000 rw-p 00000000 00:00 0 
7f1b74b32000-7f1b74d32000 rw-p 00000000 00:00 0 
7f1b74d32000-7f1b74f32000 rw-p 00000000 00:00 0 
7f1b74f32000-7f1b74f61000 r--s 003e4000 fd:03 51306653                   /home/java/.m2/repository/org/primefaces/primefaces/6.2/primefaces-6.2.jar
7f1b74f66000-7f1b74f88000 r--s 00120000 fd:03 51969580                   /home/java/.m2/repository/javax/javaee-web-api/7.0/javaee-web-api-7.0.jar
7f1b74f8f000-7f1b74fac000 r--s 00131000 fd:03 33560233                   /home/java/.m2/repository/org/eclipse/persistence/org.eclipse.persistence.jpa.jpql/2.5.2/org.eclipse.persistence.jpa.jpql-2.5.2.jar
7f1b74fb0000-7f1b74fb5000 r--s 0002a000 fd:03 25991425                   /home/java/.m2/repository/org/eclipse/persistence/org.eclipse.persistence.antlr/2.5.2/org.eclipse.persistence.antlr-2.5.2.jar
7f1b74fb6000-7f1b74fcc000 r--s 00138000 fd:03 16956609                   /home/java/.m2/repository/org/eclipse/persistence/org.eclipse.persistence.jpa/2.5.2/org.eclipse.persistence.jpa-2.5.2.jar
7f1b74fd2000-7f1b74fd9000 r--s 0003c000 fd:03 11513466                   /home/java/.m2/repository/org/eclipse/persistence/org.eclipse.persistence.asm/2.5.2/org.eclipse.persistence.asm-2.5.2.jar
7f1b74fdb000-7f1b75019000 r--s 00495000 fd:03 514123                     /home/java/.m2/repository/org/eclipse/persistence/org.eclipse.persistence.core/2.5.2/org.eclipse.persistence.core-2.5.2.jar
7f1b7501e000-7f1b7521e000 rw-p 00000000 00:00 0 
7f1b7521e000-7f1b75225000 r--s 00000000 fd:00 281884                     /usr/lib64/gconv/gconv-modules.cache
7f1b75226000-7f1b7524a000 r--p 00000000 fd:00 264146                     /usr/share/locale/pl/LC_MESSAGES/libc.mo
7f1b75250000-7f1b75450000 rw-p 00000000 00:00 0 
7f1b75450000-7f1b75453000 r--s 0001a000 fd:03 1079647                    /home/java/jdk1.8.0_201/jre/lib/jce.jar
7f1b75456000-7f1b754d2000 r--s 007c0000 fd:03 51139702                   /home/java/.m2/repository/org/eclipse/persistence/eclipselink/2.5.2/eclipselink-2.5.2.jar
7f1b754d6000-7f1b756d6000 rw-p 00000000 00:00 0 
7f1b756d6000-7f1b758d6000 rw-p 00000000 00:00 0 
7f1b758d6000-7f1b75ad6000 rw-p 00000000 00:00 0 
7f1b75ad6000-7f1b7bfff000 r--p 00000000 fd:00 182482                     /usr/lib/locale/locale-archive
7f1b7c000000-7f1b7c021000 rw-p 00000000 00:00 0 
7f1b7c021000-7f1b80000000 ---p 00000000 00:00 0 
7f1b80000000-7f1b80021000 rw-p 00000000 00:00 0 
7f1b80021000-7f1b84000000 ---p 00000000 00:00 0 
7f1b84000000-7f1b84021000 rw-p 00000000 00:00 0 
7f1b84021000-7f1b88000000 ---p 00000000 00:00 0 
7f1b88000000-7f1b88313000 rw-p 00000000 00:00 0 
7f1b88313000-7f1b8c000000 ---p 00000000 00:00 0 
7f1b8c000000-7f1b8c021000 rw-p 00000000 00:00 0 
7f1b8c021000-7f1b90000000 ---p 00000000 00:00 0 
7f1b90002000-7f1b90003000 r--s 0000c000 fd:03 58791692                   /home/java/.m2/repository/org/eclipse/persistence/org.eclipse.persistence.jpa.modelgen.processor/2.5.2/org.eclipse.persistence.jpa.modelgen.processor-2.5.2.jar
7f1b9000a000-7f1b9000c000 r--s 00004000 fd:03 50894024                   /home/java/.m2/repository/org/eclipse/persistence/commonj.sdo/2.1.1/commonj.sdo-2.1.1.jar
7f1b90010000-7f1b90016000 r--s 00022000 fd:03 33639583                   /home/java/.m2/repository/org/eclipse/persistence/javax.persistence/2.1.0/javax.persistence-2.1.0.jar
7f1b9001b000-7f1b90094000 r--s 010fd000 fd:03 34741344                   /home/java/jdk1.8.0_201/lib/tools.jar
7f1b90099000-7f1b9009c000 r--s 0001b000 fd:03 42124244                   /home/java/.m2/repository/junit/junit/3.8.2/junit-3.8.2.jar
7f1b9009d000-7f1b900ab000 r--s 0008f000 fd:03 17384997                   /home/java/.m2/repository/com/google/collections/google-collections/1.0/google-collections-1.0.jar
7f1b900b0000-7f1b900b1000 r--s 0000a000 fd:03 50631719                   /home/java/.m2/repository/commons-logging/commons-logging-api/1.1/commons-logging-api-1.1.jar
7f1b900b7000-7f1b900be000 r--s 00051000 fd:03 25873353                   /home/java/.m2/repository/log4j/log4j/1.2.12/log4j-1.2.12.jar
7f1b900c3000-7f1b900c7000 r--s 0001d000 fd:03 42124226                   /home/java/.m2/repository/org/apache/xbean/xbean-reflect/3.4/xbean-reflect-3.4.jar
7f1b900ca000-7f1b900cb000 r--s 00004000 fd:03 42119839                   /home/java/.m2/repository/org/codehaus/plexus/plexus-compiler-javac/2.2/plexus-compiler-javac-2.2.jar
7f1b900ce000-7f1b900d0000 r--s 00000000 fd:03 33619081                   /home/java/.m2/repository/org/codehaus/plexus/plexus-compiler-manager/2.2/plexus-compiler-manager-2.2.jar
7f1b900d3000-7f1b900d5000 r--s 00005000 fd:03 17384993                   /home/java/.m2/repository/org/codehaus/plexus/plexus-compiler-api/2.2/plexus-compiler-api-2.2.jar
7f1b900d8000-7f1b900da000 r--s 00002000 fd:03 42080408                   /home/java/.m2/repository/org/apache/maven/shared/maven-shared-incremental/1.1/maven-shared-incremental-1.1.jar
7f1b900dc000-7f1b900de000 r--s 00006000 fd:03 33619084                   /home/java/.m2/repository/com/google/code/findbugs/jsr305/2.0.1/jsr305-2.0.1.jar
7f1b900e1000-7f1b900e4000 r--s 00023000 fd:03 33619082                   /home/java/.m2/repository/org/apache/maven/shared/maven-shared-utils/0.1/maven-shared-utils-0.1.jar
7f1b900e6000-7f1b900ea000 r--s 00030000 fd:03 42119836                   /home/java/.m2/repository/org/codehaus/plexus/plexus-utils/1.5.1/plexus-utils-1.5.1.jar
7f1b900ef000-7f1b900f1000 r--s 00009000 fd:03 33590286                   /home/java/.m2/repository/org/apache/maven/plugins/maven-compiler-plugin/3.1/maven-compiler-plugin-3.1.jar
7f1b900f3000-7f1b900f5000 r--s 0000d000 fd:03 42077970                   /home/java/.m2/repository/org/codehaus/plexus/plexus-interpolation/1.13/plexus-interpolation-1.13.jar
7f1b900f7000-7f1b900f8000 r--s 00001000 fd:03 34741205                   /home/java/.m2/repository/org/sonatype/plexus/plexus-build-api/0.0.4/plexus-build-api-0.0.4.jar
7f1b900ff000-7f1b90101000 r--s 00009000 fd:03 34741203                   /home/java/.m2/repository/org/apache/maven/shared/maven-filtering/1.1/maven-filtering-1.1.jar
7f1b90101000-7f1b90105000 r--s 00033000 fd:03 654836                     /home/java/.m2/repository/org/codehaus/plexus/plexus-utils/2.0.5/plexus-utils-2.0.5.jar
7f1b90107000-7f1b90108000 r--s 00001000 fd:03 51969621                   /home/java/.m2/repository/org/apache/maven/doxia/doxia-sink-api/1.0-alpha-7/doxia-sink-api-1.0-alpha-7.jar
7f1b90108000-7f1b90109000 r--s 00002000 fd:03 10503883                   /home/java/.m2/repository/org/apache/maven/reporting/maven-reporting-api/2.0.6/maven-reporting-api-2.0.6.jar
7f1b9010c000-7f1b9010e000 r--s 00006000 fd:03 8390086                    /home/java/.m2/repository/org/apache/maven/plugins/maven-resources-plugin/2.6/maven-resources-plugin-2.6.jar
7f1b90115000-7f1b90123000 r--s 0007f000 fd:03 10396585                   /home/java/.m2/repository/commons-collections/commons-collections/3.2.1/commons-collections-3.2.1.jar
7f1b90127000-7f1b9012c000 r--s 00041000 fd:03 489678                     /home/java/.m2/repository/commons-lang/commons-lang/2.6/commons-lang-2.6.jar
7f1b9012c000-7f1b9012e000 r--s 00006000 fd:03 58829285                   /home/java/.m2/repository/org/apache/maven/shared/maven-invoker/2.0.11/maven-invoker-2.0.11.jar
7f1b90134000-7f1b90136000 r--s 00006000 fd:03 21378650                   /home/java/.m2/repository/org/apache/maven/shared/maven-common-artifact-filters/1.4/maven-common-artifact-filters-1.4.jar
7f1b9013a000-7f1b9013c000 r--s 0000c000 fd:03 489676                     /home/java/.m2/repository/org/apache/maven/shared/maven-dependency-tree/2.0/maven-dependency-tree-2.0.jar
7f1b9013e000-7f1b90140000 r--s 00000000 fd:03 1079600                    /home/java/.m2/repository/org/codehaus/plexus/plexus-component-annotations/1.5.5/plexus-component-annotations-1.5.5.jar
7f1b90140000-7f1b90141000 r--s 0000a000 fd:03 33583731                   /home/java/.m2/repository/asm/asm/3.3.1/asm-3.3.1.jar
7f1b90143000-7f1b90145000 r--s 00005000 fd:03 10396583                   /home/java/.m2/repository/org/apache/maven/shared/maven-dependency-analyzer/1.3/maven-dependency-analyzer-1.3.jar
7f1b9014a000-7f1b9014d000 r--s 0000c000 fd:03 50893476                   /home/java/.m2/repository/org/codehaus/plexus/plexus-io/2.0.6/plexus-io-2.0.6.jar
7f1b90151000-7f1b90154000 r--s 0001b000 fd:03 11357219                   /home/java/.m2/repository/junit/junit/3.8.1/junit-3.8.1.jar
7f1b90156000-7f1b90158000 r--s 00008000 fd:03 50893473                   /home/java/.m2/repository/org/apache/maven/shared/maven-shared-io/1.1/maven-shared-io-1.1.jar
7f1b9015e000-7f1b90160000 r--s 00008000 fd:03 21378649                   /home/java/.m2/repository/org/apache/maven/shared/file-management/1.2.1/file-management-1.2.1.jar
7f1b90163000-7f1b90167000 r--s 00035000 fd:03 489672                     /home/java/.m2/repository/org/codehaus/plexus/plexus-utils/3.0.9/plexus-utils-3.0.9.jar
7f1b90167000-7f1b9016c000 r--s 00029000 fd:03 33583728                   /home/java/.m2/repository/org/codehaus/plexus/plexus-archiver/2.2/plexus-archiver-2.2.jar
7f1b90172000-7f1b90174000 r--s 00004000 fd:03 21378646                   /home/java/.m2/repository/org/apache/maven/doxia/doxia-module-xhtml/1.0/doxia-module-xhtml-1.0.jar
7f1b90174000-7f1b90175000 r--s 00006000 fd:03 489669                     /home/java/.m2/repository/org/apache/maven/doxia/doxia-module-xdoc/1.0/doxia-module-xdoc-1.0.jar
7f1b9017a000-7f1b9017b000 r--s 00004000 fd:03 50893471                   /home/java/.m2/repository/org/apache/maven/doxia/doxia-module-fml/1.0/doxia-module-fml-1.0.jar
7f1b90180000-7f1b90182000 r--s 0000a000 fd:03 21378645                   /home/java/.m2/repository/org/apache/maven/doxia/doxia-module-apt/1.0/doxia-module-apt-1.0.jar
7f1b90189000-7f1b9018a000 r--s 0000b000 fd:03 58829283                   /home/java/.m2/repository/org/apache/maven/doxia/doxia-decoration-model/1.0/doxia-decoration-model-1.0.jar
7f1b9018e000-7f1b90196000 r--s 00058000 fd:03 58829281                   /home/java/.m2/repository/org/apache/velocity/velocity/1.5/velocity-1.5.jar
7f1b90197000-7f1b90198000 r--s 00001000 fd:03 58829055                   /home/java/.m2/repository/org/codehaus/plexus/plexus-velocity/1.1.7/plexus-velocity-1.1.7.jar
7f1b90198000-7f1b90199000 r--s 00002000 fd:03 33583726                   /home/java/.m2/repository/org/codehaus/plexus/plexus-i18n/1.0-beta-7/plexus-i18n-1.0-beta-7.jar
7f1b901a0000-7f1b901a2000 r--s 0000a000 fd:03 489667                     /home/java/.m2/repository/org/apache/maven/doxia/doxia-site-renderer/1.0/doxia-site-renderer-1.0.jar
7f1b901a8000-7f1b901a9000 r--s 00002000 fd:03 29576375                   /home/java/.m2/repository/org/apache/maven/doxia/doxia-sink-api/1.0/doxia-sink-api-1.0.jar
7f1b901ac000-7f1b901b1000 r--s 00016000 fd:03 10396581                   /home/java/.m2/repository/xml-apis/xml-apis/1.0.b2/xml-apis-1.0.b2.jar
7f1b901b4000-7f1b901b6000 r--s 0000e000 fd:03 42402828                   /home/java/.m2/repository/oro/oro/2.0.8/oro-2.0.8.jar
7f1b901b6000-7f1b901b8000 r--s 00008000 fd:03 21378642                   /home/java/.m2/repository/commons-logging/commons-logging/1.0.4/commons-logging-1.0.4.jar
7f1b901bc000-7f1b901c0000 r--s 00026000 fd:03 21378640                   /home/java/.m2/repository/commons-digester/commons-digester/1.6/commons-digester-1.6.jar
7f1b901c0000-7f1b901c5000 r--s 0002a000 fd:03 42402823                   /home/java/.m2/repository/commons-beanutils/commons-beanutils/1.7.0/commons-beanutils-1.7.0.jar
7f1b901ca000-7f1b901cd000 r--s 00014000 fd:03 21378638                   /home/java/.m2/repository/commons-validator/commons-validator/1.2.0/commons-validator-1.2.0.jar
7f1b901ce000-7f1b901d1000 r--s 00018000 fd:03 50893469                   /home/java/.m2/repository/commons-io/commons-io/1.4/commons-io-1.4.jar
7f1b901d7000-7f1b901d9000 r--s 00009000 fd:03 33583724                   /home/java/.m2/repository/org/apache/maven/shared/maven-doxia-tools/1.0.2/maven-doxia-tools-1.0.2.jar
7f1b901d9000-7f1b901dc000 r--s 0000b000 fd:03 10396579                   /home/java/.m2/repository/org/apache/maven/doxia/doxia-core/1.0/doxia-core-1.0.jar
7f1b901e2000-7f1b901e4000 r--s 00004000 fd:03 58829053                   /home/java/.m2/repository/org/apache/maven/reporting/maven-reporting-impl/2.0.5/maven-reporting-impl-2.0.5.jar
7f1b901e8000-7f1b901e9000 r--s 00002000 fd:03 489665                     /home/java/.m2/repository/org/apache/maven/reporting/maven-reporting-api/3.0/maven-reporting-api-3.0.jar
7f1b901f0000-7f1b901f2000 r--s 00002000 fd:03 25322911                   /home/java/.m2/repository/org/codehaus/plexus/plexus-interactivity-api/1.0-alpha-4/plexus-interactivity-api-1.0-alpha-4.jar
7f1b901f4000-7f1b901f6000 r--s 00006000 fd:03 51969624                   /home/java/.m2/repository/commons-cli/commons-cli/1.0/commons-cli-1.0.jar
7f1b901f7000-7f1b901fa000 r--s 00021000 fd:03 20393982                   /home/java/.m2/repository/org/apache/maven/plugins/maven-dependency-plugin/2.6/maven-dependency-plugin-2.6.jar
7f1b901fa000-7f1b901fe000 r--s 00034000 fd:03 50631726                   /home/java/.m2/repository/org/codehaus/plexus/plexus-utils/3.0/plexus-utils-3.0.jar
7f1b901fe000-7f1b9020f000 r-xp 00000000 fd:03 50487596                   /home/java/jdk1.8.0_201/jre/lib/amd64/libnio.so
7f1b9020f000-7f1b9040e000 ---p 00011000 fd:03 50487596                   /home/java/jdk1.8.0_201/jre/lib/amd64/libnio.so
7f1b9040e000-7f1b9040f000 r--p 00010000 fd:03 50487596                   /home/java/jdk1.8.0_201/jre/lib/amd64/libnio.so
7f1b9040f000-7f1b90410000 rw-p 00011000 fd:03 50487596                   /home/java/jdk1.8.0_201/jre/lib/amd64/libnio.so
7f1b90416000-7f1b9042c000 r-xp 00000000 fd:03 50487593                   /home/java/jdk1.8.0_201/jre/lib/amd64/libnet.so
7f1b9042c000-7f1b9062c000 ---p 00016000 fd:03 50487593                   /home/java/jdk1.8.0_201/jre/lib/amd64/libnet.so
7f1b9062c000-7f1b9062d000 r--p 00016000 fd:03 50487593                   /home/java/jdk1.8.0_201/jre/lib/amd64/libnet.so
7f1b9062d000-7f1b9062e000 rw-p 00017000 fd:03 50487593                   /home/java/jdk1.8.0_201/jre/lib/amd64/libnet.so
7f1b9062f000-7f1b9082f000 rw-p 00000000 00:00 0 
7f1b9082f000-7f1b90833000 r--s 000a1000 fd:03 1079627                    /home/java/jdk1.8.0_201/jre/lib/jsse.jar
7f1b90839000-7f1b90a39000 rw-p 00000000 00:00 0 
7f1b90a39000-7f1b90c39000 rw-p 00000000 00:00 0 
7f1b90c39000-7f1b90c55000 r--s 00393000 fd:03 33556837                   /home/java/jdk1.8.0_201/jre/lib/ext/cldrdata.jar
7f1b90c56000-7f1b90c58000 r-xp 00000000 fd:00 135046                     /usr/lib64/libutil-2.17.so
7f1b90c58000-7f1b90e57000 ---p 00002000 fd:00 135046                     /usr/lib64/libutil-2.17.so
7f1b90e57000-7f1b90e58000 r--p 00001000 fd:00 135046                     /usr/lib64/libutil-2.17.so
7f1b90e58000-7f1b90e59000 rw-p 00002000 fd:00 135046                     /usr/lib64/libutil-2.17.so
7f1b90e5b000-7f1b90e5d000 r--s 00005000 fd:03 11705871                   /home/java/.m2/repository/org/apache/maven/plugins/maven-clean-plugin/2.5/maven-clean-plugin-2.5.jar
7f1b90e63000-7f1b90e65000 r--s 0000d000 fd:03 25214766                   /home/java/netbeans-8.2/java/maven-nblib/netbeans-eventspy.jar
7f1b90e6c000-7f1b90e76000 r--s 00116000 fd:03 33556844                   /home/java/jdk1.8.0_201/jre/lib/ext/localedata.jar
7f1b90e76000-7f1b90e79000 r-xp 00000000 fd:03 59102746                   /home/java/apache-maven-3.6.0/lib/jansi-native/linux64/libjansi.so
7f1b90e79000-7f1b91078000 ---p 00003000 fd:03 59102746                   /home/java/apache-maven-3.6.0/lib/jansi-native/linux64/libjansi.so
7f1b91078000-7f1b91079000 rw-p 00002000 fd:03 59102746                   /home/java/apache-maven-3.6.0/lib/jansi-native/linux64/libjansi.so
7f1b91080000-7f1b91084000 r--s 00042000 fd:03 17396599                   /home/java/apache-maven-3.6.0/lib/jansi-1.17.1.jar
7f1b9108b000-7f1b9108c000 r--s 00005000 fd:03 17396598                   /home/java/apache-maven-3.6.0/lib/maven-slf4j-provider-3.6.0.jar
7f1b9108c000-7f1b9108e000 r--s 00006000 fd:03 17396597                   /home/java/apache-maven-3.6.0/lib/maven-resolver-transport-wagon-1.3.1.jar
7f1b9108f000-7f1b91091000 r--s 00009000 fd:03 17396596                   /home/java/apache-maven-3.6.0/lib/maven-resolver-connector-basic-1.3.1.jar
7f1b91098000-7f1b91099000 r--s 00002000 fd:03 17396595                   /home/java/apache-maven-3.6.0/lib/wagon-file-3.2.0.jar
7f1b91099000-7f1b9109b000 r--s 00003000 fd:03 17396594                   /home/java/apache-maven-3.6.0/lib/jcl-over-slf4j-1.7.25.jar
7f1b9109d000-7f1b910ca000 r--s 001df000 fd:03 17396593                   /home/java/apache-maven-3.6.0/lib/wagon-http-3.2.0-shaded.jar
7f1b910ca000-7f1b910cc000 r--s 0000c000 fd:03 17396592                   /home/java/apache-maven-3.6.0/lib/wagon-provider-api-3.2.0.jar
7f1b910cf000-7f1b910d6000 r--s 00041000 fd:03 17396591                   /home/java/apache-maven-3.6.0/lib/maven-compat-3.6.0.jar
7f1b910da000-7f1b910dc000 r--s 0000c000 fd:03 17396590                   /home/java/apache-maven-3.6.0/lib/commons-cli-1.4.jar
7f1b910de000-7f1b910df000 r--s 00000000 fd:03 17396589                   /home/java/apache-maven-3.6.0/lib/animal-sniffer-annotations-1.14.jar
7f1b910df000-7f1b910e1000 r--s 00001000 fd:03 17261598                   /home/java/apache-maven-3.6.0/lib/j2objc-annotations-1.1.jar
7f1b910e8000-7f1b910ea000 r--s 00002000 fd:03 17261581                   /home/java/apache-maven-3.6.0/lib/error_prone_annotations-2.1.3.jar
7f1b910ec000-7f1b910ee000 r--s 00006000 fd:03 17113290                   /home/java/apache-maven-3.6.0/lib/checker-compat-qual-2.0.0.jar
7f1b910f1000-7f1b910f3000 r--s 00003000 fd:03 17113289                   /home/java/apache-maven-3.6.0/lib/jsr305-3.0.2.jar
7f1b910f7000-7f1b91127000 r--s 00249000 fd:03 17113288                   /home/java/apache-maven-3.6.0/lib/guava-25.1-android.jar
7f1b9112e000-7f1b91130000 r--s 00000000 fd:03 17113287                   /home/java/apache-maven-3.6.0/lib/aopalliance-1.0.jar
7f1b91133000-7f1b9113e000 r--s 00075000 fd:03 17113275                   /home/java/apache-maven-3.6.0/lib/guice-4.2.1-no_aop.jar
7f1b91145000-7f1b91149000 r--s 0002f000 fd:03 17113274                   /home/java/apache-maven-3.6.0/lib/commons-io-2.5.jar
7f1b9114c000-7f1b9114f000 r--s 00026000 fd:03 17113273                   /home/java/apache-maven-3.6.0/lib/maven-shared-utils-3.2.1.jar
7f1b9114f000-7f1b91151000 r--s 00009000 fd:03 17113255                   /home/java/apache-maven-3.6.0/lib/slf4j-api-1.7.25.jar
7f1b91157000-7f1b9115b000 r--s 00029000 fd:03 17113253                   /home/java/apache-maven-3.6.0/lib/maven-resolver-impl-1.3.1.jar
7f1b91161000-7f1b91166000 r--s 00023000 fd:03 17113251                   /home/java/apache-maven-3.6.0/lib/maven-resolver-util-1.3.1.jar
7f1b9116d000-7f1b91170000 r--s 00007000 fd:03 17113250                   /home/java/apache-maven-3.6.0/lib/maven-resolver-spi-1.3.1.jar
7f1b91176000-7f1b9117b000 r--s 00020000 fd:03 17113249                   /home/java/apache-maven-3.6.0/lib/maven-resolver-api-1.3.1.jar
7f1b9117d000-7f1b9117f000 r--s 0000f000 fd:03 17113248                   /home/java/apache-maven-3.6.0/lib/maven-resolver-provider-3.6.0.jar
7f1b91185000-7f1b9118a000 r--s 00027000 fd:03 17082527                   /home/java/apache-maven-3.6.0/lib/maven-model-builder-3.6.0.jar
7f1b9118c000-7f1b91193000 r--s 00056000 fd:03 17082524                   /home/java/apache-maven-3.6.0/lib/org.eclipse.sisu.inject-0.3.3.jar
7f1b91196000-7f1b91197000 r--s 00000000 fd:03 17082523                   /home/java/apache-maven-3.6.0/lib/javax.inject-1.jar
7f1b91197000-7f1b91198000 r--s 00001000 fd:03 17082522                   /home/java/apache-maven-3.6.0/lib/jsr250-api-1.0.jar
7f1b9119e000-7f1b911a1000 r--s 00008000 fd:03 17082521                   /home/java/apache-maven-3.6.0/lib/cdi-api-1.0.jar
7f1b911a3000-7f1b911a9000 r--s 0002d000 fd:03 17082520                   /home/java/apache-maven-3.6.0/lib/org.eclipse.sisu.plexus-0.3.3.jar
7f1b911b0000-7f1b911b2000 r--s 0000a000 fd:03 17082517                   /home/java/apache-maven-3.6.0/lib/maven-plugin-api-3.6.0.jar
7f1b911b9000-7f1b911c1000 r--s 00073000 fd:03 17082512                   /home/java/apache-maven-3.6.0/lib/commons-lang3-3.8.1.jar
7f1b911c2000-7f1b911c4000 r--s 0000c000 fd:03 17082511                   /home/java/apache-maven-3.6.0/lib/maven-artifact-3.6.0.jar
7f1b911c4000-7f1b911c5000 r--s 00006000 fd:03 17082510                   /home/java/apache-maven-3.6.0/lib/maven-repository-metadata-3.6.0.jar
7f1b911c5000-7f1b911c7000 r--s 00027000 fd:03 17082509                   /home/java/apache-maven-3.6.0/lib/maven-model-3.6.0.jar
7f1b911cc000-7f1b911d9000 r--s 0008e000 fd:03 17082508                   /home/java/apache-maven-3.6.0/lib/maven-core-3.6.0.jar
7f1b911e0000-7f1b911e2000 r--s 00002000 fd:03 17082507                   /home/java/apache-maven-3.6.0/lib/plexus-cipher-1.7.jar
7f1b911e4000-7f1b911e5000 r--s 00006000 fd:03 17082506                   /home/java/apache-maven-3.6.0/lib/plexus-sec-dispatcher-1.4.jar
7f1b911e6000-7f1b911e8000 r--s 00000000 fd:03 17082505                   /home/java/apache-maven-3.6.0/lib/plexus-component-annotations-1.7.1.jar
7f1b911e8000-7f1b911eb000 r--s 00012000 fd:03 17082504                   /home/java/apache-maven-3.6.0/lib/plexus-interpolation-1.25.jar
7f1b911ef000-7f1b911f1000 r--s 00009000 fd:03 17082502                   /home/java/apache-maven-3.6.0/lib/maven-settings-builder-3.6.0.jar
7f1b911f4000-7f1b911f5000 ---p 00000000 00:00 0 
7f1b911f5000-7f1b912f5000 rw-p 00000000 00:00 0 
7f1b912f5000-7f1b912f8000 ---p 00000000 00:00 0 
7f1b912f8000-7f1b913f6000 rw-p 00000000 00:00 0 
7f1b913f6000-7f1b913fa000 ---p 00000000 00:00 0 
7f1b913fa000-7f1b914f7000 rw-p 00000000 00:00 0 
7f1b914f7000-7f1b914fb000 ---p 00000000 00:00 0 
7f1b914fb000-7f1b915f8000 rw-p 00000000 00:00 0 
7f1b915f8000-7f1b915fb000 ---p 00000000 00:00 0 
7f1b915fb000-7f1b916f9000 rw-p 00000000 00:00 0 
7f1b916f9000-7f1b916fc000 ---p 00000000 00:00 0 
7f1b916fc000-7f1b917fa000 rw-p 00000000 00:00 0 
7f1b917fa000-7f1b917fd000 ---p 00000000 00:00 0 
7f1b917fd000-7f1b918fb000 rw-p 00000000 00:00 0 
7f1b918fb000-7f1b918fc000 ---p 00000000 00:00 0 
7f1b918fc000-7f1b92375000 rw-p 00000000 00:00 0 
7f1b92375000-7f1b9254f000 r--s 03d6f000 fd:03 1079612                    /home/java/jdk1.8.0_201/jre/lib/rt.jar
7f1b92556000-7f1b93ec1000 rw-p 00000000 00:00 0 
7f1b93ec1000-7f1b93ec2000 ---p 00000000 00:00 0 
7f1b93ec2000-7f1b93fc2000 rw-p 00000000 00:00 0 
7f1b93fc2000-7f1b93fc3000 ---p 00000000 00:00 0 
7f1b93fc3000-7f1b940d6000 rw-p 00000000 00:00 0 
7f1b940d6000-7f1b94169000 ---p 00000000 00:00 0 
7f1b94169000-7f1b941bd000 rw-p 00000000 00:00 0 
7f1b941bd000-7f1b941f9000 rw-p 00000000 00:00 0 
7f1b941f9000-7f1b9457e000 ---p 00000000 00:00 0 
7f1b9457e000-7f1b9542e000 rwxp 00000000 00:00 0 
7f1b9542e000-7f1ba357e000 ---p 00000000 00:00 0 
7f1ba357e000-7f1ba3599000 r-xp 00000000 fd:03 50487589                   /home/java/jdk1.8.0_201/jre/lib/amd64/libzip.so
7f1ba3599000-7f1ba3798000 ---p 0001b000 fd:03 50487589                   /home/java/jdk1.8.0_201/jre/lib/amd64/libzip.so
7f1ba3798000-7f1ba3799000 r--p 0001a000 fd:03 50487589                   /home/java/jdk1.8.0_201/jre/lib/amd64/libzip.so
7f1ba3799000-7f1ba379a000 rw-p 0001b000 fd:03 50487589                   /home/java/jdk1.8.0_201/jre/lib/amd64/libzip.so
7f1ba379e000-7f1ba37aa000 r-xp 00000000 fd:00 182496                     /usr/lib64/libnss_files-2.17.so
7f1ba37aa000-7f1ba39a9000 ---p 0000c000 fd:00 182496                     /usr/lib64/libnss_files-2.17.so
7f1ba39a9000-7f1ba39aa000 r--p 0000b000 fd:00 182496                     /usr/lib64/libnss_files-2.17.so
7f1ba39aa000-7f1ba39ab000 rw-p 0000c000 fd:00 182496                     /usr/lib64/libnss_files-2.17.so
7f1ba39ab000-7f1ba39b1000 rw-p 00000000 00:00 0 
7f1ba39b6000-7f1ba39e2000 r-xp 00000000 fd:03 50487583                   /home/java/jdk1.8.0_201/jre/lib/amd64/libjava.so
7f1ba39e2000-7f1ba3be2000 ---p 0002c000 fd:03 50487583                   /home/java/jdk1.8.0_201/jre/lib/amd64/libjava.so
7f1ba3be2000-7f1ba3be3000 r--p 0002c000 fd:03 50487583                   /home/java/jdk1.8.0_201/jre/lib/amd64/libjava.so
7f1ba3be3000-7f1ba3be5000 rw-p 0002d000 fd:03 50487583                   /home/java/jdk1.8.0_201/jre/lib/amd64/libjava.so
7f1ba3be6000-7f1ba3bf3000 r-xp 00000000 fd:03 50487588                   /home/java/jdk1.8.0_201/jre/lib/amd64/libverify.so
7f1ba3bf3000-7f1ba3df2000 ---p 0000d000 fd:03 50487588                   /home/java/jdk1.8.0_201/jre/lib/amd64/libverify.so
7f1ba3df2000-7f1ba3df4000 r--p 0000c000 fd:03 50487588                   /home/java/jdk1.8.0_201/jre/lib/amd64/libverify.so
7f1ba3df4000-7f1ba3df5000 rw-p 0000e000 fd:03 50487588                   /home/java/jdk1.8.0_201/jre/lib/amd64/libverify.so
7f1ba3df6000-7f1ba3dfd000 r-xp 00000000 fd:00 182502                     /usr/lib64/librt-2.17.so
7f1ba3dfd000-7f1ba3ffc000 ---p 00007000 fd:00 182502                     /usr/lib64/librt-2.17.so
7f1ba3ffc000-7f1ba3ffd000 r--p 00006000 fd:00 182502                     /usr/lib64/librt-2.17.so
7f1ba3ffd000-7f1ba3ffe000 rw-p 00007000 fd:00 182502                     /usr/lib64/librt-2.17.so
7f1ba4000000-7f1ba527a000 rw-p 00000000 00:00 0 
7f1ba527a000-7f1ba8000000 ---p 00000000 00:00 0 
7f1ba8002000-7f1ba8006000 r--s 0003c000 fd:03 17082501                   /home/java/apache-maven-3.6.0/lib/plexus-utils-3.1.0.jar
7f1ba800c000-7f1ba804e000 rw-p 00000000 00:00 0 
7f1ba804e000-7f1ba814f000 r-xp 00000000 fd:00 182490                     /usr/lib64/libm-2.17.so
7f1ba814f000-7f1ba834e000 ---p 00101000 fd:00 182490                     /usr/lib64/libm-2.17.so
7f1ba834e000-7f1ba834f000 r--p 00100000 fd:00 182490                     /usr/lib64/libm-2.17.so
7f1ba834f000-7f1ba8350000 rw-p 00101000 fd:00 182490                     /usr/lib64/libm-2.17.so
7f1ba8356000-7f1ba903e000 r-xp 00000000 fd:03 1079642                    /home/java/jdk1.8.0_201/jre/lib/amd64/server/libjvm.so
7f1ba903e000-7f1ba923d000 ---p 00ce8000 fd:03 1079642                    /home/java/jdk1.8.0_201/jre/lib/amd64/server/libjvm.so
7f1ba923d000-7f1ba92d3000 r--p 00ce7000 fd:03 1079642                    /home/java/jdk1.8.0_201/jre/lib/amd64/server/libjvm.so
7f1ba92d3000-7f1ba9304000 rw-p 00d7d000 fd:03 1079642                    /home/java/jdk1.8.0_201/jre/lib/amd64/server/libjvm.so
7f1ba9304000-7f1ba933f000 rw-p 00000000 00:00 0 
7f1ba9346000-7f1ba9508000 r-xp 00000000 fd:00 133474                     /usr/lib64/libc-2.17.so
7f1ba9508000-7f1ba9708000 ---p 001c2000 fd:00 133474                     /usr/lib64/libc-2.17.so
7f1ba9708000-7f1ba970c000 r--p 001c2000 fd:00 133474                     /usr/lib64/libc-2.17.so
7f1ba970c000-7f1ba970e000 rw-p 001c6000 fd:00 133474                     /usr/lib64/libc-2.17.so
7f1ba970e000-7f1ba9713000 rw-p 00000000 00:00 0 
7f1ba9716000-7f1ba9718000 r-xp 00000000 fd:00 182488                     /usr/lib64/libdl-2.17.so
7f1ba9718000-7f1ba9918000 ---p 00002000 fd:00 182488                     /usr/lib64/libdl-2.17.so
7f1ba9918000-7f1ba9919000 r--p 00002000 fd:00 182488                     /usr/lib64/libdl-2.17.so
7f1ba9919000-7f1ba991a000 rw-p 00003000 fd:00 182488                     /usr/lib64/libdl-2.17.so
7f1ba991e000-7f1ba9935000 r-xp 00000000 fd:03 9496009                    /home/java/jdk1.8.0_201/lib/amd64/jli/libjli.so
7f1ba9935000-7f1ba9b34000 ---p 00017000 fd:03 9496009                    /home/java/jdk1.8.0_201/lib/amd64/jli/libjli.so
7f1ba9b34000-7f1ba9b35000 r--p 00016000 fd:03 9496009                    /home/java/jdk1.8.0_201/lib/amd64/jli/libjli.so
7f1ba9b35000-7f1ba9b36000 rw-p 00017000 fd:03 9496009                    /home/java/jdk1.8.0_201/lib/amd64/jli/libjli.so
7f1ba9b36000-7f1ba9b4d000 r-xp 00000000 fd:00 134878                     /usr/lib64/libpthread-2.17.so
7f1ba9b4d000-7f1ba9d4c000 ---p 00017000 fd:00 134878                     /usr/lib64/libpthread-2.17.so
7f1ba9d4c000-7f1ba9d4d000 r--p 00016000 fd:00 134878                     /usr/lib64/libpthread-2.17.so
7f1ba9d4d000-7f1ba9d4e000 rw-p 00017000 fd:00 134878                     /usr/lib64/libpthread-2.17.so
7f1ba9d4e000-7f1ba9d52000 rw-p 00000000 00:00 0 
7f1ba9d56000-7f1ba9d78000 r-xp 00000000 fd:00 134063                     /usr/lib64/ld-2.17.so
7f1ba9d79000-7f1ba9d7a000 r--s 00003000 fd:03 17082503                   /home/java/apache-maven-3.6.0/lib/maven-builder-support-3.6.0.jar
7f1ba9d80000-7f1ba9d81000 r--s 0000a000 fd:03 17082500                   /home/java/apache-maven-3.6.0/lib/maven-settings-3.6.0.jar
7f1ba9d84000-7f1ba9d87000 r--s 00016000 fd:03 17082499                   /home/java/apache-maven-3.6.0/lib/maven-embedder-3.6.0.jar
7f1ba9d89000-7f1ba9d8b000 r--s 0000b000 fd:03 59102748                   /home/java/apache-maven-3.6.0/boot/plexus-classworlds-2.5.2.jar
7f1ba9d8d000-7f1ba9dd2000 rw-p 00000000 00:00 0 
7f1ba9dd2000-7f1ba9e66000 ---p 00000000 00:00 0 
7f1ba9e66000-7f1ba9e6e000 rw-s 00000000 fd:03 8483818                    /home/java/.moved-tmp/hsperfdata_java/9058
7f1ba9e74000-7f1ba9e76000 rw-p 00000000 00:00 0 
7f1ba9e76000-7f1ba9e7a000 ---p 00000000 00:00 0 
7f1ba9e7a000-7f1ba9f77000 rw-p 00000000 00:00 0 
7f1ba9f77000-7f1ba9f78000 r--p 00021000 fd:00 134063                     /usr/lib64/ld-2.17.so
7f1ba9f78000-7f1ba9f79000 rw-p 00022000 fd:00 134063                     /usr/lib64/ld-2.17.so
7f1ba9f79000-7f1ba9f7a000 rw-p 00000000 00:00 0 
7f1ba9f7a000-7f1ba9f7b000 ---p 00000000 00:00 0 
7f1ba9f7b000-7f1ba9f80000 rw-p 00000000 00:00 0 
7ffe7cda0000-7ffe7cdc1000 rw-p 00000000 00:00 0                          [stack]
7ffe7cdf6000-7ffe7cdf8000 r-xp 00000000 00:00 0                          [vdso]
ffffffffff600000-ffffffffff601000 r-xp 00000000 00:00 0                  [vsyscall]

VM Arguments:
jvm_args: -Dclassworlds.conf=/home/java/maven/bin/m2.conf -Dmaven.home=/home/java/maven -Dlibrary.jansi.path=/home/java/maven/lib/jansi-native -Dmaven.multiModuleProjectDirectory=/home/java/Pobrane/OfferPortalForSuppliers2207 
java_command: org.codehaus.plexus.classworlds.launcher.Launcher -Dmaven.ext.class.path=/home/java/netbeans-8.2/java/maven-nblib/netbeans-eventspy.jar clean install
java_class_path (initial): /home/java/maven/boot/plexus-classworlds-2.5.2.jar
Launcher Type: SUN_STANDARD

Environment Variables:
JAVA_HOME=/home/java/jdk8
PATH=/usr/local/bin:/usr/local/sbin:/usr/bin:/usr/sbin:/bin:/sbin
USERNAME=java
LD_LIBRARY_PATH=/home/java/jdk8/jre/lib/amd64:/home/java/jdk8/jre/lib/i386:
SHELL=/bin/bash
DISPLAY=:0.0

Signal Handlers:
SIGSEGV: [libjvm.so+0xad3e60], sa_mask[0]=11111111011111111101111111111110, sa_flags=SA_RESTART|SA_SIGINFO
SIGBUS: [libjvm.so+0xad3e60], sa_mask[0]=11111111011111111101111111111110, sa_flags=SA_RESTART|SA_SIGINFO
SIGFPE: [libjvm.so+0x90b880], sa_mask[0]=11111111011111111101111111111110, sa_flags=SA_RESTART|SA_SIGINFO
SIGPIPE: [libjvm.so+0x90b880], sa_mask[0]=11111111011111111101111111111110, sa_flags=SA_RESTART|SA_SIGINFO
SIGXFSZ: [libjvm.so+0x90b880], sa_mask[0]=11111111011111111101111111111110, sa_flags=SA_RESTART|SA_SIGINFO
SIGILL: [libjvm.so+0x90b880], sa_mask[0]=11111111011111111101111111111110, sa_flags=SA_RESTART|SA_SIGINFO
SIGUSR1: SIG_DFL, sa_mask[0]=00000000000000000000000000000000, sa_flags=none
SIGUSR2: [libjvm.so+0x90b750], sa_mask[0]=00100000000000000000000000000000, sa_flags=SA_RESTART|SA_SIGINFO
SIGHUP: [libjvm.so+0x90bd70], sa_mask[0]=11111111011111111101111111111110, sa_flags=SA_RESTART|SA_SIGINFO
SIGINT: SIG_IGN, sa_mask[0]=00000000000000000000000000000000, sa_flags=none
SIGTERM: [libjvm.so+0x90bd70], sa_mask[0]=11111111011111111101111111111110, sa_flags=SA_RESTART|SA_SIGINFO
SIGQUIT: [libjvm.so+0x90bd70], sa_mask[0]=11111111011111111101111111111110, sa_flags=SA_RESTART|SA_SIGINFO


---------------  S Y S T E M  ---------------

OS:CentOS Linux release 7.6.1810 (Core) 

uname:Linux 3.10.0-862.11.6.el7.x86_64 #1 SMP Tue Aug 14 21:49:04 UTC 2018 x86_64
libc:glibc 2.17 NPTL 2.17 
rlimit: STACK 8192k, CORE 0k, NPROC 4096, NOFILE 4096, AS infinity
load average:4,17 2,78 1,77

/proc/meminfo:
MemTotal:        2047528 kB
MemFree:           52968 kB
MemAvailable:         88 kB
Buffers:             404 kB
Cached:            42704 kB
SwapCached:         3688 kB
Active:          1429452 kB
Inactive:         437780 kB
Active(anon):    1423584 kB
Inactive(anon):   426752 kB
Active(file):       5868 kB
Inactive(file):    11028 kB
Unevictable:          32 kB
Mlocked:              32 kB
SwapTotal:       1048572 kB
SwapFree:              0 kB
Dirty:                52 kB
Writeback:             0 kB
AnonPages:       1820724 kB
Mapped:             2664 kB
Shmem:             26140 kB
Slab:              55452 kB
SReclaimable:      28332 kB
SUnreclaim:        27120 kB
KernelStack:       10512 kB
PageTables:        32648 kB
NFS_Unstable:          0 kB
Bounce:                0 kB
WritebackTmp:          0 kB
CommitLimit:     2072336 kB
Committed_AS:    5403632 kB
VmallocTotal:   34359738367 kB
VmallocUsed:       31148 kB
VmallocChunk:   34359683072 kB
HardwareCorrupted:     0 kB
AnonHugePages:    290816 kB
CmaTotal:              0 kB
CmaFree:               0 kB
HugePages_Total:       0
HugePages_Free:        0
HugePages_Rsvd:        0
HugePages_Surp:        0
Hugepagesize:       2048 kB
DirectMap4k:       75712 kB
DirectMap2M:     2021376 kB

container (cgroup) information:
container_type: cgroupv1
cpu_cpuset_cpus: 0-1
cpu_memory_nodes: 0
active_processor_count: 2
cpu_quota: -1
cpu_period: 100000
cpu_shares: -1
memory_limit_in_bytes: -1
memory_and_swap_limit_in_bytes: -1
memory_soft_limit_in_bytes: -1
memory_usage_in_bytes: 1881530368
memory_max_usage_in_bytes: 0


CPU:total 2 (initial active 2) (2 cores per cpu, 1 threads per core) family 21 model 112 stepping 0, cmov, cx8, fxsr, mmx, sse, sse2, sse3, ssse3, sse4.1, sse4.2, popcnt, avx, avx2, aes, clmul, mmxext, lzcnt, sse4a, tsc, tscinvbit, tscinv

/proc/cpuinfo:
processor	: 0
vendor_id	: AuthenticAMD
cpu family	: 21
model		: 112
model name	: AMD A9-9420 RADEON R5, 5 COMPUTE CORES 2C+3G
stepping	: 0
microcode	: 0x6000626
cpu MHz		: 2994.380
cache size	: 1024 KB
physical id	: 0
siblings	: 2
core id		: 0
cpu cores	: 2
apicid		: 0
initial apicid	: 0
fpu		: yes
fpu_exception	: yes
cpuid level	: 13
wp		: yes
flags		: fpu vme de pse tsc msr pae mce cx8 apic sep mtrr pge mca cmov pat pse36 clflush mmx fxsr sse sse2 ht syscall nx mmxext fxsr_opt rdtscp lm constant_tsc art rep_good nopl nonstop_tsc extd_apicid pni pclmulqdq ssse3 cx16 sse4_1 sse4_2 x2apic movbe popcnt aes xsave avx rdrand hypervisor lahf_lm cmp_legacy cr8_legacy abm sse4a misalignsse 3dnowprefetch retpoline_amd ssbd vmmcall fsgsbase avx2 arat npt lbrv svm_lock nrip_save tsc_scale vmcb_clean flushbyasid decodeassists pausefilter pfthreshold avic v_vmsave_vmload vgif
bogomips	: 5988.76
TLB size	: 1536 4K pages
clflush size	: 64
cache_alignment	: 64
address sizes	: 48 bits physical, 48 bits virtual
power management:

processor	: 1
vendor_id	: AuthenticAMD
cpu family	: 21
model		: 112
model name	: AMD A9-9420 RADEON R5, 5 COMPUTE CORES 2C+3G
stepping	: 0
microcode	: 0x6000626
cpu MHz		: 2994.380
cache size	: 1024 KB
physical id	: 0
siblings	: 2
core id		: 1
cpu cores	: 2
apicid		: 1
initial apicid	: 1
fpu		: yes
fpu_exception	: yes
cpuid level	: 13
wp		: yes
flags		: fpu vme de pse tsc msr pae mce cx8 apic sep mtrr pge mca cmov pat pse36 clflush mmx fxsr sse sse2 ht syscall nx mmxext fxsr_opt rdtscp lm constant_tsc art rep_good nopl nonstop_tsc extd_apicid pni pclmulqdq ssse3 cx16 sse4_1 sse4_2 x2apic movbe popcnt aes xsave avx rdrand hypervisor lahf_lm cmp_legacy cr8_legacy abm sse4a misalignsse 3dnowprefetch retpoline_amd ssbd vmmcall fsgsbase avx2 arat npt lbrv svm_lock nrip_save tsc_scale vmcb_clean flushbyasid decodeassists pausefilter pfthreshold avic v_vmsave_vmload vgif
bogomips	: 5988.76
TLB size	: 1536 4K pages
clflush size	: 64
cache_alignment	: 64
address sizes	: 48 bits physical, 48 bits virtual
power management:



Memory: 4k page, physical 2047528k(53000k free), swap 1048572k(0k free)

vm_info: Java HotSpot(TM) 64-Bit Server VM (25.201-b09) for linux-amd64 JRE (1.8.0_201-b09), built on Dec 15 2018 11:35:59 by "java_re" with gcc 7.3.0

time: Fri Oct  4 14:20:14 2019
timezone: CEST
elapsed time: 52 seconds (0d 0h 0m 52s)

