#
# There is insufficient memory for the Java Runtime Environment to continue.
# Native memory allocation (mmap) failed to map 74448896 bytes for committing reserved memory.
# Possible reasons:
#   The system is out of physical RAM or swap space
#   The process is running with CompressedOops enabled, and the Java Heap may be blocking the growth of the native heap
# Possible solutions:
#   Reduce memory load on the system
#   Increase physical memory or swap space
#   Check if swap backing store is full
#   Decrease Java heap size (-Xmx/-Xms)
#   Decrease number of Java threads
#   Decrease Java thread stack sizes (-Xss)
#   Set larger code cache with -XX:ReservedCodeCacheSize=
#   JVM is running with Unscaled Compressed Oops mode in which the Java heap is
#     placed in the first 4GB address space. The Java Heap base address is the
#     maximum limit for the native heap growth. Please use -XX:HeapBaseMinAddress
#     to set the Java Heap base and to place the Java Heap above 4GB virtual address.
# This output file may be truncated or incomplete.
#
#  Out of Memory Error (os_linux.cpp:2749), pid=26047, tid=0x00007f630b318700
#
# JRE version: Java(TM) SE Runtime Environment (8.0_201-b09) (build 1.8.0_201-b09)
# Java VM: Java HotSpot(TM) 64-Bit Server VM (25.201-b09 mixed mode linux-amd64 compressed oops)
# Failed to write core dump. Core dumps have been disabled. To enable core dumping, try "ulimit -c unlimited" before starting Java again
#

---------------  T H R E A D  ---------------

Current thread (0x00007f631c073800):  VMThread [stack: 0x00007f630b219000,0x00007f630b319000] [id=26067]

Stack: [0x00007f630b219000,0x00007f630b319000],  sp=0x00007f630b317410,  free space=1017k
Native frames: (J=compiled Java code, j=interpreted, Vv=VM code, C=native code)
V  [libjvm.so+0xad3525]  VMError::report_and_die()+0x2e5
V  [libjvm.so+0x4e0457]  report_vm_out_of_memory(char const*, int, unsigned long, VMErrorType, char const*)+0x67
V  [libjvm.so+0x9102f0]  os::pd_commit_memory(char*, unsigned long, unsigned long, bool)+0x100
V  [libjvm.so+0x90791f]  os::commit_memory(char*, unsigned long, unsigned long, bool)+0x1f
V  [libjvm.so+0x98c806]  PSVirtualSpace::expand_by(unsigned long)+0x56
V  [libjvm.so+0x98da98]  PSYoungGen::resize(unsigned long, unsigned long)+0xd8
V  [libjvm.so+0x98a236]  PSScavenge::invoke_no_policy()+0x1376
V  [libjvm.so+0x98a5cc]  PSScavenge::invoke()+0x4c
V  [libjvm.so+0x93a318]  ParallelScavengeHeap::failed_mem_allocate(unsigned long)+0x68
V  [libjvm.so+0xad5073]  VM_ParallelGCFailedAllocation::doit()+0x93
V  [libjvm.so+0xada296]  VM_Operation::evaluate()+0x46
V  [libjvm.so+0xad85cd]  VMThread::evaluate_operation(VM_Operation*) [clone .constprop.44]+0xcd
V  [libjvm.so+0xad8bb3]  VMThread::loop()+0x3a3
V  [libjvm.so+0xad8f88]  VMThread::run()+0x78
V  [libjvm.so+0x90d922]  java_start(Thread*)+0x102

VM_Operation (0x00007f6323877e50): ParallelGCFailedAllocation, mode: safepoint, requested by thread 0x00007f631c009800


---------------  P R O C E S S  ---------------

Java Threads: ( => current thread )
  0x00007f631c0ba800 JavaThread "Service Thread" daemon [_thread_blocked, id=26073, stack(0x00007f630ac12000,0x00007f630ad13000)]
  0x00007f631c0b8000 JavaThread "C1 CompilerThread1" daemon [_thread_blocked, id=26072, stack(0x00007f630ad14000,0x00007f630ae14000)]
  0x00007f631c0b5000 JavaThread "C2 CompilerThread0" daemon [_thread_blocked, id=26071, stack(0x00007f630ae15000,0x00007f630af15000)]
  0x00007f631c0b3800 JavaThread "Signal Dispatcher" daemon [_thread_blocked, id=26070, stack(0x00007f630af15000,0x00007f630b016000)]
  0x00007f631c080000 JavaThread "Finalizer" daemon [_thread_blocked, id=26069, stack(0x00007f630b016000,0x00007f630b117000)]
  0x00007f631c07d800 JavaThread "Reference Handler" daemon [_thread_blocked, id=26068, stack(0x00007f630b117000,0x00007f630b218000)]
  0x00007f631c009800 JavaThread "main" [_thread_blocked, id=26064, stack(0x00007f632377d000,0x00007f632387d000)]

Other Threads:
=>0x00007f631c073800 VMThread [stack: 0x00007f630b219000,0x00007f630b319000] [id=26067]
  0x00007f631c0bd000 WatcherThread [stack: 0x00007f630ab12000,0x00007f630ac12000] [id=26074]

VM state:at safepoint (normal execution)

VM Mutex/Monitor currently owned by a thread:  ([mutex/lock_event])
[0x00007f631c007190] Threads_lock - owner thread: 0x00007f631c073800
[0x00007f631c007690] Heap_lock - owner thread: 0x00007f631c009800

heap address: 0x00000000e0c00000, size: 500 MB, Compressed Oops mode: 32-bit
Narrow klass base: 0x0000000000000000, Narrow klass shift: 3
Compressed class space size: 1073741824 Address: 0x0000000100000000

Heap:
 PSYoungGen      total 75776K, used 6128K [0x00000000f5980000, 0x00000000fa980000, 0x0000000100000000)
  eden space 69632K, 0% used [0x00000000f5980000,0x00000000f5980000,0x00000000f9d80000)
  from space 6144K, 99% used [0x00000000f9d80000,0x00000000fa37c010,0x00000000fa380000)
  to   space 6144K, 0% used [0x00000000fa380000,0x00000000fa380000,0x00000000fa980000)
 ParOldGen       total 22016K, used 13844K [0x00000000e0c00000, 0x00000000e2180000, 0x00000000f5980000)
  object space 22016K, 62% used [0x00000000e0c00000,0x00000000e1985320,0x00000000e2180000)
 Metaspace       used 17401K, capacity 17894K, committed 18176K, reserved 1064960K
  class space    used 2126K, capacity 2262K, committed 2304K, reserved 1048576K

Card table byte_map: [0x00007f6320a35000,0x00007f6320b30000] byte_map_base: 0x00007f632032f000

Marking Bits: (ParMarkBitMap*) 0x00007f6322c43d80
 Begin Bits: [0x00007f630c060000, 0x00007f630c830000)
 End Bits:   [0x00007f630c830000, 0x00007f630d000000)

Polling page: 0x00007f6323897000

CodeCache: size=245760Kb used=9734Kb max_used=9734Kb free=236025Kb
 bounds [0x00007f630d000000, 0x00007f630d990000, 0x00007f631c000000]
 total_blobs=3309 nmethods=2954 adapters=269
 compilation: enabled

Compilation events (10 events):
Event: 21,494 Thread 0x00007f631c0b8000 nmethod 2973 0x00007f630d985cd0 code [0x00007f630d985e40, 0x00007f630d9861c8]
Event: 21,494 Thread 0x00007f631c0b8000 2974       3       org.eclipse.sisu.space.asm.ByteVector::putByte (39 bytes)
Event: 21,506 Thread 0x00007f631c0b8000 nmethod 2974 0x00007f630d9862d0 code [0x00007f630d986440, 0x00007f630d986668]
Event: 21,519 Thread 0x00007f631c0b5000 2976   !   4       com.google.inject.spi.InjectionPoint::getInjectionPoints (489 bytes)
Event: 21,531 Thread 0x00007f631c0b8000 2978       3       java.util.jar.Manifest::getTrustedAttributes (57 bytes)
Event: 21,533 Thread 0x00007f631c0b8000 nmethod 2978 0x00007f630d986790 code [0x00007f630d9869a0, 0x00007f630d9875b8]
Event: 21,533 Thread 0x00007f631c0b8000 2977       3       java.util.jar.JavaUtilJarAccessImpl::getTrustedAttributes (6 bytes)
Event: 21,534 Thread 0x00007f631c0b8000 nmethod 2977 0x00007f630d987a90 code [0x00007f630d987c00, 0x00007f630d987e28]
Event: 21,534 Thread 0x00007f631c0b8000 2975       3       java.net.URLClassLoader::isSealed (70 bytes)
Event: 21,535 Thread 0x00007f631c0b8000 nmethod 2975 0x00007f630d987f10 code [0x00007f630d988140, 0x00007f630d988e08]

GC Heap History (10 events):
Event: 2,633 GC heap after
Heap after GC invocations=2 (full 0):
 PSYoungGen      total 18432K, used 1008K [0x00000000f5980000, 0x00000000f6c80000, 0x0000000100000000)
  eden space 17408K, 0% used [0x00000000f5980000,0x00000000f5980000,0x00000000f6a80000)
  from space 1024K, 98% used [0x00000000f6b80000,0x00000000f6c7c010,0x00000000f6c80000)
  to   space 1024K, 0% used [0x00000000f6a80000,0x00000000f6a80000,0x00000000f6b80000)
 ParOldGen       total 22016K, used 2579K [0x00000000e0c00000, 0x00000000e2180000, 0x00000000f5980000)
  object space 22016K, 11% used [0x00000000e0c00000,0x00000000e0e84c08,0x00000000e2180000)
 Metaspace       used 6870K, capacity 7032K, committed 7296K, reserved 1056768K
  class space    used 797K, capacity 860K, committed 896K, reserved 1048576K
}
Event: 4,262 GC heap before
{Heap before GC invocations=3 (full 0):
 PSYoungGen      total 18432K, used 18416K [0x00000000f5980000, 0x00000000f6c80000, 0x0000000100000000)
  eden space 17408K, 100% used [0x00000000f5980000,0x00000000f6a80000,0x00000000f6a80000)
  from space 1024K, 98% used [0x00000000f6b80000,0x00000000f6c7c010,0x00000000f6c80000)
  to   space 1024K, 0% used [0x00000000f6a80000,0x00000000f6a80000,0x00000000f6b80000)
 ParOldGen       total 22016K, used 2579K [0x00000000e0c00000, 0x00000000e2180000, 0x00000000f5980000)
  object space 22016K, 11% used [0x00000000e0c00000,0x00000000e0e84c08,0x00000000e2180000)
 Metaspace       used 8140K, capacity 8252K, committed 8576K, reserved 1056768K
  class space    used 994K, capacity 1052K, committed 1152K, reserved 1048576K
Event: 4,332 GC heap after
Heap after GC invocations=3 (full 0):
 PSYoungGen      total 18432K, used 1024K [0x00000000f5980000, 0x00000000f7d80000, 0x0000000100000000)
  eden space 17408K, 0% used [0x00000000f5980000,0x00000000f5980000,0x00000000f6a80000)
  from space 1024K, 100% used [0x00000000f6a80000,0x00000000f6b80000,0x00000000f6b80000)
  to   space 1024K, 0% used [0x00000000f7c80000,0x00000000f7c80000,0x00000000f7d80000)
 ParOldGen       total 22016K, used 4069K [0x00000000e0c00000, 0x00000000e2180000, 0x00000000f5980000)
  object space 22016K, 18% used [0x00000000e0c00000,0x00000000e0ff97b8,0x00000000e2180000)
 Metaspace       used 8140K, capacity 8252K, committed 8576K, reserved 1056768K
  class space    used 994K, capacity 1052K, committed 1152K, reserved 1048576K
}
Event: 6,560 GC heap before
{Heap before GC invocations=4 (full 0):
 PSYoungGen      total 18432K, used 18411K [0x00000000f5980000, 0x00000000f7d80000, 0x0000000100000000)
  eden space 17408K, 99% used [0x00000000f5980000,0x00000000f6a7ae70,0x00000000f6a80000)
  from space 1024K, 100% used [0x00000000f6a80000,0x00000000f6b80000,0x00000000f6b80000)
  to   space 1024K, 0% used [0x00000000f7c80000,0x00000000f7c80000,0x00000000f7d80000)
 ParOldGen       total 22016K, used 4069K [0x00000000e0c00000, 0x00000000e2180000, 0x00000000f5980000)
  object space 22016K, 18% used [0x00000000e0c00000,0x00000000e0ff97b8,0x00000000e2180000)
 Metaspace       used 10067K, capacity 10262K, committed 10368K, reserved 1058816K
  class space    used 1229K, capacity 1315K, committed 1408K, reserved 1048576K
Event: 6,593 GC heap after
Heap after GC invocations=4 (full 0):
 PSYoungGen      total 35840K, used 1008K [0x00000000f5980000, 0x00000000f7d80000, 0x0000000100000000)
  eden space 34816K, 0% used [0x00000000f5980000,0x00000000f5980000,0x00000000f7b80000)
  from space 1024K, 98% used [0x00000000f7c80000,0x00000000f7d7c010,0x00000000f7d80000)
  to   space 1024K, 0% used [0x00000000f7b80000,0x00000000f7b80000,0x00000000f7c80000)
 ParOldGen       total 22016K, used 7022K [0x00000000e0c00000, 0x00000000e2180000, 0x00000000f5980000)
  object space 22016K, 31% used [0x00000000e0c00000,0x00000000e12dbb58,0x00000000e2180000)
 Metaspace       used 10067K, capacity 10262K, committed 10368K, reserved 1058816K
  class space    used 1229K, capacity 1315K, committed 1408K, reserved 1048576K
}
Event: 13,262 GC heap before
{Heap before GC invocations=5 (full 0):
 PSYoungGen      total 35840K, used 35824K [0x00000000f5980000, 0x00000000f7d80000, 0x0000000100000000)
  eden space 34816K, 100% used [0x00000000f5980000,0x00000000f7b80000,0x00000000f7b80000)
  from space 1024K, 98% used [0x00000000f7c80000,0x00000000f7d7c010,0x00000000f7d80000)
  to   space 1024K, 0% used [0x00000000f7b80000,0x00000000f7b80000,0x00000000f7c80000)
 ParOldGen       total 22016K, used 7022K [0x00000000e0c00000, 0x00000000e2180000, 0x00000000f5980000)
  object space 22016K, 31% used [0x00000000e0c00000,0x00000000e12dbb58,0x00000000e2180000)
 Metaspace       used 14760K, capacity 14976K, committed 15232K, reserved 1062912K
  class space    used 1817K, capacity 1913K, committed 1920K, reserved 1048576K
Event: 13,285 GC heap after
Heap after GC invocations=5 (full 0):
 PSYoungGen      total 35840K, used 1008K [0x00000000f5980000, 0x00000000fa980000, 0x0000000100000000)
  eden space 34816K, 0% used [0x00000000f5980000,0x00000000f5980000,0x00000000f7b80000)
  from space 1024K, 98% used [0x00000000f7b80000,0x00000000f7c7c030,0x00000000f7c80000)
  to   space 6144K, 0% used [0x00000000fa380000,0x00000000fa380000,0x00000000fa980000)
 ParOldGen       total 22016K, used 12320K [0x00000000e0c00000, 0x00000000e2180000, 0x00000000f5980000)
  object space 22016K, 55% used [0x00000000e0c00000,0x00000000e18081c0,0x00000000e2180000)
 Metaspace       used 14760K, capacity 14976K, committed 15232K, reserved 1062912K
  class space    used 1817K, capacity 1913K, committed 1920K, reserved 1048576K
}
Event: 15,300 GC heap before
{Heap before GC invocations=6 (full 0):
 PSYoungGen      total 35840K, used 35824K [0x00000000f5980000, 0x00000000fa980000, 0x0000000100000000)
  eden space 34816K, 100% used [0x00000000f5980000,0x00000000f7b80000,0x00000000f7b80000)
  from space 1024K, 98% used [0x00000000f7b80000,0x00000000f7c7c030,0x00000000f7c80000)
  to   space 6144K, 0% used [0x00000000fa380000,0x00000000fa380000,0x00000000fa980000)
 ParOldGen       total 22016K, used 12320K [0x00000000e0c00000, 0x00000000e2180000, 0x00000000f5980000)
  object space 22016K, 55% used [0x00000000e0c00000,0x00000000e18081c0,0x00000000e2180000)
 Metaspace       used 15620K, capacity 15990K, committed 16128K, reserved 1062912K
  class space    used 1906K, capacity 1990K, committed 2048K, reserved 1048576K
Event: 15,338 GC heap after
Heap after GC invocations=6 (full 0):
 PSYoungGen      total 75776K, used 3972K [0x00000000f5980000, 0x00000000fa980000, 0x0000000100000000)
  eden space 69632K, 0% used [0x00000000f5980000,0x00000000f5980000,0x00000000f9d80000)
  from space 6144K, 64% used [0x00000000fa380000,0x00000000fa761220,0x00000000fa980000)
  to   space 6144K, 0% used [0x00000000f9d80000,0x00000000f9d80000,0x00000000fa380000)
 ParOldGen       total 22016K, used 12320K [0x00000000e0c00000, 0x00000000e2180000, 0x00000000f5980000)
  object space 22016K, 55% used [0x00000000e0c00000,0x00000000e18081c0,0x00000000e2180000)
 Metaspace       used 15620K, capacity 15990K, committed 16128K, reserved 1062912K
  class space    used 1906K, capacity 1990K, committed 2048K, reserved 1048576K
}
Event: 21,561 GC heap before
{Heap before GC invocations=7 (full 0):
 PSYoungGen      total 75776K, used 73604K [0x00000000f5980000, 0x00000000fa980000, 0x0000000100000000)
  eden space 69632K, 100% used [0x00000000f5980000,0x00000000f9d80000,0x00000000f9d80000)
  from space 6144K, 64% used [0x00000000fa380000,0x00000000fa761220,0x00000000fa980000)
  to   space 6144K, 0% used [0x00000000f9d80000,0x00000000f9d80000,0x00000000fa380000)
 ParOldGen       total 22016K, used 12320K [0x00000000e0c00000, 0x00000000e2180000, 0x00000000f5980000)
  object space 22016K, 55% used [0x00000000e0c00000,0x00000000e18081c0,0x00000000e2180000)
 Metaspace       used 17401K, capacity 17894K, committed 18176K, reserved 1064960K
  class space    used 2126K, capacity 2262K, committed 2304K, reserved 1048576K

Deoptimization events (10 events):
Event: 19,252 Thread 0x00007f631c009800 Uncommon trap: reason=unstable_if action=reinterpret pc=0x00007f630d7e6404 method=org.eclipse.sisu.plexus.RealmFilteredBeans$FilteredItr.hasNext()Z @ 44
Event: 19,646 Thread 0x00007f631c009800 Uncommon trap: reason=unstable_if action=reinterpret pc=0x00007f630d624e9c method=java.util.LinkedHashMap.afterNodeInsertion(Z)V @ 18
Event: 20,835 Thread 0x00007f631c009800 Uncommon trap: reason=unstable_if action=reinterpret pc=0x00007f630d94ef34 method=org.codehaus.plexus.classworlds.realm.Entry.matches(Ljava/lang/String;)Z @ 150
Event: 20,840 Thread 0x00007f631c009800 Uncommon trap: reason=predicate action=maybe_recompile pc=0x00007f630d96b100 method=java.util.TimSort.binarySort([Ljava/lang/Object;IIILjava/util/Comparator;)V @ 37
Event: 20,906 Thread 0x00007f631c009800 Uncommon trap: reason=array_check action=maybe_recompile pc=0x00007f630d96a980 method=java.util.TimSort.binarySort([Ljava/lang/Object;IIILjava/util/Comparator;)V @ 193
Event: 20,906 Thread 0x00007f631c009800 Uncommon trap: reason=array_check action=maybe_recompile pc=0x00007f630d96aa6c method=java.util.TimSort.binarySort([Ljava/lang/Object;IIILjava/util/Comparator;)V @ 183
Event: 20,906 Thread 0x00007f631c009800 Uncommon trap: reason=array_check action=maybe_recompile pc=0x00007f630d96a980 method=java.util.TimSort.binarySort([Ljava/lang/Object;IIILjava/util/Comparator;)V @ 193
Event: 20,906 Thread 0x00007f631c009800 Uncommon trap: reason=array_check action=maybe_recompile pc=0x00007f630d96aa6c method=java.util.TimSort.binarySort([Ljava/lang/Object;IIILjava/util/Comparator;)V @ 183
Event: 21,045 Thread 0x00007f631c009800 Uncommon trap: reason=array_check action=maybe_recompile pc=0x00007f630d952384 method=java.util.TimSort.binarySort([Ljava/lang/Object;IIILjava/util/Comparator;)V @ 215
Event: 21,046 Thread 0x00007f631c009800 Uncommon trap: reason=array_check action=maybe_recompile pc=0x00007f630d952384 method=java.util.TimSort.binarySort([Ljava/lang/Object;IIILjava/util/Comparator;)V @ 215

Classes redefined (0 events):
No events

Internal exceptions (10 events):
Event: 8,591 Thread 0x00007f631c009800 Exception <a 'java/lang/NullPointerException'> (0x00000000f7512028) thrown at [/HUDSON/workspace/8-2-build-linux-amd64/jdk8u201/12317/hotspot/src/share/vm/interpreter/linkResolver.cpp, line 1185]
Event: 8,591 Thread 0x00007f631c009800 Exception <a 'java/lang/NullPointerException'> (0x00000000f7512240) thrown at [/HUDSON/workspace/8-2-build-linux-amd64/jdk8u201/12317/hotspot/src/share/vm/interpreter/linkResolver.cpp, line 1185]
Event: 8,591 Thread 0x00007f631c009800 Exception <a 'java/lang/NullPointerException'> (0x00000000f7512458) thrown at [/HUDSON/workspace/8-2-build-linux-amd64/jdk8u201/12317/hotspot/src/share/vm/interpreter/linkResolver.cpp, line 1185]
Event: 8,593 Thread 0x00007f631c009800 Exception <a 'java/lang/NullPointerException'> (0x00000000f751a408) thrown at [/HUDSON/workspace/8-2-build-linux-amd64/jdk8u201/12317/hotspot/src/share/vm/interpreter/linkResolver.cpp, line 1185]
Event: 8,593 Thread 0x00007f631c009800 Exception <a 'java/lang/NullPointerException'> (0x00000000f751a620) thrown at [/HUDSON/workspace/8-2-build-linux-amd64/jdk8u201/12317/hotspot/src/share/vm/interpreter/linkResolver.cpp, line 1185]
Event: 8,593 Thread 0x00007f631c009800 Exception <a 'java/lang/NullPointerException'> (0x00000000f751a838) thrown at [/HUDSON/workspace/8-2-build-linux-amd64/jdk8u201/12317/hotspot/src/share/vm/interpreter/linkResolver.cpp, line 1185]
Event: 13,433 Thread 0x00007f631c009800 Implicit null exception at 0x00007f630d253975 to 0x00007f630d253b59
Event: 13,433 Thread 0x00007f631c009800 Implicit null exception at 0x00007f630d2e536f to 0x00007f630d2e53d9
Event: 14,224 Thread 0x00007f631c009800 Implicit null exception at 0x00007f630d62cacf to 0x00007f630d62d5b9
Event: 21,193 Thread 0x00007f631c009800 Exception <a 'java/lang/NoClassDefFoundError': org/codehaus/plexus/util/interpolation/ValueSource> (0x00000000f9b28990) thrown at [/HUDSON/workspace/8-2-build-linux-amd64/jdk8u201/12317/hotspot/src/share/vm/classfile/systemDictionary.cpp, line 199]

Events (10 events):
Event: 21,517 loading class org/apache/maven/doxia/module/apt/AptParser done
Event: 21,517 loading class org/apache/maven/doxia/module/apt/AptParser
Event: 21,517 loading class org/apache/maven/doxia/module/apt/AptParser done
Event: 21,540 loading class org/apache/maven/doxia/parser/AbstractTextParser
Event: 21,540 loading class org/apache/maven/doxia/parser/AbstractTextParser done
Event: 21,540 loading class org/apache/maven/doxia/parser/AbstractTextParser
Event: 21,540 loading class org/apache/maven/doxia/parser/AbstractTextParser done
Event: 21,554 loading class org/apache/maven/doxia/module/apt/AptParseException
Event: 21,554 loading class org/apache/maven/doxia/module/apt/AptParseException done
Event: 21,561 Executing VM operation: ParallelGCFailedAllocation


Dynamic libraries:
00400000-00401000 r-xp 00000000 fd:03 58720629                           /home/java/jdk1.8.0_201/bin/java
00600000-00601000 r--p 00000000 fd:03 58720629                           /home/java/jdk1.8.0_201/bin/java
00601000-00602000 rw-p 00001000 fd:03 58720629                           /home/java/jdk1.8.0_201/bin/java
013e9000-0140a000 rw-p 00000000 00:00 0                                  [heap]
e0c00000-e2180000 rw-p 00000000 00:00 0 
e2180000-f5980000 ---p 00000000 00:00 0 
f5980000-fa980000 rw-p 00000000 00:00 0 
ff080000-100000000 ---p 00000000 00:00 0 
100000000-100240000 rw-p 00000000 00:00 0 
100240000-140000000 ---p 00000000 00:00 0 
7f62d8000000-7f62d8021000 rw-p 00000000 00:00 0 
7f62d8021000-7f62dc000000 ---p 00000000 00:00 0 
7f62dc000000-7f62dc021000 rw-p 00000000 00:00 0 
7f62dc021000-7f62e0000000 ---p 00000000 00:00 0 
7f62e0000000-7f62e1489000 rw-p 00000000 00:00 0 
7f62e1489000-7f62e4000000 ---p 00000000 00:00 0 
7f62e4000000-7f62e486b000 rw-p 00000000 00:00 0 
7f62e486b000-7f62e8000000 ---p 00000000 00:00 0 
7f62e8000000-7f62e8021000 rw-p 00000000 00:00 0 
7f62e8021000-7f62ec000000 ---p 00000000 00:00 0 
7f62edad0000-7f62f3ff9000 r--p 00000000 fd:00 182482                     /usr/lib/locale/locale-archive
7f62f4000000-7f62f4021000 rw-p 00000000 00:00 0 
7f62f4021000-7f62f8000000 ---p 00000000 00:00 0 
7f62f8000000-7f62f8021000 rw-p 00000000 00:00 0 
7f62f8021000-7f62fc000000 ---p 00000000 00:00 0 
7f62fc000000-7f62fc021000 rw-p 00000000 00:00 0 
7f62fc021000-7f6300000000 ---p 00000000 00:00 0 
7f6300000000-7f63002a5000 rw-p 00000000 00:00 0 
7f63002a5000-7f6304000000 ---p 00000000 00:00 0 
7f6304000000-7f6304021000 rw-p 00000000 00:00 0 
7f6304021000-7f6308000000 ---p 00000000 00:00 0 
7f63097f8000-7f63097ff000 r--s 00000000 fd:00 281884                     /usr/lib64/gconv/gconv-modules.cache
7f6309800000-7f6309824000 r--p 00000000 fd:00 264146                     /usr/share/locale/pl/LC_MESSAGES/libc.mo
7f6309827000-7f6309835000 r--s 0007f000 fd:03 10396585                   /home/java/.m2/repository/commons-collections/commons-collections/3.2.1/commons-collections-3.2.1.jar
7f6309839000-7f630983e000 r--s 00041000 fd:03 489678                     /home/java/.m2/repository/commons-lang/commons-lang/2.6/commons-lang-2.6.jar
7f630983e000-7f6309840000 r--s 00006000 fd:03 58829285                   /home/java/.m2/repository/org/apache/maven/shared/maven-invoker/2.0.11/maven-invoker-2.0.11.jar
7f6309846000-7f6309848000 r--s 00006000 fd:03 21378650                   /home/java/.m2/repository/org/apache/maven/shared/maven-common-artifact-filters/1.4/maven-common-artifact-filters-1.4.jar
7f630984c000-7f630984e000 r--s 0000c000 fd:03 489676                     /home/java/.m2/repository/org/apache/maven/shared/maven-dependency-tree/2.0/maven-dependency-tree-2.0.jar
7f6309850000-7f6309852000 r--s 00000000 fd:03 1079600                    /home/java/.m2/repository/org/codehaus/plexus/plexus-component-annotations/1.5.5/plexus-component-annotations-1.5.5.jar
7f6309852000-7f6309853000 r--s 0000a000 fd:03 33583731                   /home/java/.m2/repository/asm/asm/3.3.1/asm-3.3.1.jar
7f6309855000-7f6309857000 r--s 00005000 fd:03 10396583                   /home/java/.m2/repository/org/apache/maven/shared/maven-dependency-analyzer/1.3/maven-dependency-analyzer-1.3.jar
7f630985c000-7f630985f000 r--s 0000c000 fd:03 50893476                   /home/java/.m2/repository/org/codehaus/plexus/plexus-io/2.0.6/plexus-io-2.0.6.jar
7f6309863000-7f6309866000 r--s 0001b000 fd:03 11357219                   /home/java/.m2/repository/junit/junit/3.8.1/junit-3.8.1.jar
7f6309868000-7f630986a000 r--s 00008000 fd:03 50893473                   /home/java/.m2/repository/org/apache/maven/shared/maven-shared-io/1.1/maven-shared-io-1.1.jar
7f6309870000-7f6309872000 r--s 00008000 fd:03 21378649                   /home/java/.m2/repository/org/apache/maven/shared/file-management/1.2.1/file-management-1.2.1.jar
7f6309875000-7f6309879000 r--s 00035000 fd:03 489672                     /home/java/.m2/repository/org/codehaus/plexus/plexus-utils/3.0.9/plexus-utils-3.0.9.jar
7f6309879000-7f630987e000 r--s 00029000 fd:03 33583728                   /home/java/.m2/repository/org/codehaus/plexus/plexus-archiver/2.2/plexus-archiver-2.2.jar
7f6309884000-7f6309886000 r--s 00004000 fd:03 21378646                   /home/java/.m2/repository/org/apache/maven/doxia/doxia-module-xhtml/1.0/doxia-module-xhtml-1.0.jar
7f6309886000-7f6309887000 r--s 00006000 fd:03 489669                     /home/java/.m2/repository/org/apache/maven/doxia/doxia-module-xdoc/1.0/doxia-module-xdoc-1.0.jar
7f630988c000-7f630988d000 r--s 00004000 fd:03 50893471                   /home/java/.m2/repository/org/apache/maven/doxia/doxia-module-fml/1.0/doxia-module-fml-1.0.jar
7f6309892000-7f6309894000 r--s 0000a000 fd:03 21378645                   /home/java/.m2/repository/org/apache/maven/doxia/doxia-module-apt/1.0/doxia-module-apt-1.0.jar
7f630989b000-7f630989c000 r--s 0000b000 fd:03 58829283                   /home/java/.m2/repository/org/apache/maven/doxia/doxia-decoration-model/1.0/doxia-decoration-model-1.0.jar
7f63098a0000-7f63098a8000 r--s 00058000 fd:03 58829281                   /home/java/.m2/repository/org/apache/velocity/velocity/1.5/velocity-1.5.jar
7f63098a9000-7f63098aa000 r--s 00001000 fd:03 58829055                   /home/java/.m2/repository/org/codehaus/plexus/plexus-velocity/1.1.7/plexus-velocity-1.1.7.jar
7f63098aa000-7f63098ab000 r--s 00002000 fd:03 33583726                   /home/java/.m2/repository/org/codehaus/plexus/plexus-i18n/1.0-beta-7/plexus-i18n-1.0-beta-7.jar
7f63098b2000-7f63098b4000 r--s 0000a000 fd:03 489667                     /home/java/.m2/repository/org/apache/maven/doxia/doxia-site-renderer/1.0/doxia-site-renderer-1.0.jar
7f63098ba000-7f63098bb000 r--s 00002000 fd:03 29576375                   /home/java/.m2/repository/org/apache/maven/doxia/doxia-sink-api/1.0/doxia-sink-api-1.0.jar
7f63098be000-7f63098c3000 r--s 00016000 fd:03 10396581                   /home/java/.m2/repository/xml-apis/xml-apis/1.0.b2/xml-apis-1.0.b2.jar
7f63098c6000-7f63098c8000 r--s 0000e000 fd:03 42402828                   /home/java/.m2/repository/oro/oro/2.0.8/oro-2.0.8.jar
7f63098c8000-7f63098ca000 r--s 00008000 fd:03 21378642                   /home/java/.m2/repository/commons-logging/commons-logging/1.0.4/commons-logging-1.0.4.jar
7f63098ce000-7f63098d2000 r--s 00026000 fd:03 21378640                   /home/java/.m2/repository/commons-digester/commons-digester/1.6/commons-digester-1.6.jar
7f63098d2000-7f63098d7000 r--s 0002a000 fd:03 42402823                   /home/java/.m2/repository/commons-beanutils/commons-beanutils/1.7.0/commons-beanutils-1.7.0.jar
7f63098dc000-7f63098df000 r--s 00014000 fd:03 21378638                   /home/java/.m2/repository/commons-validator/commons-validator/1.2.0/commons-validator-1.2.0.jar
7f63098e0000-7f63098e3000 r--s 00018000 fd:03 50893469                   /home/java/.m2/repository/commons-io/commons-io/1.4/commons-io-1.4.jar
7f63098e9000-7f63098eb000 r--s 00009000 fd:03 33583724                   /home/java/.m2/repository/org/apache/maven/shared/maven-doxia-tools/1.0.2/maven-doxia-tools-1.0.2.jar
7f63098eb000-7f63098ee000 r--s 0000b000 fd:03 10396579                   /home/java/.m2/repository/org/apache/maven/doxia/doxia-core/1.0/doxia-core-1.0.jar
7f63098f4000-7f63098f6000 r--s 00004000 fd:03 58829053                   /home/java/.m2/repository/org/apache/maven/reporting/maven-reporting-impl/2.0.5/maven-reporting-impl-2.0.5.jar
7f63098fa000-7f63098fb000 r--s 00002000 fd:03 489665                     /home/java/.m2/repository/org/apache/maven/reporting/maven-reporting-api/3.0/maven-reporting-api-3.0.jar
7f6309902000-7f6309904000 r--s 00002000 fd:03 25322911                   /home/java/.m2/repository/org/codehaus/plexus/plexus-interactivity-api/1.0-alpha-4/plexus-interactivity-api-1.0-alpha-4.jar
7f6309906000-7f6309908000 r--s 00006000 fd:03 51969624                   /home/java/.m2/repository/commons-cli/commons-cli/1.0/commons-cli-1.0.jar
7f6309909000-7f630990c000 r--s 00021000 fd:03 20393982                   /home/java/.m2/repository/org/apache/maven/plugins/maven-dependency-plugin/2.6/maven-dependency-plugin-2.6.jar
7f630990c000-7f6309a8c000 rw-p 00000000 00:00 0 
7f6309a8c000-7f6309b0c000 ---p 00000000 00:00 0 
7f6309b0c000-7f6309b10000 r--s 00034000 fd:03 50631726                   /home/java/.m2/repository/org/codehaus/plexus/plexus-utils/3.0/plexus-utils-3.0.jar
7f6309b10000-7f6309b21000 r-xp 00000000 fd:03 50487596                   /home/java/jdk1.8.0_201/jre/lib/amd64/libnio.so
7f6309b21000-7f6309d20000 ---p 00011000 fd:03 50487596                   /home/java/jdk1.8.0_201/jre/lib/amd64/libnio.so
7f6309d20000-7f6309d21000 r--p 00010000 fd:03 50487596                   /home/java/jdk1.8.0_201/jre/lib/amd64/libnio.so
7f6309d21000-7f6309d22000 rw-p 00011000 fd:03 50487596                   /home/java/jdk1.8.0_201/jre/lib/amd64/libnio.so
7f6309d28000-7f6309d3e000 r-xp 00000000 fd:03 50487593                   /home/java/jdk1.8.0_201/jre/lib/amd64/libnet.so
7f6309d3e000-7f6309f3e000 ---p 00016000 fd:03 50487593                   /home/java/jdk1.8.0_201/jre/lib/amd64/libnet.so
7f6309f3e000-7f6309f3f000 r--p 00016000 fd:03 50487593                   /home/java/jdk1.8.0_201/jre/lib/amd64/libnet.so
7f6309f3f000-7f6309f40000 rw-p 00017000 fd:03 50487593                   /home/java/jdk1.8.0_201/jre/lib/amd64/libnet.so
7f6309f41000-7f630a141000 rw-p 00000000 00:00 0 
7f630a141000-7f630a145000 r--s 000a1000 fd:03 1079627                    /home/java/jdk1.8.0_201/jre/lib/jsse.jar
7f630a14b000-7f630a34b000 rw-p 00000000 00:00 0 
7f630a34b000-7f630a54b000 rw-p 00000000 00:00 0 
7f630a54b000-7f630a567000 r--s 00393000 fd:03 33556837                   /home/java/jdk1.8.0_201/jre/lib/ext/cldrdata.jar
7f630a568000-7f630a56a000 r-xp 00000000 fd:00 135046                     /usr/lib64/libutil-2.17.so
7f630a56a000-7f630a769000 ---p 00002000 fd:00 135046                     /usr/lib64/libutil-2.17.so
7f630a769000-7f630a76a000 r--p 00001000 fd:00 135046                     /usr/lib64/libutil-2.17.so
7f630a76a000-7f630a76b000 rw-p 00002000 fd:00 135046                     /usr/lib64/libutil-2.17.so
7f630a76d000-7f630a76f000 r--s 00005000 fd:03 11705871                   /home/java/.m2/repository/org/apache/maven/plugins/maven-clean-plugin/2.5/maven-clean-plugin-2.5.jar
7f630a775000-7f630a777000 r--s 0000d000 fd:03 25214766                   /home/java/netbeans-8.2/java/maven-nblib/netbeans-eventspy.jar
7f630a77e000-7f630a788000 r--s 00116000 fd:03 33556844                   /home/java/jdk1.8.0_201/jre/lib/ext/localedata.jar
7f630a788000-7f630a78b000 r-xp 00000000 fd:03 59102746                   /home/java/apache-maven-3.6.0/lib/jansi-native/linux64/libjansi.so
7f630a78b000-7f630a98a000 ---p 00003000 fd:03 59102746                   /home/java/apache-maven-3.6.0/lib/jansi-native/linux64/libjansi.so
7f630a98a000-7f630a98b000 rw-p 00002000 fd:03 59102746                   /home/java/apache-maven-3.6.0/lib/jansi-native/linux64/libjansi.so
7f630a992000-7f630a996000 r--s 00042000 fd:03 17396599                   /home/java/apache-maven-3.6.0/lib/jansi-1.17.1.jar
7f630a99d000-7f630a99e000 r--s 00005000 fd:03 17396598                   /home/java/apache-maven-3.6.0/lib/maven-slf4j-provider-3.6.0.jar
7f630a99e000-7f630a9a0000 r--s 00006000 fd:03 17396597                   /home/java/apache-maven-3.6.0/lib/maven-resolver-transport-wagon-1.3.1.jar
7f630a9a1000-7f630a9a3000 r--s 00009000 fd:03 17396596                   /home/java/apache-maven-3.6.0/lib/maven-resolver-connector-basic-1.3.1.jar
7f630a9aa000-7f630a9ab000 r--s 00002000 fd:03 17396595                   /home/java/apache-maven-3.6.0/lib/wagon-file-3.2.0.jar
7f630a9ab000-7f630a9ad000 r--s 00003000 fd:03 17396594                   /home/java/apache-maven-3.6.0/lib/jcl-over-slf4j-1.7.25.jar
7f630a9af000-7f630a9dc000 r--s 001df000 fd:03 17396593                   /home/java/apache-maven-3.6.0/lib/wagon-http-3.2.0-shaded.jar
7f630a9dc000-7f630a9de000 r--s 0000c000 fd:03 17396592                   /home/java/apache-maven-3.6.0/lib/wagon-provider-api-3.2.0.jar
7f630a9e1000-7f630a9e8000 r--s 00041000 fd:03 17396591                   /home/java/apache-maven-3.6.0/lib/maven-compat-3.6.0.jar
7f630a9ec000-7f630a9ee000 r--s 0000c000 fd:03 17396590                   /home/java/apache-maven-3.6.0/lib/commons-cli-1.4.jar
7f630a9f0000-7f630a9f1000 r--s 00000000 fd:03 17396589                   /home/java/apache-maven-3.6.0/lib/animal-sniffer-annotations-1.14.jar
7f630a9f1000-7f630a9f3000 r--s 00001000 fd:03 17261598                   /home/java/apache-maven-3.6.0/lib/j2objc-annotations-1.1.jar
7f630a9fa000-7f630a9fc000 r--s 00002000 fd:03 17261581                   /home/java/apache-maven-3.6.0/lib/error_prone_annotations-2.1.3.jar
7f630a9fe000-7f630aa00000 r--s 00006000 fd:03 17113290                   /home/java/apache-maven-3.6.0/lib/checker-compat-qual-2.0.0.jar
7f630aa03000-7f630aa05000 r--s 00003000 fd:03 17113289                   /home/java/apache-maven-3.6.0/lib/jsr305-3.0.2.jar
7f630aa09000-7f630aa39000 r--s 00249000 fd:03 17113288                   /home/java/apache-maven-3.6.0/lib/guava-25.1-android.jar
7f630aa40000-7f630aa42000 r--s 00000000 fd:03 17113287                   /home/java/apache-maven-3.6.0/lib/aopalliance-1.0.jar
7f630aa45000-7f630aa50000 r--s 00075000 fd:03 17113275                   /home/java/apache-maven-3.6.0/lib/guice-4.2.1-no_aop.jar
7f630aa57000-7f630aa5b000 r--s 0002f000 fd:03 17113274                   /home/java/apache-maven-3.6.0/lib/commons-io-2.5.jar
7f630aa5e000-7f630aa61000 r--s 00026000 fd:03 17113273                   /home/java/apache-maven-3.6.0/lib/maven-shared-utils-3.2.1.jar
7f630aa61000-7f630aa63000 r--s 00009000 fd:03 17113255                   /home/java/apache-maven-3.6.0/lib/slf4j-api-1.7.25.jar
7f630aa69000-7f630aa6d000 r--s 00029000 fd:03 17113253                   /home/java/apache-maven-3.6.0/lib/maven-resolver-impl-1.3.1.jar
7f630aa73000-7f630aa78000 r--s 00023000 fd:03 17113251                   /home/java/apache-maven-3.6.0/lib/maven-resolver-util-1.3.1.jar
7f630aa7f000-7f630aa82000 r--s 00007000 fd:03 17113250                   /home/java/apache-maven-3.6.0/lib/maven-resolver-spi-1.3.1.jar
7f630aa88000-7f630aa8d000 r--s 00020000 fd:03 17113249                   /home/java/apache-maven-3.6.0/lib/maven-resolver-api-1.3.1.jar
7f630aa8f000-7f630aa91000 r--s 0000f000 fd:03 17113248                   /home/java/apache-maven-3.6.0/lib/maven-resolver-provider-3.6.0.jar
7f630aa97000-7f630aa9c000 r--s 00027000 fd:03 17082527                   /home/java/apache-maven-3.6.0/lib/maven-model-builder-3.6.0.jar
7f630aa9e000-7f630aaa5000 r--s 00056000 fd:03 17082524                   /home/java/apache-maven-3.6.0/lib/org.eclipse.sisu.inject-0.3.3.jar
7f630aaa8000-7f630aaa9000 r--s 00000000 fd:03 17082523                   /home/java/apache-maven-3.6.0/lib/javax.inject-1.jar
7f630aaa9000-7f630aaaa000 r--s 00001000 fd:03 17082522                   /home/java/apache-maven-3.6.0/lib/jsr250-api-1.0.jar
7f630aab0000-7f630aab3000 r--s 00008000 fd:03 17082521                   /home/java/apache-maven-3.6.0/lib/cdi-api-1.0.jar
7f630aab5000-7f630aabb000 r--s 0002d000 fd:03 17082520                   /home/java/apache-maven-3.6.0/lib/org.eclipse.sisu.plexus-0.3.3.jar
7f630aac2000-7f630aac4000 r--s 0000a000 fd:03 17082517                   /home/java/apache-maven-3.6.0/lib/maven-plugin-api-3.6.0.jar
7f630aacb000-7f630aad3000 r--s 00073000 fd:03 17082512                   /home/java/apache-maven-3.6.0/lib/commons-lang3-3.8.1.jar
7f630aad4000-7f630aad6000 r--s 0000c000 fd:03 17082511                   /home/java/apache-maven-3.6.0/lib/maven-artifact-3.6.0.jar
7f630aad6000-7f630aad7000 r--s 00006000 fd:03 17082510                   /home/java/apache-maven-3.6.0/lib/maven-repository-metadata-3.6.0.jar
7f630aad7000-7f630aad9000 r--s 00027000 fd:03 17082509                   /home/java/apache-maven-3.6.0/lib/maven-model-3.6.0.jar
7f630aade000-7f630aaeb000 r--s 0008e000 fd:03 17082508                   /home/java/apache-maven-3.6.0/lib/maven-core-3.6.0.jar
7f630aaf2000-7f630aaf4000 r--s 00002000 fd:03 17082507                   /home/java/apache-maven-3.6.0/lib/plexus-cipher-1.7.jar
7f630aaf6000-7f630aaf7000 r--s 00006000 fd:03 17082506                   /home/java/apache-maven-3.6.0/lib/plexus-sec-dispatcher-1.4.jar
7f630aaf8000-7f630aafa000 r--s 00000000 fd:03 17082505                   /home/java/apache-maven-3.6.0/lib/plexus-component-annotations-1.7.1.jar
7f630aafa000-7f630aafd000 r--s 00012000 fd:03 17082504                   /home/java/apache-maven-3.6.0/lib/plexus-interpolation-1.25.jar
7f630ab03000-7f630ab04000 r--s 00003000 fd:03 17082503                   /home/java/apache-maven-3.6.0/lib/maven-builder-support-3.6.0.jar
7f630ab09000-7f630ab0b000 r--s 00009000 fd:03 17082502                   /home/java/apache-maven-3.6.0/lib/maven-settings-builder-3.6.0.jar
7f630ab11000-7f630ab12000 ---p 00000000 00:00 0 
7f630ab12000-7f630ac12000 rw-p 00000000 00:00 0 
7f630ac12000-7f630ac15000 ---p 00000000 00:00 0 
7f630ac15000-7f630ad13000 rw-p 00000000 00:00 0 
7f630ad13000-7f630ad17000 ---p 00000000 00:00 0 
7f630ad17000-7f630ae14000 rw-p 00000000 00:00 0 
7f630ae14000-7f630ae18000 ---p 00000000 00:00 0 
7f630ae18000-7f630af15000 rw-p 00000000 00:00 0 
7f630af15000-7f630af18000 ---p 00000000 00:00 0 
7f630af18000-7f630b016000 rw-p 00000000 00:00 0 
7f630b016000-7f630b019000 ---p 00000000 00:00 0 
7f630b019000-7f630b117000 rw-p 00000000 00:00 0 
7f630b117000-7f630b11a000 ---p 00000000 00:00 0 
7f630b11a000-7f630b218000 rw-p 00000000 00:00 0 
7f630b218000-7f630b219000 ---p 00000000 00:00 0 
7f630b219000-7f630d000000 rw-p 00000000 00:00 0 
7f630d000000-7f630d990000 rwxp 00000000 00:00 0 
7f630d990000-7f631c000000 ---p 00000000 00:00 0 
7f631c000000-7f631ccce000 rw-p 00000000 00:00 0 
7f631ccce000-7f6320000000 ---p 00000000 00:00 0 
7f6320004000-7f6320008000 r--s 0003c000 fd:03 17082501                   /home/java/apache-maven-3.6.0/lib/plexus-utils-3.1.0.jar
7f632000e000-7f6320011000 r--s 00016000 fd:03 17082499                   /home/java/apache-maven-3.6.0/lib/maven-embedder-3.6.0.jar
7f6320013000-7f6320487000 rw-p 00000000 00:00 0 
7f6320487000-7f6320661000 r--s 03d6f000 fd:03 1079612                    /home/java/jdk1.8.0_201/jre/lib/rt.jar
7f6320668000-7f6320833000 rw-p 00000000 00:00 0 
7f6320833000-7f6320834000 ---p 00000000 00:00 0 
7f6320834000-7f6320934000 rw-p 00000000 00:00 0 
7f6320934000-7f6320935000 ---p 00000000 00:00 0 
7f6320935000-7f6320a40000 rw-p 00000000 00:00 0 
7f6320a40000-7f6320adb000 ---p 00000000 00:00 0 
7f6320adb000-7f6320b04000 rw-p 00000000 00:00 0 
7f6320b04000-7f6320b2f000 ---p 00000000 00:00 0 
7f6320b2f000-7f6320b57000 rw-p 00000000 00:00 0 
7f6320b57000-7f6320ef0000 ---p 00000000 00:00 0 
7f6320ef0000-7f6320f0b000 r-xp 00000000 fd:03 50487589                   /home/java/jdk1.8.0_201/jre/lib/amd64/libzip.so
7f6320f0b000-7f632110a000 ---p 0001b000 fd:03 50487589                   /home/java/jdk1.8.0_201/jre/lib/amd64/libzip.so
7f632110a000-7f632110b000 r--p 0001a000 fd:03 50487589                   /home/java/jdk1.8.0_201/jre/lib/amd64/libzip.so
7f632110b000-7f632110c000 rw-p 0001b000 fd:03 50487589                   /home/java/jdk1.8.0_201/jre/lib/amd64/libzip.so
7f6321110000-7f632111c000 r-xp 00000000 fd:00 182496                     /usr/lib64/libnss_files-2.17.so
7f632111c000-7f632131b000 ---p 0000c000 fd:00 182496                     /usr/lib64/libnss_files-2.17.so
7f632131b000-7f632131c000 r--p 0000b000 fd:00 182496                     /usr/lib64/libnss_files-2.17.so
7f632131c000-7f632131d000 rw-p 0000c000 fd:00 182496                     /usr/lib64/libnss_files-2.17.so
7f632131d000-7f6321323000 rw-p 00000000 00:00 0 
7f6321328000-7f6321354000 r-xp 00000000 fd:03 50487583                   /home/java/jdk1.8.0_201/jre/lib/amd64/libjava.so
7f6321354000-7f6321554000 ---p 0002c000 fd:03 50487583                   /home/java/jdk1.8.0_201/jre/lib/amd64/libjava.so
7f6321554000-7f6321555000 r--p 0002c000 fd:03 50487583                   /home/java/jdk1.8.0_201/jre/lib/amd64/libjava.so
7f6321555000-7f6321557000 rw-p 0002d000 fd:03 50487583                   /home/java/jdk1.8.0_201/jre/lib/amd64/libjava.so
7f6321558000-7f6321565000 r-xp 00000000 fd:03 50487588                   /home/java/jdk1.8.0_201/jre/lib/amd64/libverify.so
7f6321565000-7f6321764000 ---p 0000d000 fd:03 50487588                   /home/java/jdk1.8.0_201/jre/lib/amd64/libverify.so
7f6321764000-7f6321766000 r--p 0000c000 fd:03 50487588                   /home/java/jdk1.8.0_201/jre/lib/amd64/libverify.so
7f6321766000-7f6321767000 rw-p 0000e000 fd:03 50487588                   /home/java/jdk1.8.0_201/jre/lib/amd64/libverify.so
7f6321768000-7f632176f000 r-xp 00000000 fd:00 182502                     /usr/lib64/librt-2.17.so
7f632176f000-7f632196e000 ---p 00007000 fd:00 182502                     /usr/lib64/librt-2.17.so
7f632196e000-7f632196f000 r--p 00006000 fd:00 182502                     /usr/lib64/librt-2.17.so
7f632196f000-7f6321970000 rw-p 00007000 fd:00 182502                     /usr/lib64/librt-2.17.so
7f6321970000-7f6321a71000 r-xp 00000000 fd:00 182490                     /usr/lib64/libm-2.17.so
7f6321a71000-7f6321c70000 ---p 00101000 fd:00 182490                     /usr/lib64/libm-2.17.so
7f6321c70000-7f6321c71000 r--p 00100000 fd:00 182490                     /usr/lib64/libm-2.17.so
7f6321c71000-7f6321c72000 rw-p 00101000 fd:00 182490                     /usr/lib64/libm-2.17.so
7f6321c78000-7f6322960000 r-xp 00000000 fd:03 1079642                    /home/java/jdk1.8.0_201/jre/lib/amd64/server/libjvm.so
7f6322960000-7f6322b5f000 ---p 00ce8000 fd:03 1079642                    /home/java/jdk1.8.0_201/jre/lib/amd64/server/libjvm.so
7f6322b5f000-7f6322bf5000 r--p 00ce7000 fd:03 1079642                    /home/java/jdk1.8.0_201/jre/lib/amd64/server/libjvm.so
7f6322bf5000-7f6322c26000 rw-p 00d7d000 fd:03 1079642                    /home/java/jdk1.8.0_201/jre/lib/amd64/server/libjvm.so
7f6322c26000-7f6322c61000 rw-p 00000000 00:00 0 
7f6322c68000-7f6322e2a000 r-xp 00000000 fd:00 133474                     /usr/lib64/libc-2.17.so
7f6322e2a000-7f632302a000 ---p 001c2000 fd:00 133474                     /usr/lib64/libc-2.17.so
7f632302a000-7f632302e000 r--p 001c2000 fd:00 133474                     /usr/lib64/libc-2.17.so
7f632302e000-7f6323030000 rw-p 001c6000 fd:00 133474                     /usr/lib64/libc-2.17.so
7f6323030000-7f6323035000 rw-p 00000000 00:00 0 
7f6323038000-7f632303a000 r-xp 00000000 fd:00 182488                     /usr/lib64/libdl-2.17.so
7f632303a000-7f632323a000 ---p 00002000 fd:00 182488                     /usr/lib64/libdl-2.17.so
7f632323a000-7f632323b000 r--p 00002000 fd:00 182488                     /usr/lib64/libdl-2.17.so
7f632323b000-7f632323c000 rw-p 00003000 fd:00 182488                     /usr/lib64/libdl-2.17.so
7f6323240000-7f6323257000 r-xp 00000000 fd:03 9496009                    /home/java/jdk1.8.0_201/lib/amd64/jli/libjli.so
7f6323257000-7f6323456000 ---p 00017000 fd:03 9496009                    /home/java/jdk1.8.0_201/lib/amd64/jli/libjli.so
7f6323456000-7f6323457000 r--p 00016000 fd:03 9496009                    /home/java/jdk1.8.0_201/lib/amd64/jli/libjli.so
7f6323457000-7f6323458000 rw-p 00017000 fd:03 9496009                    /home/java/jdk1.8.0_201/lib/amd64/jli/libjli.so
7f6323458000-7f632346f000 r-xp 00000000 fd:00 134878                     /usr/lib64/libpthread-2.17.so
7f632346f000-7f632366e000 ---p 00017000 fd:00 134878                     /usr/lib64/libpthread-2.17.so
7f632366e000-7f632366f000 r--p 00016000 fd:00 134878                     /usr/lib64/libpthread-2.17.so
7f632366f000-7f6323670000 rw-p 00017000 fd:00 134878                     /usr/lib64/libpthread-2.17.so
7f6323670000-7f6323674000 rw-p 00000000 00:00 0 
7f6323678000-7f632369a000 r-xp 00000000 fd:00 134063                     /usr/lib64/ld-2.17.so
7f632369b000-7f632369d000 r--s 0000b000 fd:03 59102748                   /home/java/apache-maven-3.6.0/boot/plexus-classworlds-2.5.2.jar
7f63236a3000-7f63236e0000 rw-p 00000000 00:00 0 
7f63236e0000-7f632377c000 ---p 00000000 00:00 0 
7f632377c000-7f6323780000 ---p 00000000 00:00 0 
7f6323780000-7f6323880000 rw-p 00000000 00:00 0 
7f6323882000-7f6323883000 r--s 0000a000 fd:03 17082500                   /home/java/apache-maven-3.6.0/lib/maven-settings-3.6.0.jar
7f6323888000-7f6323890000 rw-s 00000000 fd:03 8413251                    /home/java/.moved-tmp/hsperfdata_java/26047
7f6323895000-7f6323897000 rw-p 00000000 00:00 0 
7f6323897000-7f6323898000 ---p 00000000 00:00 0 
7f6323898000-7f6323899000 rw-p 00000000 00:00 0 
7f6323899000-7f632389a000 r--p 00021000 fd:00 134063                     /usr/lib64/ld-2.17.so
7f632389a000-7f632389b000 rw-p 00022000 fd:00 134063                     /usr/lib64/ld-2.17.so
7f632389b000-7f632389d000 rw-p 00000000 00:00 0 
7fffaccba000-7fffaccdb000 rw-p 00000000 00:00 0                          [stack]
7fffacde8000-7fffacdea000 r-xp 00000000 00:00 0                          [vdso]
ffffffffff600000-ffffffffff601000 r-xp 00000000 00:00 0                  [vsyscall]

VM Arguments:
jvm_args: -Dclassworlds.conf=/home/java/maven/bin/m2.conf -Dmaven.home=/home/java/maven -Dlibrary.jansi.path=/home/java/maven/lib/jansi-native -Dmaven.multiModuleProjectDirectory=/home/java/Pobrane/OfferPortalForSuppliers2207 
java_command: org.codehaus.plexus.classworlds.launcher.Launcher -Dmaven.ext.class.path=/home/java/netbeans-8.2/java/maven-nblib/netbeans-eventspy.jar clean install
java_class_path (initial): /home/java/maven/boot/plexus-classworlds-2.5.2.jar
Launcher Type: SUN_STANDARD

Environment Variables:
JAVA_HOME=/home/java/jdk8
PATH=/home/java/jdk/bin:/home/java/netbeans/bin:/home/java/glassfish/glassfish/bin:/home/java/glassfish/javadb/bin:/home/java/maven/bin:/home/java/tomcat/bin:/home/java/idea/bin:/home/java/jmeter/bin:/home/java/soapui/bin:/home/java/eclipse:/usr/local/git/bin:/usr/local/sbin:/usr/local/bin:/sbin:/bin:/usr/sbin:/usr/bin:/root/bin:/home/java/.local/bin:/home/java/bin
USERNAME=java
LD_LIBRARY_PATH=/home/java/jdk8/jre/lib/amd64:/home/java/jdk8/jre/lib/i386:
SHELL=/bin/bash
DISPLAY=:1.0

Signal Handlers:
SIGSEGV: [libjvm.so+0xad3e60], sa_mask[0]=11111111011111111101111111111110, sa_flags=SA_RESTART|SA_SIGINFO
SIGBUS: [libjvm.so+0xad3e60], sa_mask[0]=11111111011111111101111111111110, sa_flags=SA_RESTART|SA_SIGINFO
SIGFPE: [libjvm.so+0x90b880], sa_mask[0]=11111111011111111101111111111110, sa_flags=SA_RESTART|SA_SIGINFO
SIGPIPE: [libjvm.so+0x90b880], sa_mask[0]=11111111011111111101111111111110, sa_flags=SA_RESTART|SA_SIGINFO
SIGXFSZ: [libjvm.so+0x90b880], sa_mask[0]=11111111011111111101111111111110, sa_flags=SA_RESTART|SA_SIGINFO
SIGILL: [libjvm.so+0x90b880], sa_mask[0]=11111111011111111101111111111110, sa_flags=SA_RESTART|SA_SIGINFO
SIGUSR1: SIG_DFL, sa_mask[0]=00000000000000000000000000000000, sa_flags=none
SIGUSR2: [libjvm.so+0x90b750], sa_mask[0]=00100000000000000000000000000000, sa_flags=SA_RESTART|SA_SIGINFO
SIGHUP: [libjvm.so+0x90bd70], sa_mask[0]=11111111011111111101111111111110, sa_flags=SA_RESTART|SA_SIGINFO
SIGINT: SIG_IGN, sa_mask[0]=00000000000000000000000000000000, sa_flags=none
SIGTERM: [libjvm.so+0x90bd70], sa_mask[0]=11111111011111111101111111111110, sa_flags=SA_RESTART|SA_SIGINFO
SIGQUIT: [libjvm.so+0x90bd70], sa_mask[0]=11111111011111111101111111111110, sa_flags=SA_RESTART|SA_SIGINFO


---------------  S Y S T E M  ---------------

OS:CentOS Linux release 7.6.1810 (Core) 

uname:Linux 3.10.0-862.11.6.el7.x86_64 #1 SMP Tue Aug 14 21:49:04 UTC 2018 x86_64
libc:glibc 2.17 NPTL 2.17 
rlimit: STACK 8192k, CORE 0k, NPROC 4096, NOFILE 4096, AS infinity
load average:4,55 2,56 2,20

/proc/meminfo:
MemTotal:        2047528 kB
MemFree:           54764 kB
MemAvailable:       4660 kB
Buffers:             384 kB
Cached:            25252 kB
SwapCached:        46352 kB
Active:          1388472 kB
Inactive:         474108 kB
Active(anon):    1378852 kB
Inactive(anon):   461688 kB
Active(file):       9620 kB
Inactive(file):    12420 kB
Unevictable:          32 kB
Mlocked:              32 kB
SwapTotal:       1048572 kB
SwapFree:              4 kB
Dirty:                96 kB
Writeback:             0 kB
AnonPages:       1790868 kB
Mapped:             5556 kB
Shmem:              3364 kB
Slab:              56416 kB
SReclaimable:      28740 kB
SUnreclaim:        27676 kB
KernelStack:       11328 kB
PageTables:        32392 kB
NFS_Unstable:          0 kB
Bounce:                0 kB
WritebackTmp:          0 kB
CommitLimit:     2072336 kB
Committed_AS:    5295164 kB
VmallocTotal:   34359738367 kB
VmallocUsed:       31148 kB
VmallocChunk:   34359699624 kB
HardwareCorrupted:     0 kB
AnonHugePages:     59392 kB
CmaTotal:              0 kB
CmaFree:               0 kB
HugePages_Total:       0
HugePages_Free:        0
HugePages_Rsvd:        0
HugePages_Surp:        0
Hugepagesize:       2048 kB
DirectMap4k:       81856 kB
DirectMap2M:     2015232 kB

container (cgroup) information:
container_type: cgroupv1
cpu_cpuset_cpus: 0-1
cpu_memory_nodes: 0
active_processor_count: 2
cpu_quota: -1
cpu_period: 100000
cpu_shares: -1
memory_limit_in_bytes: -1
memory_and_swap_limit_in_bytes: -1
memory_soft_limit_in_bytes: -1
memory_usage_in_bytes: 1839480832
memory_max_usage_in_bytes: 0


CPU:total 2 (initial active 2) (2 cores per cpu, 1 threads per core) family 21 model 112 stepping 0, cmov, cx8, fxsr, mmx, sse, sse2, sse3, ssse3, sse4.1, sse4.2, popcnt, avx, avx2, aes, clmul, mmxext, lzcnt, sse4a, tsc, tscinvbit, tscinv

/proc/cpuinfo:
processor	: 0
vendor_id	: AuthenticAMD
cpu family	: 21
model		: 112
model name	: AMD A9-9420 RADEON R5, 5 COMPUTE CORES 2C+3G
stepping	: 0
microcode	: 0x6000626
cpu MHz		: 2994.380
cache size	: 1024 KB
physical id	: 0
siblings	: 2
core id		: 0
cpu cores	: 2
apicid		: 0
initial apicid	: 0
fpu		: yes
fpu_exception	: yes
cpuid level	: 13
wp		: yes
flags		: fpu vme de pse tsc msr pae mce cx8 apic sep mtrr pge mca cmov pat pse36 clflush mmx fxsr sse sse2 ht syscall nx mmxext fxsr_opt rdtscp lm constant_tsc art rep_good nopl nonstop_tsc extd_apicid pni pclmulqdq ssse3 cx16 sse4_1 sse4_2 x2apic movbe popcnt aes xsave avx rdrand hypervisor lahf_lm cmp_legacy cr8_legacy abm sse4a misalignsse 3dnowprefetch retpoline_amd ssbd vmmcall fsgsbase avx2 arat npt lbrv svm_lock nrip_save tsc_scale vmcb_clean flushbyasid decodeassists pausefilter pfthreshold avic v_vmsave_vmload vgif
bogomips	: 5988.76
TLB size	: 1536 4K pages
clflush size	: 64
cache_alignment	: 64
address sizes	: 48 bits physical, 48 bits virtual
power management:

processor	: 1
vendor_id	: AuthenticAMD
cpu family	: 21
model		: 112
model name	: AMD A9-9420 RADEON R5, 5 COMPUTE CORES 2C+3G
stepping	: 0
microcode	: 0x6000626
cpu MHz		: 2994.380
cache size	: 1024 KB
physical id	: 0
siblings	: 2
core id		: 1
cpu cores	: 2
apicid		: 1
initial apicid	: 1
fpu		: yes
fpu_exception	: yes
cpuid level	: 13
wp		: yes
flags		: fpu vme de pse tsc msr pae mce cx8 apic sep mtrr pge mca cmov pat pse36 clflush mmx fxsr sse sse2 ht syscall nx mmxext fxsr_opt rdtscp lm constant_tsc art rep_good nopl nonstop_tsc extd_apicid pni pclmulqdq ssse3 cx16 sse4_1 sse4_2 x2apic movbe popcnt aes xsave avx rdrand hypervisor lahf_lm cmp_legacy cr8_legacy abm sse4a misalignsse 3dnowprefetch retpoline_amd ssbd vmmcall fsgsbase avx2 arat npt lbrv svm_lock nrip_save tsc_scale vmcb_clean flushbyasid decodeassists pausefilter pfthreshold avic v_vmsave_vmload vgif
bogomips	: 5988.76
TLB size	: 1536 4K pages
clflush size	: 64
cache_alignment	: 64
address sizes	: 48 bits physical, 48 bits virtual
power management:



Memory: 4k page, physical 2047528k(54516k free), swap 1048572k(0k free)

vm_info: Java HotSpot(TM) 64-Bit Server VM (25.201-b09) for linux-amd64 JRE (1.8.0_201-b09), built on Dec 15 2018 11:35:59 by "java_re" with gcc 7.3.0

time: Tue Oct  8 09:33:51 2019
timezone: CEST
elapsed time: 22 seconds (0d 0h 0m 22s)

