#
# There is insufficient memory for the Java Runtime Environment to continue.
# Native memory allocation (mmap) failed to map 45613056 bytes for committing reserved memory.
# Possible reasons:
#   The system is out of physical RAM or swap space
#   The process is running with CompressedOops enabled, and the Java Heap may be blocking the growth of the native heap
# Possible solutions:
#   Reduce memory load on the system
#   Increase physical memory or swap space
#   Check if swap backing store is full
#   Decrease Java heap size (-Xmx/-Xms)
#   Decrease number of Java threads
#   Decrease Java thread stack sizes (-Xss)
#   Set larger code cache with -XX:ReservedCodeCacheSize=
#   JVM is running with Unscaled Compressed Oops mode in which the Java heap is
#     placed in the first 4GB address space. The Java Heap base address is the
#     maximum limit for the native heap growth. Please use -XX:HeapBaseMinAddress
#     to set the Java Heap base and to place the Java Heap above 4GB virtual address.
# This output file may be truncated or incomplete.
#
#  Out of Memory Error (os_linux.cpp:2749), pid=8704, tid=0x00007fdb78794700
#
# JRE version: Java(TM) SE Runtime Environment (8.0_201-b09) (build 1.8.0_201-b09)
# Java VM: Java HotSpot(TM) 64-Bit Server VM (25.201-b09 mixed mode linux-amd64 compressed oops)
# Failed to write core dump. Core dumps have been disabled. To enable core dumping, try "ulimit -c unlimited" before starting Java again
#

---------------  T H R E A D  ---------------

Current thread (0x00007fdb88073800):  VMThread [stack: 0x00007fdb78695000,0x00007fdb78795000] [id=8724]

Stack: [0x00007fdb78695000,0x00007fdb78795000],  sp=0x00007fdb78793410,  free space=1017k
Native frames: (J=compiled Java code, j=interpreted, Vv=VM code, C=native code)
V  [libjvm.so+0xad3525]  VMError::report_and_die()+0x2e5
V  [libjvm.so+0x4e0457]  report_vm_out_of_memory(char const*, int, unsigned long, VMErrorType, char const*)+0x67
V  [libjvm.so+0x9102f0]  os::pd_commit_memory(char*, unsigned long, unsigned long, bool)+0x100
V  [libjvm.so+0x90791f]  os::commit_memory(char*, unsigned long, unsigned long, bool)+0x1f
V  [libjvm.so+0x98c806]  PSVirtualSpace::expand_by(unsigned long)+0x56
V  [libjvm.so+0x98da98]  PSYoungGen::resize(unsigned long, unsigned long)+0xd8
V  [libjvm.so+0x98a236]  PSScavenge::invoke_no_policy()+0x1376
V  [libjvm.so+0x98a5cc]  PSScavenge::invoke()+0x4c
V  [libjvm.so+0x93a318]  ParallelScavengeHeap::failed_mem_allocate(unsigned long)+0x68
V  [libjvm.so+0xad5073]  VM_ParallelGCFailedAllocation::doit()+0x93
V  [libjvm.so+0xada296]  VM_Operation::evaluate()+0x46
V  [libjvm.so+0xad85cd]  VMThread::evaluate_operation(VM_Operation*) [clone .constprop.44]+0xcd
V  [libjvm.so+0xad8bb3]  VMThread::loop()+0x3a3
V  [libjvm.so+0xad8f88]  VMThread::run()+0x78
V  [libjvm.so+0x90d922]  java_start(Thread*)+0x102

VM_Operation (0x00007fdb90d02da0): ParallelGCFailedAllocation, mode: safepoint, requested by thread 0x00007fdb88009800


---------------  P R O C E S S  ---------------

Java Threads: ( => current thread )
  0x00007fdb880ba800 JavaThread "Service Thread" daemon [_thread_blocked, id=8730, stack(0x00007fdb7808e000,0x00007fdb7818f000)]
  0x00007fdb880b8000 JavaThread "C1 CompilerThread1" daemon [_thread_blocked, id=8729, stack(0x00007fdb78190000,0x00007fdb78290000)]
  0x00007fdb880b5000 JavaThread "C2 CompilerThread0" daemon [_thread_blocked, id=8728, stack(0x00007fdb78291000,0x00007fdb78391000)]
  0x00007fdb880b3800 JavaThread "Signal Dispatcher" daemon [_thread_blocked, id=8727, stack(0x00007fdb78391000,0x00007fdb78492000)]
  0x00007fdb88080000 JavaThread "Finalizer" daemon [_thread_blocked, id=8726, stack(0x00007fdb78492000,0x00007fdb78593000)]
  0x00007fdb8807d800 JavaThread "Reference Handler" daemon [_thread_blocked, id=8725, stack(0x00007fdb78593000,0x00007fdb78694000)]
  0x00007fdb88009800 JavaThread "main" [_thread_blocked, id=8721, stack(0x00007fdb90c07000,0x00007fdb90d07000)]

Other Threads:
=>0x00007fdb88073800 VMThread [stack: 0x00007fdb78695000,0x00007fdb78795000] [id=8724]
  0x00007fdb880bd800 WatcherThread [stack: 0x00007fdb5d9d6000,0x00007fdb5dad6000] [id=8731]

VM state:at safepoint (normal execution)

VM Mutex/Monitor currently owned by a thread:  ([mutex/lock_event])
[0x00007fdb88007190] Threads_lock - owner thread: 0x00007fdb88073800
[0x00007fdb88007690] Heap_lock - owner thread: 0x00007fdb88009800

heap address: 0x00000000e0c00000, size: 500 MB, Compressed Oops mode: 32-bit
Narrow klass base: 0x0000000000000000, Narrow klass shift: 3
Compressed class space size: 1073741824 Address: 0x0000000100000000

Heap:
 PSYoungGen      total 117248K, used 8691K [0x00000000f5980000, 0x00000000fd480000, 0x0000000100000000)
  eden space 108544K, 0% used [0x00000000f5980000,0x00000000f5980000,0x00000000fc380000)
  from space 8704K, 99% used [0x00000000fc380000,0x00000000fcbfcd38,0x00000000fcc00000)
  to   space 8192K, 0% used [0x00000000fcc80000,0x00000000fcc80000,0x00000000fd480000)
 ParOldGen       total 30208K, used 28817K [0x00000000e0c00000, 0x00000000e2980000, 0x00000000f5980000)
  object space 30208K, 95% used [0x00000000e0c00000,0x00000000e2824628,0x00000000e2980000)
 Metaspace       used 33799K, capacity 34416K, committed 34688K, reserved 1079296K
  class space    used 3957K, capacity 4147K, committed 4224K, reserved 1048576K

Card table byte_map: [0x00007fdb8dea3000,0x00007fdb8df9e000] byte_map_base: 0x00007fdb8d79d000

Marking Bits: (ParMarkBitMap*) 0x00007fdb900b1d80
 Begin Bits: [0x00007fdb8cd01000, 0x00007fdb8d4d1000)
 End Bits:   [0x00007fdb8d4d1000, 0x00007fdb8dca1000)

Polling page: 0x00007fdb90c05000

CodeCache: size=245760Kb used=12350Kb max_used=12353Kb free=233409Kb
 bounds [0x00007fdb79000000, 0x00007fdb79c20000, 0x00007fdb88000000]
 total_blobs=4266 nmethods=3852 adapters=328
 compilation: enabled

Compilation events (10 events):
Event: 118,814 Thread 0x00007fdb880b5000 4443       4       com.sun.tools.javac.file.ZipFileIndexArchive$ZipFileIndexFileObject::getKind (11 bytes)
Event: 118,921 Thread 0x00007fdb880b5000 nmethod 4443 0x00007fdb79c1a050 code [0x00007fdb79c1a200, 0x00007fdb79c1a7d8]
Event: 118,921 Thread 0x00007fdb880b5000 4444       4       com.sun.tools.javac.file.JavacFileManager::inferBinaryName (53 bytes)
Event: 119,581 Thread 0x00007fdb880b8000 4445       3       com.sun.tools.javac.code.Scope::dup (30 bytes)
Event: 119,837 Thread 0x00007fdb880b8000 nmethod 4445 0x00007fdb79c19b50 code [0x00007fdb79c19cc0, 0x00007fdb79c19f48]
Event: 119,837 Thread 0x00007fdb880b8000 4446       3       com.sun.tools.javac.jvm.ClassReader::sigToTypeParam (214 bytes)
Event: 119,846 Thread 0x00007fdb880b8000 nmethod 4446 0x00007fdb79c1c210 code [0x00007fdb79c1c4a0, 0x00007fdb79c1d5f8]
Event: 120,133 Thread 0x00007fdb880b8000 4447       3       com.sun.tools.javac.tree.JCTree$JCClassDecl::accept (6 bytes)
Event: 120,136 Thread 0x00007fdb880b8000 nmethod 4447 0x00007fdb79c19610 code [0x00007fdb79c19780, 0x00007fdb79c199a8]
Event: 120,254 Thread 0x00007fdb880b8000 4448       3       com.sun.tools.javac.comp.Check::checkUnique (290 bytes)

GC Heap History (10 events):
Event: 10,174 GC heap after
Heap after GC invocations=7 (full 0):
 PSYoungGen      total 38912K, used 4581K [0x00000000f5980000, 0x00000000fa880000, 0x0000000100000000)
  eden space 34304K, 0% used [0x00000000f5980000,0x00000000f5980000,0x00000000f7b00000)
  from space 4608K, 99% used [0x00000000f7b00000,0x00000000f7f79488,0x00000000f7f80000)
  to   space 6144K, 0% used [0x00000000fa280000,0x00000000fa280000,0x00000000fa880000)
 ParOldGen       total 22016K, used 8836K [0x00000000e0c00000, 0x00000000e2180000, 0x00000000f5980000)
  object space 22016K, 40% used [0x00000000e0c00000,0x00000000e14a13e0,0x00000000e2180000)
 Metaspace       used 15078K, capacity 15352K, committed 15616K, reserved 1062912K
  class space    used 1839K, capacity 1949K, committed 2048K, reserved 1048576K
}
Event: 14,284 GC heap before
{Heap before GC invocations=8 (full 0):
 PSYoungGen      total 38912K, used 38885K [0x00000000f5980000, 0x00000000fa880000, 0x0000000100000000)
  eden space 34304K, 100% used [0x00000000f5980000,0x00000000f7b00000,0x00000000f7b00000)
  from space 4608K, 99% used [0x00000000f7b00000,0x00000000f7f79488,0x00000000f7f80000)
  to   space 6144K, 0% used [0x00000000fa280000,0x00000000fa280000,0x00000000fa880000)
 ParOldGen       total 22016K, used 8836K [0x00000000e0c00000, 0x00000000e2180000, 0x00000000f5980000)
  object space 22016K, 40% used [0x00000000e0c00000,0x00000000e14a13e0,0x00000000e2180000)
 Metaspace       used 15827K, capacity 16214K, committed 16384K, reserved 1062912K
  class space    used 1909K, capacity 2022K, committed 2048K, reserved 1048576K
Event: 14,334 GC heap after
Heap after GC invocations=8 (full 0):
 PSYoungGen      total 73728K, used 5760K [0x00000000f5980000, 0x00000000faa80000, 0x0000000100000000)
  eden space 67584K, 0% used [0x00000000f5980000,0x00000000f5980000,0x00000000f9b80000)
  from space 6144K, 93% used [0x00000000fa280000,0x00000000fa820040,0x00000000fa880000)
  to   space 7168K, 0% used [0x00000000f9b80000,0x00000000f9b80000,0x00000000fa280000)
 ParOldGen       total 22016K, used 8956K [0x00000000e0c00000, 0x00000000e2180000, 0x00000000f5980000)
  object space 22016K, 40% used [0x00000000e0c00000,0x00000000e14bf3e0,0x00000000e2180000)
 Metaspace       used 15827K, capacity 16214K, committed 16384K, reserved 1062912K
  class space    used 1909K, capacity 2022K, committed 2048K, reserved 1048576K
}
Event: 20,400 GC heap before
{Heap before GC invocations=9 (full 0):
 PSYoungGen      total 73728K, used 73344K [0x00000000f5980000, 0x00000000faa80000, 0x0000000100000000)
  eden space 67584K, 100% used [0x00000000f5980000,0x00000000f9b80000,0x00000000f9b80000)
  from space 6144K, 93% used [0x00000000fa280000,0x00000000fa820040,0x00000000fa880000)
  to   space 7168K, 0% used [0x00000000f9b80000,0x00000000f9b80000,0x00000000fa280000)
 ParOldGen       total 22016K, used 8956K [0x00000000e0c00000, 0x00000000e2180000, 0x00000000f5980000)
  object space 22016K, 40% used [0x00000000e0c00000,0x00000000e14bf3e0,0x00000000e2180000)
 Metaspace       used 18064K, capacity 18590K, committed 18688K, reserved 1064960K
  class space    used 2182K, capacity 2302K, committed 2304K, reserved 1048576K
Event: 20,636 GC heap after
Heap after GC invocations=9 (full 0):
 PSYoungGen      total 74752K, used 7152K [0x00000000f5980000, 0x00000000fd580000, 0x0000000100000000)
  eden space 67584K, 0% used [0x00000000f5980000,0x00000000f5980000,0x00000000f9b80000)
  from space 7168K, 99% used [0x00000000f9b80000,0x00000000fa27c010,0x00000000fa280000)
  to   space 9216K, 0% used [0x00000000fcc80000,0x00000000fcc80000,0x00000000fd580000)
 ParOldGen       total 22016K, used 11783K [0x00000000e0c00000, 0x00000000e2180000, 0x00000000f5980000)
  object space 22016K, 53% used [0x00000000e0c00000,0x00000000e1781e30,0x00000000e2180000)
 Metaspace       used 18064K, capacity 18590K, committed 18688K, reserved 1064960K
  class space    used 2182K, capacity 2302K, committed 2304K, reserved 1048576K
}
Event: 23,794 GC heap before
{Heap before GC invocations=10 (full 0):
 PSYoungGen      total 74752K, used 32992K [0x00000000f5980000, 0x00000000fd580000, 0x0000000100000000)
  eden space 67584K, 38% used [0x00000000f5980000,0x00000000f72bc3e8,0x00000000f9b80000)
  from space 7168K, 99% used [0x00000000f9b80000,0x00000000fa27c010,0x00000000fa280000)
  to   space 9216K, 0% used [0x00000000fcc80000,0x00000000fcc80000,0x00000000fd580000)
 ParOldGen       total 22016K, used 11783K [0x00000000e0c00000, 0x00000000e2180000, 0x00000000f5980000)
  object space 22016K, 53% used [0x00000000e0c00000,0x00000000e1781e30,0x00000000e2180000)
 Metaspace       used 20711K, capacity 21218K, committed 21296K, reserved 1069056K
  class space    used 2542K, capacity 2670K, committed 2688K, reserved 1048576K
Event: 23,820 GC heap after
Heap after GC invocations=10 (full 0):
 PSYoungGen      total 116736K, used 4551K [0x00000000f5980000, 0x00000000fd480000, 0x0000000100000000)
  eden space 108544K, 0% used [0x00000000f5980000,0x00000000f5980000,0x00000000fc380000)
  from space 8192K, 55% used [0x00000000fcc80000,0x00000000fd0f1d60,0x00000000fd480000)
  to   space 8704K, 0% used [0x00000000fc380000,0x00000000fc380000,0x00000000fcc00000)
 ParOldGen       total 22016K, used 15415K [0x00000000e0c00000, 0x00000000e2180000, 0x00000000f5980000)
  object space 22016K, 70% used [0x00000000e0c00000,0x00000000e1b0de30,0x00000000e2180000)
 Metaspace       used 20711K, capacity 21218K, committed 21296K, reserved 1069056K
  class space    used 2542K, capacity 2670K, committed 2688K, reserved 1048576K
}
Event: 23,820 GC heap before
{Heap before GC invocations=11 (full 1):
 PSYoungGen      total 116736K, used 4551K [0x00000000f5980000, 0x00000000fd480000, 0x0000000100000000)
  eden space 108544K, 0% used [0x00000000f5980000,0x00000000f5980000,0x00000000fc380000)
  from space 8192K, 55% used [0x00000000fcc80000,0x00000000fd0f1d60,0x00000000fd480000)
  to   space 8704K, 0% used [0x00000000fc380000,0x00000000fc380000,0x00000000fcc00000)
 ParOldGen       total 22016K, used 15415K [0x00000000e0c00000, 0x00000000e2180000, 0x00000000f5980000)
  object space 22016K, 70% used [0x00000000e0c00000,0x00000000e1b0de30,0x00000000e2180000)
 Metaspace       used 20711K, capacity 21218K, committed 21296K, reserved 1069056K
  class space    used 2542K, capacity 2670K, committed 2688K, reserved 1048576K
Event: 24,003 GC heap after
Heap after GC invocations=11 (full 1):
 PSYoungGen      total 116736K, used 0K [0x00000000f5980000, 0x00000000fd480000, 0x0000000100000000)
  eden space 108544K, 0% used [0x00000000f5980000,0x00000000f5980000,0x00000000fc380000)
  from space 8192K, 0% used [0x00000000fcc80000,0x00000000fcc80000,0x00000000fd480000)
  to   space 8704K, 0% used [0x00000000fc380000,0x00000000fc380000,0x00000000fcc00000)
 ParOldGen       total 30208K, used 13999K [0x00000000e0c00000, 0x00000000e2980000, 0x00000000f5980000)
  object space 30208K, 46% used [0x00000000e0c00000,0x00000000e19abe78,0x00000000e2980000)
 Metaspace       used 20711K, capacity 21218K, committed 21296K, reserved 1069056K
  class space    used 2542K, capacity 2670K, committed 2688K, reserved 1048576K
}
Event: 120,538 GC heap before
{Heap before GC invocations=12 (full 1):
 PSYoungGen      total 116736K, used 108544K [0x00000000f5980000, 0x00000000fd480000, 0x0000000100000000)
  eden space 108544K, 100% used [0x00000000f5980000,0x00000000fc380000,0x00000000fc380000)
  from space 8192K, 0% used [0x00000000fcc80000,0x00000000fcc80000,0x00000000fd480000)
  to   space 8704K, 0% used [0x00000000fc380000,0x00000000fc380000,0x00000000fcc00000)
 ParOldGen       total 30208K, used 13999K [0x00000000e0c00000, 0x00000000e2980000, 0x00000000f5980000)
  object space 30208K, 46% used [0x00000000e0c00000,0x00000000e19abe78,0x00000000e2980000)
 Metaspace       used 33799K, capacity 34416K, committed 34688K, reserved 1079296K
  class space    used 3957K, capacity 4147K, committed 4224K, reserved 1048576K

Deoptimization events (10 events):
Event: 33,537 Thread 0x00007fdb88009800 Uncommon trap: reason=unstable_if action=reinterpret pc=0x00007fdb7971e970 method=java.util.HashMap.putVal(ILjava/lang/Object;Ljava/lang/Object;ZZ)Ljava/lang/Object; @ 162
Event: 39,859 Thread 0x00007fdb88009800 Uncommon trap: reason=predicate action=maybe_recompile pc=0x00007fdb79278f44 method=java.util.StringTokenizer.skipDelimiters(I)I @ 17
Event: 39,859 Thread 0x00007fdb88009800 Uncommon trap: reason=unstable_if action=reinterpret pc=0x00007fdb79a2c500 method=java.util.StringTokenizer.scanToken(I)I @ 96
Event: 39,859 Thread 0x00007fdb88009800 Uncommon trap: reason=unstable_if action=reinterpret pc=0x00007fdb79520ce8 method=java.util.StringTokenizer.scanToken(I)I @ 96
Event: 43,110 Thread 0x00007fdb88009800 Uncommon trap: reason=unstable_if action=reinterpret pc=0x00007fdb7934f2a8 method=org.codehaus.plexus.classworlds.realm.Entry.matches(Ljava/lang/String;)Z @ 20
Event: 58,791 Thread 0x00007fdb88009800 Uncommon trap: reason=unstable_if action=reinterpret pc=0x00007fdb7983a250 method=java.util.ArrayList.remove(Ljava/lang/Object;)Z @ 59
Event: 99,307 Thread 0x00007fdb88009800 Uncommon trap: reason=class_check action=maybe_recompile pc=0x00007fdb792bf574 method=sun.nio.cs.StreamEncoder.writeBytes()V @ 120
Event: 102,420 Thread 0x00007fdb88009800 Uncommon trap: reason=class_check action=maybe_recompile pc=0x00007fdb792bf574 method=sun.nio.cs.StreamEncoder.writeBytes()V @ 120
Event: 103,275 Thread 0x00007fdb88009800 Uncommon trap: reason=class_check action=maybe_recompile pc=0x00007fdb792bf574 method=sun.nio.cs.StreamEncoder.writeBytes()V @ 120
Event: 103,392 Thread 0x00007fdb88009800 Uncommon trap: reason=class_check action=maybe_recompile pc=0x00007fdb792bf574 method=sun.nio.cs.StreamEncoder.writeBytes()V @ 120

Classes redefined (0 events):
No events

Internal exceptions (10 events):
Event: 17,287 Thread 0x00007fdb88009800 Exception <a 'java/lang/NoClassDefFoundError': org/codehaus/plexus/util/interpolation/ValueSource> (0x00000000f8510440) thrown at [/HUDSON/workspace/8-2-build-linux-amd64/jdk8u201/12317/hotspot/src/share/vm/classfile/systemDictionary.cpp, line 199]
Event: 18,216 Thread 0x00007fdb88009800 Exception <a 'java/lang/NoClassDefFoundError': org/sonatype/aether/graph/Dependency> (0x00000000f8a61fe0) thrown at [/HUDSON/workspace/8-2-build-linux-amd64/jdk8u201/12317/hotspot/src/share/vm/classfile/systemDictionary.cpp, line 199]
Event: 23,052 Thread 0x00007fdb88009800 Exception <a 'java/lang/ClassNotFoundException': com/sun/tools/javac/api/JavacTool> (0x00000000f6b53ed0) thrown at [/HUDSON/workspace/8-2-build-linux-amd64/jdk8u201/12317/hotspot/src/share/vm/classfile/systemDictionary.cpp, line 210]
Event: 25,829 Thread 0x00007fdb88009800 Exception <a 'java/io/FileNotFoundException'> (0x00000000f79df1b0) thrown at [/HUDSON/workspace/8-2-build-linux-amd64/jdk8u201/12317/hotspot/src/share/vm/prims/jni.cpp, line 709]
Event: 25,965 Thread 0x00007fdb88009800 Exception <a 'java/io/FileNotFoundException'> (0x00000000f7a141a8) thrown at [/HUDSON/workspace/8-2-build-linux-amd64/jdk8u201/12317/hotspot/src/share/vm/prims/jni.cpp, line 709]
Event: 32,767 Thread 0x00007fdb88009800 Implicit null exception at 0x00007fdb7930be3b to 0x00007fdb7930c3c9
Event: 91,853 Thread 0x00007fdb88009800 Exception <a 'java/io/FileNotFoundException'> (0x00000000fbb1ad98) thrown at [/HUDSON/workspace/8-2-build-linux-amd64/jdk8u201/12317/hotspot/src/share/vm/prims/jni.cpp, line 709]
Event: 91,853 Thread 0x00007fdb88009800 Exception <a 'java/io/FileNotFoundException'> (0x00000000fbb1b830) thrown at [/HUDSON/workspace/8-2-build-linux-amd64/jdk8u201/12317/hotspot/src/share/vm/prims/jni.cpp, line 709]
Event: 91,867 Thread 0x00007fdb88009800 Exception <a 'java/io/FileNotFoundException'> (0x00000000fbb1cd90) thrown at [/HUDSON/workspace/8-2-build-linux-amd64/jdk8u201/12317/hotspot/src/share/vm/prims/jni.cpp, line 709]
Event: 91,867 Thread 0x00007fdb88009800 Exception <a 'java/io/FileNotFoundException'> (0x00000000fbb1d8c0) thrown at [/HUDSON/workspace/8-2-build-linux-amd64/jdk8u201/12317/hotspot/src/share/vm/prims/jni.cpp, line 709]

Events (10 events):
Event: 106,830 loading class com/sun/tools/javac/util/Log$WriterKind done
Event: 107,643 loading class com/sun/tools/javac/api/JavacTrees
Event: 107,660 loading class com/sun/tools/javac/api/JavacTrees done
Event: 108,373 loading class com/sun/source/util/DocTrees
Event: 108,426 loading class com/sun/source/util/DocTrees done
Event: 109,029 loading class com/sun/source/util/Trees
Event: 109,087 loading class com/sun/source/util/Trees done
Event: 109,962 loading class com/sun/tools/javac/file/CacheFSInfo$Entry
Event: 109,962 loading class com/sun/tools/javac/file/CacheFSInfo$Entry done
Event: 120,276 Executing VM operation: ParallelGCFailedAllocation


Dynamic libraries:
00400000-00401000 r-xp 00000000 fd:03 58720629                           /home/java/jdk1.8.0_201/bin/java
00600000-00601000 r--p 00000000 fd:03 58720629                           /home/java/jdk1.8.0_201/bin/java
00601000-00602000 rw-p 00001000 fd:03 58720629                           /home/java/jdk1.8.0_201/bin/java
00ee5000-00f06000 rw-p 00000000 00:00 0                                  [heap]
e0c00000-e2980000 rw-p 00000000 00:00 0 
e2980000-f5980000 ---p 00000000 00:00 0 
f5980000-fd480000 rw-p 00000000 00:00 0 
100000000-100420000 rw-p 00000000 00:00 0 
100420000-140000000 ---p 00000000 00:00 0 
7fdb47600000-7fdb477c0000 rw-p 00000000 00:00 0 
7fdb477c0000-7fdb47800000 ---p 00000000 00:00 0 
7fdb47800000-7fdb47a00000 rw-p 00000000 00:00 0 
7fdb47a00000-7fdb47c00000 rw-p 00000000 00:00 0 
7fdb47c00000-7fdb47e00000 rw-p 00000000 00:00 0 
7fdb47e00000-7fdb48000000 rw-p 00000000 00:00 0 
7fdb48000000-7fdb48021000 rw-p 00000000 00:00 0 
7fdb48021000-7fdb4c000000 ---p 00000000 00:00 0 
7fdb4c000000-7fdb4c021000 rw-p 00000000 00:00 0 
7fdb4c021000-7fdb50000000 ---p 00000000 00:00 0 
7fdb50000000-7fdb5153e000 rw-p 00000000 00:00 0 
7fdb5153e000-7fdb54000000 ---p 00000000 00:00 0 
7fdb54000000-7fdb54aa7000 rw-p 00000000 00:00 0 
7fdb54aa7000-7fdb58000000 ---p 00000000 00:00 0 
7fdb58000000-7fdb58021000 rw-p 00000000 00:00 0 
7fdb58021000-7fdb5c000000 ---p 00000000 00:00 0 
7fdb5c0ca000-7fdb5c0f9000 r--s 003e4000 fd:03 51306653                   /home/java/.m2/repository/org/primefaces/primefaces/6.2/primefaces-6.2.jar
7fdb5c0fe000-7fdb5c120000 r--s 00120000 fd:03 51969580                   /home/java/.m2/repository/javax/javaee-web-api/7.0/javaee-web-api-7.0.jar
7fdb5c127000-7fdb5c144000 r--s 00131000 fd:03 33560233                   /home/java/.m2/repository/org/eclipse/persistence/org.eclipse.persistence.jpa.jpql/2.5.2/org.eclipse.persistence.jpa.jpql-2.5.2.jar
7fdb5c148000-7fdb5c14d000 r--s 0002a000 fd:03 25991425                   /home/java/.m2/repository/org/eclipse/persistence/org.eclipse.persistence.antlr/2.5.2/org.eclipse.persistence.antlr-2.5.2.jar
7fdb5c14e000-7fdb5c164000 r--s 00138000 fd:03 16956609                   /home/java/.m2/repository/org/eclipse/persistence/org.eclipse.persistence.jpa/2.5.2/org.eclipse.persistence.jpa-2.5.2.jar
7fdb5c16a000-7fdb5c171000 r--s 0003c000 fd:03 11513466                   /home/java/.m2/repository/org/eclipse/persistence/org.eclipse.persistence.asm/2.5.2/org.eclipse.persistence.asm-2.5.2.jar
7fdb5c173000-7fdb5c1b1000 r--s 00495000 fd:03 514123                     /home/java/.m2/repository/org/eclipse/persistence/org.eclipse.persistence.core/2.5.2/org.eclipse.persistence.core-2.5.2.jar
7fdb5c1b6000-7fdb5c1bd000 r--s 00000000 fd:00 281884                     /usr/lib64/gconv/gconv-modules.cache
7fdb5c1be000-7fdb5c1e2000 r--p 00000000 fd:00 264146                     /usr/share/locale/pl/LC_MESSAGES/libc.mo
7fdb5c1e8000-7fdb5c1eb000 r--s 0001a000 fd:03 1079647                    /home/java/jdk1.8.0_201/jre/lib/jce.jar
7fdb5c1f2000-7fdb5c1f3000 r--s 0000c000 fd:03 58791692                   /home/java/.m2/repository/org/eclipse/persistence/org.eclipse.persistence.jpa.modelgen.processor/2.5.2/org.eclipse.persistence.jpa.modelgen.processor-2.5.2.jar
7fdb5c1fa000-7fdb5c1fc000 r--s 00004000 fd:03 50894024                   /home/java/.m2/repository/org/eclipse/persistence/commonj.sdo/2.1.1/commonj.sdo-2.1.1.jar
7fdb5c200000-7fdb5c206000 r--s 00022000 fd:03 33639583                   /home/java/.m2/repository/org/eclipse/persistence/javax.persistence/2.1.0/javax.persistence-2.1.0.jar
7fdb5c206000-7fdb5c282000 r--s 007c0000 fd:03 51139702                   /home/java/.m2/repository/org/eclipse/persistence/eclipselink/2.5.2/eclipselink-2.5.2.jar
7fdb5c283000-7fdb5c483000 rw-p 00000000 00:00 0 
7fdb5c483000-7fdb5c4fc000 r--s 010fd000 fd:03 34741344                   /home/java/jdk1.8.0_201/lib/tools.jar
7fdb5c501000-7fdb5c504000 r--s 0001b000 fd:03 42124244                   /home/java/.m2/repository/junit/junit/3.8.2/junit-3.8.2.jar
7fdb5c505000-7fdb5c513000 r--s 0008f000 fd:03 17384997                   /home/java/.m2/repository/com/google/collections/google-collections/1.0/google-collections-1.0.jar
7fdb5c518000-7fdb5c519000 r--s 0000a000 fd:03 50631719                   /home/java/.m2/repository/commons-logging/commons-logging-api/1.1/commons-logging-api-1.1.jar
7fdb5c51f000-7fdb5c526000 r--s 00051000 fd:03 25873353                   /home/java/.m2/repository/log4j/log4j/1.2.12/log4j-1.2.12.jar
7fdb5c52b000-7fdb5c52f000 r--s 0001d000 fd:03 42124226                   /home/java/.m2/repository/org/apache/xbean/xbean-reflect/3.4/xbean-reflect-3.4.jar
7fdb5c532000-7fdb5c533000 r--s 00004000 fd:03 42119839                   /home/java/.m2/repository/org/codehaus/plexus/plexus-compiler-javac/2.2/plexus-compiler-javac-2.2.jar
7fdb5c536000-7fdb5c538000 r--s 00000000 fd:03 33619081                   /home/java/.m2/repository/org/codehaus/plexus/plexus-compiler-manager/2.2/plexus-compiler-manager-2.2.jar
7fdb5c53b000-7fdb5c53d000 r--s 00005000 fd:03 17384993                   /home/java/.m2/repository/org/codehaus/plexus/plexus-compiler-api/2.2/plexus-compiler-api-2.2.jar
7fdb5c540000-7fdb5c542000 r--s 00002000 fd:03 42080408                   /home/java/.m2/repository/org/apache/maven/shared/maven-shared-incremental/1.1/maven-shared-incremental-1.1.jar
7fdb5c544000-7fdb5c546000 r--s 00006000 fd:03 33619084                   /home/java/.m2/repository/com/google/code/findbugs/jsr305/2.0.1/jsr305-2.0.1.jar
7fdb5c549000-7fdb5c54c000 r--s 00023000 fd:03 33619082                   /home/java/.m2/repository/org/apache/maven/shared/maven-shared-utils/0.1/maven-shared-utils-0.1.jar
7fdb5c54e000-7fdb5c552000 r--s 00030000 fd:03 42119836                   /home/java/.m2/repository/org/codehaus/plexus/plexus-utils/1.5.1/plexus-utils-1.5.1.jar
7fdb5c557000-7fdb5c757000 rw-p 00000000 00:00 0 
7fdb5c757000-7fdb5c759000 r--s 00009000 fd:03 33590286                   /home/java/.m2/repository/org/apache/maven/plugins/maven-compiler-plugin/3.1/maven-compiler-plugin-3.1.jar
7fdb5c75b000-7fdb5c75d000 r--s 0000d000 fd:03 42077970                   /home/java/.m2/repository/org/codehaus/plexus/plexus-interpolation/1.13/plexus-interpolation-1.13.jar
7fdb5c75f000-7fdb5c760000 r--s 00001000 fd:03 34741205                   /home/java/.m2/repository/org/sonatype/plexus/plexus-build-api/0.0.4/plexus-build-api-0.0.4.jar
7fdb5c767000-7fdb5c769000 r--s 00009000 fd:03 34741203                   /home/java/.m2/repository/org/apache/maven/shared/maven-filtering/1.1/maven-filtering-1.1.jar
7fdb5c769000-7fdb5c76d000 r--s 00033000 fd:03 654836                     /home/java/.m2/repository/org/codehaus/plexus/plexus-utils/2.0.5/plexus-utils-2.0.5.jar
7fdb5c76f000-7fdb5c770000 r--s 00001000 fd:03 51969621                   /home/java/.m2/repository/org/apache/maven/doxia/doxia-sink-api/1.0-alpha-7/doxia-sink-api-1.0-alpha-7.jar
7fdb5c770000-7fdb5c771000 r--s 00002000 fd:03 10503883                   /home/java/.m2/repository/org/apache/maven/reporting/maven-reporting-api/2.0.6/maven-reporting-api-2.0.6.jar
7fdb5c774000-7fdb5c776000 r--s 00006000 fd:03 8390086                    /home/java/.m2/repository/org/apache/maven/plugins/maven-resources-plugin/2.6/maven-resources-plugin-2.6.jar
7fdb5c77d000-7fdb5c78b000 r--s 0007f000 fd:03 10396585                   /home/java/.m2/repository/commons-collections/commons-collections/3.2.1/commons-collections-3.2.1.jar
7fdb5c78f000-7fdb5c794000 r--s 00041000 fd:03 489678                     /home/java/.m2/repository/commons-lang/commons-lang/2.6/commons-lang-2.6.jar
7fdb5c794000-7fdb5c796000 r--s 00006000 fd:03 58829285                   /home/java/.m2/repository/org/apache/maven/shared/maven-invoker/2.0.11/maven-invoker-2.0.11.jar
7fdb5c79c000-7fdb5c79e000 r--s 00006000 fd:03 21378650                   /home/java/.m2/repository/org/apache/maven/shared/maven-common-artifact-filters/1.4/maven-common-artifact-filters-1.4.jar
7fdb5c7a2000-7fdb5c7a4000 r--s 0000c000 fd:03 489676                     /home/java/.m2/repository/org/apache/maven/shared/maven-dependency-tree/2.0/maven-dependency-tree-2.0.jar
7fdb5c7a6000-7fdb5c7a8000 r--s 00000000 fd:03 1079600                    /home/java/.m2/repository/org/codehaus/plexus/plexus-component-annotations/1.5.5/plexus-component-annotations-1.5.5.jar
7fdb5c7a8000-7fdb5c7a9000 r--s 0000a000 fd:03 33583731                   /home/java/.m2/repository/asm/asm/3.3.1/asm-3.3.1.jar
7fdb5c7ab000-7fdb5c7ad000 r--s 00005000 fd:03 10396583                   /home/java/.m2/repository/org/apache/maven/shared/maven-dependency-analyzer/1.3/maven-dependency-analyzer-1.3.jar
7fdb5c7b2000-7fdb5c7b5000 r--s 0000c000 fd:03 50893476                   /home/java/.m2/repository/org/codehaus/plexus/plexus-io/2.0.6/plexus-io-2.0.6.jar
7fdb5c7b9000-7fdb5c7bc000 r--s 0001b000 fd:03 11357219                   /home/java/.m2/repository/junit/junit/3.8.1/junit-3.8.1.jar
7fdb5c7be000-7fdb5c7c0000 r--s 00008000 fd:03 50893473                   /home/java/.m2/repository/org/apache/maven/shared/maven-shared-io/1.1/maven-shared-io-1.1.jar
7fdb5c7c6000-7fdb5c7c8000 r--s 00008000 fd:03 21378649                   /home/java/.m2/repository/org/apache/maven/shared/file-management/1.2.1/file-management-1.2.1.jar
7fdb5c7cb000-7fdb5c7cf000 r--s 00035000 fd:03 489672                     /home/java/.m2/repository/org/codehaus/plexus/plexus-utils/3.0.9/plexus-utils-3.0.9.jar
7fdb5c7cf000-7fdb5c7d4000 r--s 00029000 fd:03 33583728                   /home/java/.m2/repository/org/codehaus/plexus/plexus-archiver/2.2/plexus-archiver-2.2.jar
7fdb5c7da000-7fdb5c7dc000 r--s 00004000 fd:03 21378646                   /home/java/.m2/repository/org/apache/maven/doxia/doxia-module-xhtml/1.0/doxia-module-xhtml-1.0.jar
7fdb5c7dc000-7fdb5c7dd000 r--s 00006000 fd:03 489669                     /home/java/.m2/repository/org/apache/maven/doxia/doxia-module-xdoc/1.0/doxia-module-xdoc-1.0.jar
7fdb5c7e2000-7fdb5c7e3000 r--s 00004000 fd:03 50893471                   /home/java/.m2/repository/org/apache/maven/doxia/doxia-module-fml/1.0/doxia-module-fml-1.0.jar
7fdb5c7e8000-7fdb5c7ea000 r--s 0000a000 fd:03 21378645                   /home/java/.m2/repository/org/apache/maven/doxia/doxia-module-apt/1.0/doxia-module-apt-1.0.jar
7fdb5c7f1000-7fdb5c7f2000 r--s 0000b000 fd:03 58829283                   /home/java/.m2/repository/org/apache/maven/doxia/doxia-decoration-model/1.0/doxia-decoration-model-1.0.jar
7fdb5c7f6000-7fdb5c7fe000 r--s 00058000 fd:03 58829281                   /home/java/.m2/repository/org/apache/velocity/velocity/1.5/velocity-1.5.jar
7fdb5c7ff000-7fdb5c800000 r--s 00001000 fd:03 58829055                   /home/java/.m2/repository/org/codehaus/plexus/plexus-velocity/1.1.7/plexus-velocity-1.1.7.jar
7fdb5c800000-7fdb5c801000 r--s 00002000 fd:03 33583726                   /home/java/.m2/repository/org/codehaus/plexus/plexus-i18n/1.0-beta-7/plexus-i18n-1.0-beta-7.jar
7fdb5c808000-7fdb5c80a000 r--s 0000a000 fd:03 489667                     /home/java/.m2/repository/org/apache/maven/doxia/doxia-site-renderer/1.0/doxia-site-renderer-1.0.jar
7fdb5c810000-7fdb5c811000 r--s 00002000 fd:03 29576375                   /home/java/.m2/repository/org/apache/maven/doxia/doxia-sink-api/1.0/doxia-sink-api-1.0.jar
7fdb5c814000-7fdb5c819000 r--s 00016000 fd:03 10396581                   /home/java/.m2/repository/xml-apis/xml-apis/1.0.b2/xml-apis-1.0.b2.jar
7fdb5c81c000-7fdb5c81e000 r--s 0000e000 fd:03 42402828                   /home/java/.m2/repository/oro/oro/2.0.8/oro-2.0.8.jar
7fdb5c81e000-7fdb5c820000 r--s 00008000 fd:03 21378642                   /home/java/.m2/repository/commons-logging/commons-logging/1.0.4/commons-logging-1.0.4.jar
7fdb5c824000-7fdb5c828000 r--s 00026000 fd:03 21378640                   /home/java/.m2/repository/commons-digester/commons-digester/1.6/commons-digester-1.6.jar
7fdb5c828000-7fdb5c82d000 r--s 0002a000 fd:03 42402823                   /home/java/.m2/repository/commons-beanutils/commons-beanutils/1.7.0/commons-beanutils-1.7.0.jar
7fdb5c832000-7fdb5c835000 r--s 00014000 fd:03 21378638                   /home/java/.m2/repository/commons-validator/commons-validator/1.2.0/commons-validator-1.2.0.jar
7fdb5c836000-7fdb5c839000 r--s 00018000 fd:03 50893469                   /home/java/.m2/repository/commons-io/commons-io/1.4/commons-io-1.4.jar
7fdb5c83f000-7fdb5c841000 r--s 00009000 fd:03 33583724                   /home/java/.m2/repository/org/apache/maven/shared/maven-doxia-tools/1.0.2/maven-doxia-tools-1.0.2.jar
7fdb5c841000-7fdb5c844000 r--s 0000b000 fd:03 10396579                   /home/java/.m2/repository/org/apache/maven/doxia/doxia-core/1.0/doxia-core-1.0.jar
7fdb5c84a000-7fdb5c84c000 r--s 00004000 fd:03 58829053                   /home/java/.m2/repository/org/apache/maven/reporting/maven-reporting-impl/2.0.5/maven-reporting-impl-2.0.5.jar
7fdb5c850000-7fdb5c851000 r--s 00002000 fd:03 489665                     /home/java/.m2/repository/org/apache/maven/reporting/maven-reporting-api/3.0/maven-reporting-api-3.0.jar
7fdb5c858000-7fdb5c85a000 r--s 00002000 fd:03 25322911                   /home/java/.m2/repository/org/codehaus/plexus/plexus-interactivity-api/1.0-alpha-4/plexus-interactivity-api-1.0-alpha-4.jar
7fdb5c85c000-7fdb5c85e000 r--s 00006000 fd:03 51969624                   /home/java/.m2/repository/commons-cli/commons-cli/1.0/commons-cli-1.0.jar
7fdb5c85f000-7fdb5c862000 r--s 00021000 fd:03 20393982                   /home/java/.m2/repository/org/apache/maven/plugins/maven-dependency-plugin/2.6/maven-dependency-plugin-2.6.jar
7fdb5c862000-7fdb5ca62000 rw-p 00000000 00:00 0 
7fdb5ca62000-7fdb5ca66000 r--s 00034000 fd:03 50631726                   /home/java/.m2/repository/org/codehaus/plexus/plexus-utils/3.0/plexus-utils-3.0.jar
7fdb5ca66000-7fdb5ca77000 r-xp 00000000 fd:03 50487596                   /home/java/jdk1.8.0_201/jre/lib/amd64/libnio.so
7fdb5ca77000-7fdb5cc76000 ---p 00011000 fd:03 50487596                   /home/java/jdk1.8.0_201/jre/lib/amd64/libnio.so
7fdb5cc76000-7fdb5cc77000 r--p 00010000 fd:03 50487596                   /home/java/jdk1.8.0_201/jre/lib/amd64/libnio.so
7fdb5cc77000-7fdb5cc78000 rw-p 00011000 fd:03 50487596                   /home/java/jdk1.8.0_201/jre/lib/amd64/libnio.so
7fdb5cc7e000-7fdb5cc94000 r-xp 00000000 fd:03 50487593                   /home/java/jdk1.8.0_201/jre/lib/amd64/libnet.so
7fdb5cc94000-7fdb5ce94000 ---p 00016000 fd:03 50487593                   /home/java/jdk1.8.0_201/jre/lib/amd64/libnet.so
7fdb5ce94000-7fdb5ce95000 r--p 00016000 fd:03 50487593                   /home/java/jdk1.8.0_201/jre/lib/amd64/libnet.so
7fdb5ce95000-7fdb5ce96000 rw-p 00017000 fd:03 50487593                   /home/java/jdk1.8.0_201/jre/lib/amd64/libnet.so
7fdb5ce97000-7fdb5d097000 rw-p 00000000 00:00 0 
7fdb5d097000-7fdb5d09b000 r--s 000a1000 fd:03 1079627                    /home/java/jdk1.8.0_201/jre/lib/jsse.jar
7fdb5d0a1000-7fdb5d2a1000 rw-p 00000000 00:00 0 
7fdb5d2a1000-7fdb5d4a1000 rw-p 00000000 00:00 0 
7fdb5d4a1000-7fdb5d4bd000 r--s 00393000 fd:03 33556837                   /home/java/jdk1.8.0_201/jre/lib/ext/cldrdata.jar
7fdb5d4be000-7fdb5d4c0000 r-xp 00000000 fd:00 135046                     /usr/lib64/libutil-2.17.so
7fdb5d4c0000-7fdb5d6bf000 ---p 00002000 fd:00 135046                     /usr/lib64/libutil-2.17.so
7fdb5d6bf000-7fdb5d6c0000 r--p 00001000 fd:00 135046                     /usr/lib64/libutil-2.17.so
7fdb5d6c0000-7fdb5d6c1000 rw-p 00002000 fd:00 135046                     /usr/lib64/libutil-2.17.so
7fdb5d6c3000-7fdb5d6c5000 r--s 00005000 fd:03 11705871                   /home/java/.m2/repository/org/apache/maven/plugins/maven-clean-plugin/2.5/maven-clean-plugin-2.5.jar
7fdb5d6cb000-7fdb5d6cd000 r--s 0000d000 fd:03 25214766                   /home/java/netbeans-8.2/java/maven-nblib/netbeans-eventspy.jar
7fdb5d6d4000-7fdb5d6de000 r--s 00116000 fd:03 33556844                   /home/java/jdk1.8.0_201/jre/lib/ext/localedata.jar
7fdb5d6de000-7fdb5d6e1000 r-xp 00000000 fd:03 59102746                   /home/java/apache-maven-3.6.0/lib/jansi-native/linux64/libjansi.so
7fdb5d6e1000-7fdb5d8e0000 ---p 00003000 fd:03 59102746                   /home/java/apache-maven-3.6.0/lib/jansi-native/linux64/libjansi.so
7fdb5d8e0000-7fdb5d8e1000 rw-p 00002000 fd:03 59102746                   /home/java/apache-maven-3.6.0/lib/jansi-native/linux64/libjansi.so
7fdb5d8e8000-7fdb5d8ec000 r--s 00042000 fd:03 17396599                   /home/java/apache-maven-3.6.0/lib/jansi-1.17.1.jar
7fdb5d8f3000-7fdb5d8f4000 r--s 00005000 fd:03 17396598                   /home/java/apache-maven-3.6.0/lib/maven-slf4j-provider-3.6.0.jar
7fdb5d8f4000-7fdb5d8f6000 r--s 00006000 fd:03 17396597                   /home/java/apache-maven-3.6.0/lib/maven-resolver-transport-wagon-1.3.1.jar
7fdb5d8f7000-7fdb5d8f9000 r--s 00009000 fd:03 17396596                   /home/java/apache-maven-3.6.0/lib/maven-resolver-connector-basic-1.3.1.jar
7fdb5d900000-7fdb5d901000 r--s 00002000 fd:03 17396595                   /home/java/apache-maven-3.6.0/lib/wagon-file-3.2.0.jar
7fdb5d901000-7fdb5d903000 r--s 00003000 fd:03 17396594                   /home/java/apache-maven-3.6.0/lib/jcl-over-slf4j-1.7.25.jar
7fdb5d905000-7fdb5d932000 r--s 001df000 fd:03 17396593                   /home/java/apache-maven-3.6.0/lib/wagon-http-3.2.0-shaded.jar
7fdb5d932000-7fdb5d934000 r--s 0000c000 fd:03 17396592                   /home/java/apache-maven-3.6.0/lib/wagon-provider-api-3.2.0.jar
7fdb5d937000-7fdb5d93e000 r--s 00041000 fd:03 17396591                   /home/java/apache-maven-3.6.0/lib/maven-compat-3.6.0.jar
7fdb5d942000-7fdb5d944000 r--s 0000c000 fd:03 17396590                   /home/java/apache-maven-3.6.0/lib/commons-cli-1.4.jar
7fdb5d946000-7fdb5d947000 r--s 00000000 fd:03 17396589                   /home/java/apache-maven-3.6.0/lib/animal-sniffer-annotations-1.14.jar
7fdb5d947000-7fdb5d949000 r--s 00001000 fd:03 17261598                   /home/java/apache-maven-3.6.0/lib/j2objc-annotations-1.1.jar
7fdb5d950000-7fdb5d952000 r--s 00002000 fd:03 17261581                   /home/java/apache-maven-3.6.0/lib/error_prone_annotations-2.1.3.jar
7fdb5d954000-7fdb5d956000 r--s 00006000 fd:03 17113290                   /home/java/apache-maven-3.6.0/lib/checker-compat-qual-2.0.0.jar
7fdb5d959000-7fdb5d95b000 r--s 00003000 fd:03 17113289                   /home/java/apache-maven-3.6.0/lib/jsr305-3.0.2.jar
7fdb5d95f000-7fdb5d98f000 r--s 00249000 fd:03 17113288                   /home/java/apache-maven-3.6.0/lib/guava-25.1-android.jar
7fdb5d996000-7fdb5d998000 r--s 00000000 fd:03 17113287                   /home/java/apache-maven-3.6.0/lib/aopalliance-1.0.jar
7fdb5d99b000-7fdb5d9a6000 r--s 00075000 fd:03 17113275                   /home/java/apache-maven-3.6.0/lib/guice-4.2.1-no_aop.jar
7fdb5d9ad000-7fdb5d9b1000 r--s 0002f000 fd:03 17113274                   /home/java/apache-maven-3.6.0/lib/commons-io-2.5.jar
7fdb5d9b4000-7fdb5d9b7000 r--s 00026000 fd:03 17113273                   /home/java/apache-maven-3.6.0/lib/maven-shared-utils-3.2.1.jar
7fdb5d9b7000-7fdb5d9b9000 r--s 00009000 fd:03 17113255                   /home/java/apache-maven-3.6.0/lib/slf4j-api-1.7.25.jar
7fdb5d9bf000-7fdb5d9c3000 r--s 00029000 fd:03 17113253                   /home/java/apache-maven-3.6.0/lib/maven-resolver-impl-1.3.1.jar
7fdb5d9c9000-7fdb5d9ce000 r--s 00023000 fd:03 17113251                   /home/java/apache-maven-3.6.0/lib/maven-resolver-util-1.3.1.jar
7fdb5d9d5000-7fdb5d9d6000 ---p 00000000 00:00 0 
7fdb5d9d6000-7fdb5dad6000 rw-p 00000000 00:00 0 
7fdb5dad6000-7fdb63fff000 r--p 00000000 fd:00 182482                     /usr/lib/locale/locale-archive
7fdb64000000-7fdb64021000 rw-p 00000000 00:00 0 
7fdb64021000-7fdb68000000 ---p 00000000 00:00 0 
7fdb68000000-7fdb68021000 rw-p 00000000 00:00 0 
7fdb68021000-7fdb6c000000 ---p 00000000 00:00 0 
7fdb6c000000-7fdb6c021000 rw-p 00000000 00:00 0 
7fdb6c021000-7fdb70000000 ---p 00000000 00:00 0 
7fdb70000000-7fdb7029a000 rw-p 00000000 00:00 0 
7fdb7029a000-7fdb74000000 ---p 00000000 00:00 0 
7fdb74000000-7fdb74026000 rw-p 00000000 00:00 0 
7fdb74026000-7fdb78000000 ---p 00000000 00:00 0 
7fdb78005000-7fdb78008000 r--s 00007000 fd:03 17113250                   /home/java/apache-maven-3.6.0/lib/maven-resolver-spi-1.3.1.jar
7fdb7800e000-7fdb78013000 r--s 00020000 fd:03 17113249                   /home/java/apache-maven-3.6.0/lib/maven-resolver-api-1.3.1.jar
7fdb78015000-7fdb78017000 r--s 0000f000 fd:03 17113248                   /home/java/apache-maven-3.6.0/lib/maven-resolver-provider-3.6.0.jar
7fdb7801d000-7fdb78022000 r--s 00027000 fd:03 17082527                   /home/java/apache-maven-3.6.0/lib/maven-model-builder-3.6.0.jar
7fdb78024000-7fdb7802b000 r--s 00056000 fd:03 17082524                   /home/java/apache-maven-3.6.0/lib/org.eclipse.sisu.inject-0.3.3.jar
7fdb7802e000-7fdb7802f000 r--s 00000000 fd:03 17082523                   /home/java/apache-maven-3.6.0/lib/javax.inject-1.jar
7fdb7802f000-7fdb78030000 r--s 00001000 fd:03 17082522                   /home/java/apache-maven-3.6.0/lib/jsr250-api-1.0.jar
7fdb78036000-7fdb78039000 r--s 00008000 fd:03 17082521                   /home/java/apache-maven-3.6.0/lib/cdi-api-1.0.jar
7fdb7803b000-7fdb78041000 r--s 0002d000 fd:03 17082520                   /home/java/apache-maven-3.6.0/lib/org.eclipse.sisu.plexus-0.3.3.jar
7fdb78048000-7fdb7804a000 r--s 0000a000 fd:03 17082517                   /home/java/apache-maven-3.6.0/lib/maven-plugin-api-3.6.0.jar
7fdb78051000-7fdb78059000 r--s 00073000 fd:03 17082512                   /home/java/apache-maven-3.6.0/lib/commons-lang3-3.8.1.jar
7fdb7805a000-7fdb7805c000 r--s 0000c000 fd:03 17082511                   /home/java/apache-maven-3.6.0/lib/maven-artifact-3.6.0.jar
7fdb7805c000-7fdb7805d000 r--s 00006000 fd:03 17082510                   /home/java/apache-maven-3.6.0/lib/maven-repository-metadata-3.6.0.jar
7fdb7805d000-7fdb7805f000 r--s 00027000 fd:03 17082509                   /home/java/apache-maven-3.6.0/lib/maven-model-3.6.0.jar
7fdb78064000-7fdb78071000 r--s 0008e000 fd:03 17082508                   /home/java/apache-maven-3.6.0/lib/maven-core-3.6.0.jar
7fdb78078000-7fdb7807a000 r--s 00002000 fd:03 17082507                   /home/java/apache-maven-3.6.0/lib/plexus-cipher-1.7.jar
7fdb7807c000-7fdb7807d000 r--s 00006000 fd:03 17082506                   /home/java/apache-maven-3.6.0/lib/plexus-sec-dispatcher-1.4.jar
7fdb7807e000-7fdb78080000 r--s 00000000 fd:03 17082505                   /home/java/apache-maven-3.6.0/lib/plexus-component-annotations-1.7.1.jar
7fdb78080000-7fdb78083000 r--s 00012000 fd:03 17082504                   /home/java/apache-maven-3.6.0/lib/plexus-interpolation-1.25.jar
7fdb78087000-7fdb78089000 r--s 00009000 fd:03 17082502                   /home/java/apache-maven-3.6.0/lib/maven-settings-builder-3.6.0.jar
7fdb7808a000-7fdb7808e000 r--s 0003c000 fd:03 17082501                   /home/java/apache-maven-3.6.0/lib/plexus-utils-3.1.0.jar
7fdb7808e000-7fdb78091000 ---p 00000000 00:00 0 
7fdb78091000-7fdb7818f000 rw-p 00000000 00:00 0 
7fdb7818f000-7fdb78193000 ---p 00000000 00:00 0 
7fdb78193000-7fdb78290000 rw-p 00000000 00:00 0 
7fdb78290000-7fdb78294000 ---p 00000000 00:00 0 
7fdb78294000-7fdb78391000 rw-p 00000000 00:00 0 
7fdb78391000-7fdb78394000 ---p 00000000 00:00 0 
7fdb78394000-7fdb78492000 rw-p 00000000 00:00 0 
7fdb78492000-7fdb78495000 ---p 00000000 00:00 0 
7fdb78495000-7fdb78593000 rw-p 00000000 00:00 0 
7fdb78593000-7fdb78596000 ---p 00000000 00:00 0 
7fdb78596000-7fdb78694000 rw-p 00000000 00:00 0 
7fdb78694000-7fdb78695000 ---p 00000000 00:00 0 
7fdb78695000-7fdb79000000 rw-p 00000000 00:00 0 
7fdb79000000-7fdb79c20000 rwxp 00000000 00:00 0 
7fdb79c20000-7fdb88000000 ---p 00000000 00:00 0 
7fdb88000000-7fdb89163000 rw-p 00000000 00:00 0 
7fdb89163000-7fdb8c000000 ---p 00000000 00:00 0 
7fdb8c005000-7fdb8c155000 rw-p 00000000 00:00 0 
7fdb8c155000-7fdb8c32f000 r--s 03d6f000 fd:03 1079612                    /home/java/jdk1.8.0_201/jre/lib/rt.jar
7fdb8c336000-7fdb8dca1000 rw-p 00000000 00:00 0 
7fdb8dca1000-7fdb8dca2000 ---p 00000000 00:00 0 
7fdb8dca2000-7fdb8dda2000 rw-p 00000000 00:00 0 
7fdb8dda2000-7fdb8dda3000 ---p 00000000 00:00 0 
7fdb8dda3000-7fdb8deb2000 rw-p 00000000 00:00 0 
7fdb8deb2000-7fdb8df49000 ---p 00000000 00:00 0 
7fdb8df49000-7fdb8df88000 rw-p 00000000 00:00 0 
7fdb8df88000-7fdb8df9d000 ---p 00000000 00:00 0 
7fdb8df9d000-7fdb8dfcf000 rw-p 00000000 00:00 0 
7fdb8dfcf000-7fdb8e35e000 ---p 00000000 00:00 0 
7fdb8e35e000-7fdb8e379000 r-xp 00000000 fd:03 50487589                   /home/java/jdk1.8.0_201/jre/lib/amd64/libzip.so
7fdb8e379000-7fdb8e578000 ---p 0001b000 fd:03 50487589                   /home/java/jdk1.8.0_201/jre/lib/amd64/libzip.so
7fdb8e578000-7fdb8e579000 r--p 0001a000 fd:03 50487589                   /home/java/jdk1.8.0_201/jre/lib/amd64/libzip.so
7fdb8e579000-7fdb8e57a000 rw-p 0001b000 fd:03 50487589                   /home/java/jdk1.8.0_201/jre/lib/amd64/libzip.so
7fdb8e57e000-7fdb8e58a000 r-xp 00000000 fd:00 182496                     /usr/lib64/libnss_files-2.17.so
7fdb8e58a000-7fdb8e789000 ---p 0000c000 fd:00 182496                     /usr/lib64/libnss_files-2.17.so
7fdb8e789000-7fdb8e78a000 r--p 0000b000 fd:00 182496                     /usr/lib64/libnss_files-2.17.so
7fdb8e78a000-7fdb8e78b000 rw-p 0000c000 fd:00 182496                     /usr/lib64/libnss_files-2.17.so
7fdb8e78b000-7fdb8e791000 rw-p 00000000 00:00 0 
7fdb8e796000-7fdb8e7c2000 r-xp 00000000 fd:03 50487583                   /home/java/jdk1.8.0_201/jre/lib/amd64/libjava.so
7fdb8e7c2000-7fdb8e9c2000 ---p 0002c000 fd:03 50487583                   /home/java/jdk1.8.0_201/jre/lib/amd64/libjava.so
7fdb8e9c2000-7fdb8e9c3000 r--p 0002c000 fd:03 50487583                   /home/java/jdk1.8.0_201/jre/lib/amd64/libjava.so
7fdb8e9c3000-7fdb8e9c5000 rw-p 0002d000 fd:03 50487583                   /home/java/jdk1.8.0_201/jre/lib/amd64/libjava.so
7fdb8e9c6000-7fdb8e9d3000 r-xp 00000000 fd:03 50487588                   /home/java/jdk1.8.0_201/jre/lib/amd64/libverify.so
7fdb8e9d3000-7fdb8ebd2000 ---p 0000d000 fd:03 50487588                   /home/java/jdk1.8.0_201/jre/lib/amd64/libverify.so
7fdb8ebd2000-7fdb8ebd4000 r--p 0000c000 fd:03 50487588                   /home/java/jdk1.8.0_201/jre/lib/amd64/libverify.so
7fdb8ebd4000-7fdb8ebd5000 rw-p 0000e000 fd:03 50487588                   /home/java/jdk1.8.0_201/jre/lib/amd64/libverify.so
7fdb8ebd6000-7fdb8ebdd000 r-xp 00000000 fd:00 182502                     /usr/lib64/librt-2.17.so
7fdb8ebdd000-7fdb8eddc000 ---p 00007000 fd:00 182502                     /usr/lib64/librt-2.17.so
7fdb8eddc000-7fdb8eddd000 r--p 00006000 fd:00 182502                     /usr/lib64/librt-2.17.so
7fdb8eddd000-7fdb8edde000 rw-p 00007000 fd:00 182502                     /usr/lib64/librt-2.17.so
7fdb8edde000-7fdb8eedf000 r-xp 00000000 fd:00 182490                     /usr/lib64/libm-2.17.so
7fdb8eedf000-7fdb8f0de000 ---p 00101000 fd:00 182490                     /usr/lib64/libm-2.17.so
7fdb8f0de000-7fdb8f0df000 r--p 00100000 fd:00 182490                     /usr/lib64/libm-2.17.so
7fdb8f0df000-7fdb8f0e0000 rw-p 00101000 fd:00 182490                     /usr/lib64/libm-2.17.so
7fdb8f0e6000-7fdb8fdce000 r-xp 00000000 fd:03 1079642                    /home/java/jdk1.8.0_201/jre/lib/amd64/server/libjvm.so
7fdb8fdce000-7fdb8ffcd000 ---p 00ce8000 fd:03 1079642                    /home/java/jdk1.8.0_201/jre/lib/amd64/server/libjvm.so
7fdb8ffcd000-7fdb90063000 r--p 00ce7000 fd:03 1079642                    /home/java/jdk1.8.0_201/jre/lib/amd64/server/libjvm.so
7fdb90063000-7fdb90094000 rw-p 00d7d000 fd:03 1079642                    /home/java/jdk1.8.0_201/jre/lib/amd64/server/libjvm.so
7fdb90094000-7fdb900cf000 rw-p 00000000 00:00 0 
7fdb900d6000-7fdb90298000 r-xp 00000000 fd:00 133474                     /usr/lib64/libc-2.17.so
7fdb90298000-7fdb90498000 ---p 001c2000 fd:00 133474                     /usr/lib64/libc-2.17.so
7fdb90498000-7fdb9049c000 r--p 001c2000 fd:00 133474                     /usr/lib64/libc-2.17.so
7fdb9049c000-7fdb9049e000 rw-p 001c6000 fd:00 133474                     /usr/lib64/libc-2.17.so
7fdb9049e000-7fdb904a3000 rw-p 00000000 00:00 0 
7fdb904a6000-7fdb904a8000 r-xp 00000000 fd:00 182488                     /usr/lib64/libdl-2.17.so
7fdb904a8000-7fdb906a8000 ---p 00002000 fd:00 182488                     /usr/lib64/libdl-2.17.so
7fdb906a8000-7fdb906a9000 r--p 00002000 fd:00 182488                     /usr/lib64/libdl-2.17.so
7fdb906a9000-7fdb906aa000 rw-p 00003000 fd:00 182488                     /usr/lib64/libdl-2.17.so
7fdb906ae000-7fdb906c5000 r-xp 00000000 fd:03 9496009                    /home/java/jdk1.8.0_201/lib/amd64/jli/libjli.so
7fdb906c5000-7fdb908c4000 ---p 00017000 fd:03 9496009                    /home/java/jdk1.8.0_201/lib/amd64/jli/libjli.so
7fdb908c4000-7fdb908c5000 r--p 00016000 fd:03 9496009                    /home/java/jdk1.8.0_201/lib/amd64/jli/libjli.so
7fdb908c5000-7fdb908c6000 rw-p 00017000 fd:03 9496009                    /home/java/jdk1.8.0_201/lib/amd64/jli/libjli.so
7fdb908c6000-7fdb908dd000 r-xp 00000000 fd:00 134878                     /usr/lib64/libpthread-2.17.so
7fdb908dd000-7fdb90adc000 ---p 00017000 fd:00 134878                     /usr/lib64/libpthread-2.17.so
7fdb90adc000-7fdb90add000 r--p 00016000 fd:00 134878                     /usr/lib64/libpthread-2.17.so
7fdb90add000-7fdb90ade000 rw-p 00017000 fd:00 134878                     /usr/lib64/libpthread-2.17.so
7fdb90ade000-7fdb90ae2000 rw-p 00000000 00:00 0 
7fdb90ae6000-7fdb90b08000 r-xp 00000000 fd:00 134063                     /usr/lib64/ld-2.17.so
7fdb90b09000-7fdb90b0a000 r--s 00003000 fd:03 17082503                   /home/java/apache-maven-3.6.0/lib/maven-builder-support-3.6.0.jar
7fdb90b10000-7fdb90b11000 r--s 0000a000 fd:03 17082500                   /home/java/apache-maven-3.6.0/lib/maven-settings-3.6.0.jar
7fdb90b14000-7fdb90b17000 r--s 00016000 fd:03 17082499                   /home/java/apache-maven-3.6.0/lib/maven-embedder-3.6.0.jar
7fdb90b19000-7fdb90b1b000 r--s 0000b000 fd:03 59102748                   /home/java/apache-maven-3.6.0/boot/plexus-classworlds-2.5.2.jar
7fdb90b1d000-7fdb90b5e000 rw-p 00000000 00:00 0 
7fdb90b5e000-7fdb90bf6000 ---p 00000000 00:00 0 
7fdb90bf6000-7fdb90bfe000 rw-s 00000000 fd:03 8571590                    /home/java/.moved-tmp/hsperfdata_java/8704
7fdb90c03000-7fdb90c05000 rw-p 00000000 00:00 0 
7fdb90c05000-7fdb90c06000 ---p 00000000 00:00 0 
7fdb90c06000-7fdb90c0a000 ---p 00000000 00:00 0 
7fdb90c0a000-7fdb90d07000 rw-p 00000000 00:00 0 
7fdb90d07000-7fdb90d08000 r--p 00021000 fd:00 134063                     /usr/lib64/ld-2.17.so
7fdb90d08000-7fdb90d09000 rw-p 00022000 fd:00 134063                     /usr/lib64/ld-2.17.so
7fdb90d09000-7fdb90d0c000 rw-p 00000000 00:00 0 
7fdb90d0c000-7fdb90d0f000 rw-p 00000000 00:00 0 
7ffdf725c000-7ffdf727d000 rw-p 00000000 00:00 0                          [stack]
7ffdf737e000-7ffdf7380000 r-xp 00000000 00:00 0                          [vdso]
ffffffffff600000-ffffffffff601000 r-xp 00000000 00:00 0                  [vsyscall]

VM Arguments:
jvm_args: -Dclassworlds.conf=/home/java/maven/bin/m2.conf -Dmaven.home=/home/java/maven -Dlibrary.jansi.path=/home/java/maven/lib/jansi-native -Dmaven.multiModuleProjectDirectory=/home/java/Pobrane/OfferPortalForSuppliers2207 
java_command: org.codehaus.plexus.classworlds.launcher.Launcher -Dmaven.ext.class.path=/home/java/netbeans-8.2/java/maven-nblib/netbeans-eventspy.jar clean install
java_class_path (initial): /home/java/maven/boot/plexus-classworlds-2.5.2.jar
Launcher Type: SUN_STANDARD

Environment Variables:
JAVA_HOME=/home/java/jdk8
PATH=/usr/local/bin:/usr/local/sbin:/usr/bin:/usr/sbin:/bin:/sbin
USERNAME=java
LD_LIBRARY_PATH=/home/java/jdk8/jre/lib/amd64:/home/java/jdk8/jre/lib/i386:
SHELL=/bin/bash
DISPLAY=:0.0

Signal Handlers:
SIGSEGV: [libjvm.so+0xad3e60], sa_mask[0]=11111111011111111101111111111110, sa_flags=SA_RESTART|SA_SIGINFO
SIGBUS: [libjvm.so+0xad3e60], sa_mask[0]=11111111011111111101111111111110, sa_flags=SA_RESTART|SA_SIGINFO
SIGFPE: [libjvm.so+0x90b880], sa_mask[0]=11111111011111111101111111111110, sa_flags=SA_RESTART|SA_SIGINFO
SIGPIPE: [libjvm.so+0x90b880], sa_mask[0]=11111111011111111101111111111110, sa_flags=SA_RESTART|SA_SIGINFO
SIGXFSZ: [libjvm.so+0x90b880], sa_mask[0]=11111111011111111101111111111110, sa_flags=SA_RESTART|SA_SIGINFO
SIGILL: [libjvm.so+0x90b880], sa_mask[0]=11111111011111111101111111111110, sa_flags=SA_RESTART|SA_SIGINFO
SIGUSR1: SIG_DFL, sa_mask[0]=00000000000000000000000000000000, sa_flags=none
SIGUSR2: [libjvm.so+0x90b750], sa_mask[0]=00100000000000000000000000000000, sa_flags=SA_RESTART|SA_SIGINFO
SIGHUP: [libjvm.so+0x90bd70], sa_mask[0]=11111111011111111101111111111110, sa_flags=SA_RESTART|SA_SIGINFO
SIGINT: SIG_IGN, sa_mask[0]=00000000000000000000000000000000, sa_flags=none
SIGTERM: [libjvm.so+0x90bd70], sa_mask[0]=11111111011111111101111111111110, sa_flags=SA_RESTART|SA_SIGINFO
SIGQUIT: [libjvm.so+0x90bd70], sa_mask[0]=11111111011111111101111111111110, sa_flags=SA_RESTART|SA_SIGINFO


---------------  S Y S T E M  ---------------

OS:CentOS Linux release 7.6.1810 (Core) 

uname:Linux 3.10.0-862.11.6.el7.x86_64 #1 SMP Tue Aug 14 21:49:04 UTC 2018 x86_64
libc:glibc 2.17 NPTL 2.17 
rlimit: STACK 8192k, CORE 0k, NPROC 4096, NOFILE 4096, AS infinity
load average:11,30 5,40 2,92

/proc/meminfo:
MemTotal:        2047528 kB
MemFree:           53256 kB
MemAvailable:       5200 kB
Buffers:             168 kB
Cached:            53992 kB
SwapCached:         6128 kB
Active:          1385916 kB
Inactive:         479596 kB
Active(anon):    1376780 kB
Inactive(anon):   461000 kB
Active(file):       9136 kB
Inactive(file):    18596 kB
Unevictable:          32 kB
Mlocked:              32 kB
SwapTotal:       1048572 kB
SwapFree:              0 kB
Dirty:               124 kB
Writeback:             0 kB
AnonPages:       1805628 kB
Mapped:             2600 kB
Shmem:             26204 kB
Slab:              53580 kB
SReclaimable:      27140 kB
SUnreclaim:        26440 kB
KernelStack:       10368 kB
PageTables:        32148 kB
NFS_Unstable:          0 kB
Bounce:                0 kB
WritebackTmp:          0 kB
CommitLimit:     2072336 kB
Committed_AS:    5382300 kB
VmallocTotal:   34359738367 kB
VmallocUsed:       31148 kB
VmallocChunk:   34359699624 kB
HardwareCorrupted:     0 kB
AnonHugePages:    194560 kB
CmaTotal:              0 kB
CmaFree:               0 kB
HugePages_Total:       0
HugePages_Free:        0
HugePages_Rsvd:        0
HugePages_Surp:        0
Hugepagesize:       2048 kB
DirectMap4k:       73664 kB
DirectMap2M:     2023424 kB

container (cgroup) information:
container_type: cgroupv1
cpu_cpuset_cpus: 0-1
cpu_memory_nodes: 0
active_processor_count: 2
cpu_quota: -1
cpu_period: 100000
cpu_shares: -1
memory_limit_in_bytes: -1
memory_and_swap_limit_in_bytes: -1
memory_soft_limit_in_bytes: -1
memory_usage_in_bytes: 1877278720
memory_max_usage_in_bytes: 0


CPU:total 2 (initial active 2) (2 cores per cpu, 1 threads per core) family 21 model 112 stepping 0, cmov, cx8, fxsr, mmx, sse, sse2, sse3, ssse3, sse4.1, sse4.2, popcnt, avx, avx2, aes, clmul, mmxext, lzcnt, sse4a, tsc, tscinvbit, tscinv

/proc/cpuinfo:
processor	: 0
vendor_id	: AuthenticAMD
cpu family	: 21
model		: 112
model name	: AMD A9-9420 RADEON R5, 5 COMPUTE CORES 2C+3G
stepping	: 0
microcode	: 0x6000626
cpu MHz		: 2994.380
cache size	: 1024 KB
physical id	: 0
siblings	: 2
core id		: 0
cpu cores	: 2
apicid		: 0
initial apicid	: 0
fpu		: yes
fpu_exception	: yes
cpuid level	: 13
wp		: yes
flags		: fpu vme de pse tsc msr pae mce cx8 apic sep mtrr pge mca cmov pat pse36 clflush mmx fxsr sse sse2 ht syscall nx mmxext fxsr_opt rdtscp lm constant_tsc art rep_good nopl nonstop_tsc extd_apicid pni pclmulqdq ssse3 cx16 sse4_1 sse4_2 x2apic movbe popcnt aes xsave avx rdrand hypervisor lahf_lm cmp_legacy cr8_legacy abm sse4a misalignsse 3dnowprefetch retpoline_amd ssbd vmmcall fsgsbase avx2 arat npt lbrv svm_lock nrip_save tsc_scale vmcb_clean flushbyasid decodeassists pausefilter pfthreshold avic v_vmsave_vmload vgif
bogomips	: 5988.76
TLB size	: 1536 4K pages
clflush size	: 64
cache_alignment	: 64
address sizes	: 48 bits physical, 48 bits virtual
power management:

processor	: 1
vendor_id	: AuthenticAMD
cpu family	: 21
model		: 112
model name	: AMD A9-9420 RADEON R5, 5 COMPUTE CORES 2C+3G
stepping	: 0
microcode	: 0x6000626
cpu MHz		: 2994.380
cache size	: 1024 KB
physical id	: 0
siblings	: 2
core id		: 1
cpu cores	: 2
apicid		: 1
initial apicid	: 1
fpu		: yes
fpu_exception	: yes
cpuid level	: 13
wp		: yes
flags		: fpu vme de pse tsc msr pae mce cx8 apic sep mtrr pge mca cmov pat pse36 clflush mmx fxsr sse sse2 ht syscall nx mmxext fxsr_opt rdtscp lm constant_tsc art rep_good nopl nonstop_tsc extd_apicid pni pclmulqdq ssse3 cx16 sse4_1 sse4_2 x2apic movbe popcnt aes xsave avx rdrand hypervisor lahf_lm cmp_legacy cr8_legacy abm sse4a misalignsse 3dnowprefetch retpoline_amd ssbd vmmcall fsgsbase avx2 arat npt lbrv svm_lock nrip_save tsc_scale vmcb_clean flushbyasid decodeassists pausefilter pfthreshold avic v_vmsave_vmload vgif
bogomips	: 5988.76
TLB size	: 1536 4K pages
clflush size	: 64
cache_alignment	: 64
address sizes	: 48 bits physical, 48 bits virtual
power management:



Memory: 4k page, physical 2047528k(53132k free), swap 1048572k(0k free)

vm_info: Java HotSpot(TM) 64-Bit Server VM (25.201-b09) for linux-amd64 JRE (1.8.0_201-b09), built on Dec 15 2018 11:35:59 by "java_re" with gcc 7.3.0

time: Thu Sep 19 22:16:53 2019
timezone: CEST
elapsed time: 137 seconds (0d 0h 2m 17s)

