#
# There is insufficient memory for the Java Runtime Environment to continue.
# Native memory allocation (mmap) failed to map 45088768 bytes for committing reserved memory.
# Possible reasons:
#   The system is out of physical RAM or swap space
#   The process is running with CompressedOops enabled, and the Java Heap may be blocking the growth of the native heap
# Possible solutions:
#   Reduce memory load on the system
#   Increase physical memory or swap space
#   Check if swap backing store is full
#   Decrease Java heap size (-Xmx/-Xms)
#   Decrease number of Java threads
#   Decrease Java thread stack sizes (-Xss)
#   Set larger code cache with -XX:ReservedCodeCacheSize=
#   JVM is running with Unscaled Compressed Oops mode in which the Java heap is
#     placed in the first 4GB address space. The Java Heap base address is the
#     maximum limit for the native heap growth. Please use -XX:HeapBaseMinAddress
#     to set the Java Heap base and to place the Java Heap above 4GB virtual address.
# This output file may be truncated or incomplete.
#
#  Out of Memory Error (os_linux.cpp:2749), pid=14901, tid=0x00007f596e6d6700
#
# JRE version: Java(TM) SE Runtime Environment (8.0_201-b09) (build 1.8.0_201-b09)
# Java VM: Java HotSpot(TM) 64-Bit Server VM (25.201-b09 mixed mode linux-amd64 compressed oops)
# Failed to write core dump. Core dumps have been disabled. To enable core dumping, try "ulimit -c unlimited" before starting Java again
#

---------------  T H R E A D  ---------------

Current thread (0x00007f5980073800):  VMThread [stack: 0x00007f596e5d7000,0x00007f596e6d7000] [id=14922]

Stack: [0x00007f596e5d7000,0x00007f596e6d7000],  sp=0x00007f596e6d5410,  free space=1017k
Native frames: (J=compiled Java code, j=interpreted, Vv=VM code, C=native code)
V  [libjvm.so+0xad3525]  VMError::report_and_die()+0x2e5
V  [libjvm.so+0x4e0457]  report_vm_out_of_memory(char const*, int, unsigned long, VMErrorType, char const*)+0x67
V  [libjvm.so+0x9102f0]  os::pd_commit_memory(char*, unsigned long, unsigned long, bool)+0x100
V  [libjvm.so+0x90791f]  os::commit_memory(char*, unsigned long, unsigned long, bool)+0x1f
V  [libjvm.so+0x98c806]  PSVirtualSpace::expand_by(unsigned long)+0x56
V  [libjvm.so+0x98da98]  PSYoungGen::resize(unsigned long, unsigned long)+0xd8
V  [libjvm.so+0x98a236]  PSScavenge::invoke_no_policy()+0x1376
V  [libjvm.so+0x98a5cc]  PSScavenge::invoke()+0x4c
V  [libjvm.so+0x93a318]  ParallelScavengeHeap::failed_mem_allocate(unsigned long)+0x68
V  [libjvm.so+0xad5073]  VM_ParallelGCFailedAllocation::doit()+0x93
V  [libjvm.so+0xada296]  VM_Operation::evaluate()+0x46
V  [libjvm.so+0xad85cd]  VMThread::evaluate_operation(VM_Operation*) [clone .constprop.44]+0xcd
V  [libjvm.so+0xad8bb3]  VMThread::loop()+0x3a3
V  [libjvm.so+0xad8f88]  VMThread::run()+0x78
V  [libjvm.so+0x90d922]  java_start(Thread*)+0x102

VM_Operation (0x00007f5986c3dea0): ParallelGCFailedAllocation, mode: safepoint, requested by thread 0x00007f5980009800


---------------  P R O C E S S  ---------------

Java Threads: ( => current thread )
  0x00007f59800bb000 JavaThread "Service Thread" daemon [_thread_blocked, id=14928, stack(0x00007f596dfd0000,0x00007f596e0d1000)]
  0x00007f59800b8000 JavaThread "C1 CompilerThread1" daemon [_thread_blocked, id=14927, stack(0x00007f596e0d2000,0x00007f596e1d2000)]
  0x00007f59800b5000 JavaThread "C2 CompilerThread0" daemon [_thread_blocked, id=14926, stack(0x00007f596e1d3000,0x00007f596e2d3000)]
  0x00007f59800b3800 JavaThread "Signal Dispatcher" daemon [_thread_blocked, id=14925, stack(0x00007f596e2d3000,0x00007f596e3d4000)]
  0x00007f5980080000 JavaThread "Finalizer" daemon [_thread_blocked, id=14924, stack(0x00007f596e3d4000,0x00007f596e4d5000)]
  0x00007f598007d800 JavaThread "Reference Handler" daemon [_thread_blocked, id=14923, stack(0x00007f596e4d5000,0x00007f596e5d6000)]
  0x00007f5980009800 JavaThread "main" [_thread_blocked, id=14919, stack(0x00007f5986b42000,0x00007f5986c42000)]

Other Threads:
=>0x00007f5980073800 VMThread [stack: 0x00007f596e5d7000,0x00007f596e6d7000] [id=14922]
  0x00007f59800bd800 WatcherThread [stack: 0x00007f596ded0000,0x00007f596dfd0000] [id=14929]

VM state:at safepoint (normal execution)

VM Mutex/Monitor currently owned by a thread:  ([mutex/lock_event])
[0x00007f5980007240] Threads_lock - owner thread: 0x00007f5980073800
[0x00007f5980007740] Heap_lock - owner thread: 0x00007f5980009800

heap address: 0x00000000e0c00000, size: 500 MB, Compressed Oops mode: 32-bit
Narrow klass base: 0x0000000000000000, Narrow klass shift: 3
Compressed class space size: 1073741824 Address: 0x0000000100000000

Heap:
 PSYoungGen      total 117760K, used 8672K [0x00000000f5980000, 0x00000000fd500000, 0x0000000100000000)
  eden space 109056K, 0% used [0x00000000f5980000,0x00000000f5980000,0x00000000fc400000)
  from space 8704K, 99% used [0x00000000fc400000,0x00000000fcc78048,0x00000000fcc80000)
  to   space 8192K, 0% used [0x00000000fcd00000,0x00000000fcd00000,0x00000000fd500000)
 ParOldGen       total 30720K, used 29283K [0x00000000e0c00000, 0x00000000e2a00000, 0x00000000f5980000)
  object space 30720K, 95% used [0x00000000e0c00000,0x00000000e2898eb0,0x00000000e2a00000)
 Metaspace       used 33671K, capacity 34268K, committed 34432K, reserved 1079296K
  class space    used 3943K, capacity 4139K, committed 4224K, reserved 1048576K

Card table byte_map: [0x00007f598419e000,0x00007f5984299000] byte_map_base: 0x00007f5983a98000

Marking Bits: (ParMarkBitMap*) 0x00007f5985fecd80
 Begin Bits: [0x00007f596fb9f000, 0x00007f597036f000)
 End Bits:   [0x00007f597036f000, 0x00007f5970b3f000)

Polling page: 0x00007f5986c46000

CodeCache: size=245760Kb used=12165Kb max_used=12165Kb free=233594Kb
 bounds [0x00007f5971000000, 0x00007f5971bf0000, 0x00007f5980000000]
 total_blobs=4371 nmethods=3960 adapters=325
 compilation: enabled

Compilation events (10 events):
Event: 24,689 Thread 0x00007f59800b8000 nmethod 4406 0x00007f5971beaad0 code [0x00007f5971bead60, 0x00007f5971bebf98]
Event: 24,689 Thread 0x00007f59800b8000 4410       3       com.sun.tools.javac.file.RelativePath::equals (24 bytes)
Event: 24,692 Thread 0x00007f59800b5000 4413       4       com.sun.tools.javac.code.Scope::enter (145 bytes)
Event: 24,706 Thread 0x00007f59800b8000 nmethod 4410 0x00007f5971bec750 code [0x00007f5971bec8e0, 0x00007f5971becd28]
Event: 24,728 Thread 0x00007f59800b8000 4415       3       com.sun.tools.javac.util.BaseFileManager::getKind (55 bytes)
Event: 24,729 Thread 0x00007f59800b8000 nmethod 4415 0x00007f5971bece50 code [0x00007f5971bed020, 0x00007f5971bed7a8]
Event: 24,729 Thread 0x00007f59800b8000 4414  s!   3       com.sun.tools.javac.file.ZipFileIndex::getZipIndexEntry (43 bytes)
Event: 24,731 Thread 0x00007f59800b8000 nmethod 4414 0x00007f5971bedb50 code [0x00007f5971bedd20, 0x00007f5971bee4c8]
Event: 24,731 Thread 0x00007f59800b8000 4416       3       com.sun.tools.javac.jvm.ClassReader::enterClass (126 bytes)
Event: 24,732 Thread 0x00007f59800b8000 nmethod 4416 0x00007f5971bee850 code [0x00007f5971beea40, 0x00007f5971bef208]

GC Heap History (10 events):
Event: 9,574 GC heap after
Heap after GC invocations=7 (full 0):
 PSYoungGen      total 38912K, used 4592K [0x00000000f5980000, 0x00000000fa880000, 0x0000000100000000)
  eden space 34304K, 0% used [0x00000000f5980000,0x00000000f5980000,0x00000000f7b00000)
  from space 4608K, 99% used [0x00000000f7b00000,0x00000000f7f7c2a0,0x00000000f7f80000)
  to   space 6144K, 0% used [0x00000000fa280000,0x00000000fa280000,0x00000000fa880000)
 ParOldGen       total 22016K, used 8746K [0x00000000e0c00000, 0x00000000e2180000, 0x00000000f5980000)
  object space 22016K, 39% used [0x00000000e0c00000,0x00000000e148a8b0,0x00000000e2180000)
 Metaspace       used 15041K, capacity 15356K, committed 15616K, reserved 1062912K
  class space    used 1839K, capacity 1949K, committed 2048K, reserved 1048576K
}
Event: 12,278 GC heap before
{Heap before GC invocations=8 (full 0):
 PSYoungGen      total 38912K, used 38896K [0x00000000f5980000, 0x00000000fa880000, 0x0000000100000000)
  eden space 34304K, 100% used [0x00000000f5980000,0x00000000f7b00000,0x00000000f7b00000)
  from space 4608K, 99% used [0x00000000f7b00000,0x00000000f7f7c2a0,0x00000000f7f80000)
  to   space 6144K, 0% used [0x00000000fa280000,0x00000000fa280000,0x00000000fa880000)
 ParOldGen       total 22016K, used 8746K [0x00000000e0c00000, 0x00000000e2180000, 0x00000000f5980000)
  object space 22016K, 39% used [0x00000000e0c00000,0x00000000e148a8b0,0x00000000e2180000)
 Metaspace       used 15501K, capacity 15740K, committed 16128K, reserved 1062912K
  class space    used 1859K, capacity 1949K, committed 2048K, reserved 1048576K
Event: 12,311 GC heap after
Heap after GC invocations=8 (full 0):
 PSYoungGen      total 74240K, used 5392K [0x00000000f5980000, 0x00000000fa980000, 0x0000000100000000)
  eden space 68096K, 0% used [0x00000000f5980000,0x00000000f5980000,0x00000000f9c00000)
  from space 6144K, 87% used [0x00000000fa280000,0x00000000fa7c4010,0x00000000fa880000)
  to   space 6656K, 0% used [0x00000000f9c00000,0x00000000f9c00000,0x00000000fa280000)
 ParOldGen       total 22016K, used 8882K [0x00000000e0c00000, 0x00000000e2180000, 0x00000000f5980000)
  object space 22016K, 40% used [0x00000000e0c00000,0x00000000e14ac8c0,0x00000000e2180000)
 Metaspace       used 15501K, capacity 15740K, committed 16128K, reserved 1062912K
  class space    used 1859K, capacity 1949K, committed 2048K, reserved 1048576K
}
Event: 15,757 GC heap before
{Heap before GC invocations=9 (full 0):
 PSYoungGen      total 74240K, used 73488K [0x00000000f5980000, 0x00000000fa980000, 0x0000000100000000)
  eden space 68096K, 100% used [0x00000000f5980000,0x00000000f9c00000,0x00000000f9c00000)
  from space 6144K, 87% used [0x00000000fa280000,0x00000000fa7c4010,0x00000000fa880000)
  to   space 6656K, 0% used [0x00000000f9c00000,0x00000000f9c00000,0x00000000fa280000)
 ParOldGen       total 22016K, used 8882K [0x00000000e0c00000, 0x00000000e2180000, 0x00000000f5980000)
  object space 22016K, 40% used [0x00000000e0c00000,0x00000000e14ac8c0,0x00000000e2180000)
 Metaspace       used 17899K, capacity 18378K, committed 18432K, reserved 1064960K
  class space    used 2168K, capacity 2294K, committed 2304K, reserved 1048576K
Event: 15,828 GC heap after
Heap after GC invocations=9 (full 0):
 PSYoungGen      total 74752K, used 6648K [0x00000000f5980000, 0x00000000fd600000, 0x0000000100000000)
  eden space 68096K, 0% used [0x00000000f5980000,0x00000000f5980000,0x00000000f9c00000)
  from space 6656K, 99% used [0x00000000f9c00000,0x00000000fa27e070,0x00000000fa280000)
  to   space 9216K, 0% used [0x00000000fcd00000,0x00000000fcd00000,0x00000000fd600000)
 ParOldGen       total 22016K, used 12403K [0x00000000e0c00000, 0x00000000e2180000, 0x00000000f5980000)
  object space 22016K, 56% used [0x00000000e0c00000,0x00000000e181cfd8,0x00000000e2180000)
 Metaspace       used 17899K, capacity 18378K, committed 18432K, reserved 1064960K
  class space    used 2168K, capacity 2294K, committed 2304K, reserved 1048576K
}
Event: 17,083 GC heap before
{Heap before GC invocations=10 (full 0):
 PSYoungGen      total 74752K, used 29915K [0x00000000f5980000, 0x00000000fd600000, 0x0000000100000000)
  eden space 68096K, 34% used [0x00000000f5980000,0x00000000f7038f10,0x00000000f9c00000)
  from space 6656K, 99% used [0x00000000f9c00000,0x00000000fa27e070,0x00000000fa280000)
  to   space 9216K, 0% used [0x00000000fcd00000,0x00000000fcd00000,0x00000000fd600000)
 ParOldGen       total 22016K, used 12403K [0x00000000e0c00000, 0x00000000e2180000, 0x00000000f5980000)
  object space 22016K, 56% used [0x00000000e0c00000,0x00000000e181cfd8,0x00000000e2180000)
 Metaspace       used 20616K, capacity 21102K, committed 21248K, reserved 1067008K
  class space    used 2552K, capacity 2694K, committed 2816K, reserved 1048576K
Event: 17,116 GC heap after
Heap after GC invocations=10 (full 0):
 PSYoungGen      total 117248K, used 4391K [0x00000000f5980000, 0x00000000fd500000, 0x0000000100000000)
  eden space 109056K, 0% used [0x00000000f5980000,0x00000000f5980000,0x00000000fc400000)
  from space 8192K, 53% used [0x00000000fcd00000,0x00000000fd149d60,0x00000000fd500000)
  to   space 8704K, 0% used [0x00000000fc400000,0x00000000fc400000,0x00000000fcc80000)
 ParOldGen       total 22016K, used 15987K [0x00000000e0c00000, 0x00000000e2180000, 0x00000000f5980000)
  object space 22016K, 72% used [0x00000000e0c00000,0x00000000e1b9cfd8,0x00000000e2180000)
 Metaspace       used 20616K, capacity 21102K, committed 21248K, reserved 1067008K
  class space    used 2552K, capacity 2694K, committed 2816K, reserved 1048576K
}
Event: 17,116 GC heap before
{Heap before GC invocations=11 (full 1):
 PSYoungGen      total 117248K, used 4391K [0x00000000f5980000, 0x00000000fd500000, 0x0000000100000000)
  eden space 109056K, 0% used [0x00000000f5980000,0x00000000f5980000,0x00000000fc400000)
  from space 8192K, 53% used [0x00000000fcd00000,0x00000000fd149d60,0x00000000fd500000)
  to   space 8704K, 0% used [0x00000000fc400000,0x00000000fc400000,0x00000000fcc80000)
 ParOldGen       total 22016K, used 15987K [0x00000000e0c00000, 0x00000000e2180000, 0x00000000f5980000)
  object space 22016K, 72% used [0x00000000e0c00000,0x00000000e1b9cfd8,0x00000000e2180000)
 Metaspace       used 20616K, capacity 21102K, committed 21248K, reserved 1067008K
  class space    used 2552K, capacity 2694K, committed 2816K, reserved 1048576K
Event: 17,278 GC heap after
Heap after GC invocations=11 (full 1):
 PSYoungGen      total 117248K, used 0K [0x00000000f5980000, 0x00000000fd500000, 0x0000000100000000)
  eden space 109056K, 0% used [0x00000000f5980000,0x00000000f5980000,0x00000000fc400000)
  from space 8192K, 0% used [0x00000000fcd00000,0x00000000fcd00000,0x00000000fd500000)
  to   space 8704K, 0% used [0x00000000fc400000,0x00000000fc400000,0x00000000fcc80000)
 ParOldGen       total 30720K, used 14230K [0x00000000e0c00000, 0x00000000e2a00000, 0x00000000f5980000)
  object space 30720K, 46% used [0x00000000e0c00000,0x00000000e19e5868,0x00000000e2a00000)
 Metaspace       used 20616K, capacity 21102K, committed 21248K, reserved 1067008K
  class space    used 2552K, capacity 2694K, committed 2816K, reserved 1048576K
}
Event: 24,744 GC heap before
{Heap before GC invocations=12 (full 1):
 PSYoungGen      total 117248K, used 109056K [0x00000000f5980000, 0x00000000fd500000, 0x0000000100000000)
  eden space 109056K, 100% used [0x00000000f5980000,0x00000000fc400000,0x00000000fc400000)
  from space 8192K, 0% used [0x00000000fcd00000,0x00000000fcd00000,0x00000000fd500000)
  to   space 8704K, 0% used [0x00000000fc400000,0x00000000fc400000,0x00000000fcc80000)
 ParOldGen       total 30720K, used 14230K [0x00000000e0c00000, 0x00000000e2a00000, 0x00000000f5980000)
  object space 30720K, 46% used [0x00000000e0c00000,0x00000000e19e5868,0x00000000e2a00000)
 Metaspace       used 33671K, capacity 34268K, committed 34432K, reserved 1079296K
  class space    used 3943K, capacity 4139K, committed 4224K, reserved 1048576K

Deoptimization events (10 events):
Event: 19,821 Thread 0x00007f5980009800 Uncommon trap: reason=bimorphic action=maybe_recompile pc=0x00007f59713f6b08 method=java.lang.ClassLoader.loadClass(Ljava/lang/String;Z)Ljava/lang/Class; @ 38
Event: 20,207 Thread 0x00007f5980009800 Uncommon trap: reason=class_check action=maybe_recompile pc=0x00007f59711f16e0 method=sun.misc.URLClassPath.getLoader(I)Lsun/misc/URLClassPath$Loader; @ 94
Event: 20,277 Thread 0x00007f5980009800 Uncommon trap: reason=unstable_if action=reinterpret pc=0x00007f5971308088 method=java.util.HashMap.hash(Ljava/lang/Object;)I @ 1
Event: 20,389 Thread 0x00007f5980009800 Uncommon trap: reason=unstable_if action=reinterpret pc=0x00007f597175f358 method=java.util.HashMap.putVal(ILjava/lang/Object;Ljava/lang/Object;ZZ)Ljava/lang/Object; @ 162
Event: 20,727 Thread 0x00007f5980009800 Uncommon trap: reason=predicate action=maybe_recompile pc=0x00007f59713b008c method=java.util.StringTokenizer.skipDelimiters(I)I @ 17
Event: 20,728 Thread 0x00007f5980009800 Uncommon trap: reason=unstable_if action=reinterpret pc=0x00007f59712aa720 method=java.util.StringTokenizer.scanToken(I)I @ 96
Event: 20,728 Thread 0x00007f5980009800 Uncommon trap: reason=predicate action=maybe_recompile pc=0x00007f59714b7bc4 method=java.util.StringTokenizer.skipDelimiters(I)I @ 17
Event: 20,728 Thread 0x00007f5980009800 Uncommon trap: reason=unstable_if action=reinterpret pc=0x00007f5971542468 method=java.util.StringTokenizer.scanToken(I)I @ 96
Event: 20,976 Thread 0x00007f5980009800 Uncommon trap: reason=unstable_if action=reinterpret pc=0x00007f5971929a28 method=org.codehaus.plexus.classworlds.realm.Entry.matches(Ljava/lang/String;)Z @ 20
Event: 21,153 Thread 0x00007f5980009800 Uncommon trap: reason=unstable_if action=reinterpret pc=0x00007f597186b150 method=java.util.ArrayList.remove(Ljava/lang/Object;)Z @ 59

Classes redefined (0 events):
No events

Internal exceptions (10 events):
Event: 13,919 Thread 0x00007f5980009800 Exception <a 'java/lang/NoClassDefFoundError': org/codehaus/plexus/util/interpolation/ValueSource> (0x00000000f7f1b128) thrown at [/HUDSON/workspace/8-2-build-linux-amd64/jdk8u201/12317/hotspot/src/share/vm/classfile/systemDictionary.cpp, line 199]
Event: 14,264 Thread 0x00007f5980009800 Exception <a 'java/lang/NoClassDefFoundError': org/sonatype/aether/version/VersionConstraint> (0x00000000f8566bb8) thrown at [/HUDSON/workspace/8-2-build-linux-amd64/jdk8u201/12317/hotspot/src/share/vm/classfile/systemDictionary.cpp, line 199]
Event: 16,518 Thread 0x00007f5980009800 Exception <a 'java/lang/ClassNotFoundException': com/sun/tools/javac/api/JavacTool> (0x00000000f67ac548) thrown at [/HUDSON/workspace/8-2-build-linux-amd64/jdk8u201/12317/hotspot/src/share/vm/classfile/systemDictionary.cpp, line 210]
Event: 18,804 Thread 0x00007f5980009800 Exception <a 'java/io/FileNotFoundException'> (0x00000000f7a70470) thrown at [/HUDSON/workspace/8-2-build-linux-amd64/jdk8u201/12317/hotspot/src/share/vm/prims/jni.cpp, line 709]
Event: 18,825 Thread 0x00007f5980009800 Exception <a 'java/io/FileNotFoundException'> (0x00000000f7aa5468) thrown at [/HUDSON/workspace/8-2-build-linux-amd64/jdk8u201/12317/hotspot/src/share/vm/prims/jni.cpp, line 709]
Event: 20,277 Thread 0x00007f5980009800 Implicit null exception at 0x00007f5971307c3b to 0x00007f5971308075
Event: 22,988 Thread 0x00007f5980009800 Exception <a 'java/io/FileNotFoundException'> (0x00000000fbf0aa50) thrown at [/HUDSON/workspace/8-2-build-linux-amd64/jdk8u201/12317/hotspot/src/share/vm/prims/jni.cpp, line 709]
Event: 22,991 Thread 0x00007f5980009800 Exception <a 'java/io/FileNotFoundException'> (0x00000000fbf0b630) thrown at [/HUDSON/workspace/8-2-build-linux-amd64/jdk8u201/12317/hotspot/src/share/vm/prims/jni.cpp, line 709]
Event: 22,992 Thread 0x00007f5980009800 Exception <a 'java/io/FileNotFoundException'> (0x00000000fbf0ce28) thrown at [/HUDSON/workspace/8-2-build-linux-amd64/jdk8u201/12317/hotspot/src/share/vm/prims/jni.cpp, line 709]
Event: 22,992 Thread 0x00007f5980009800 Exception <a 'java/io/FileNotFoundException'> (0x00000000fbf0daa0) thrown at [/HUDSON/workspace/8-2-build-linux-amd64/jdk8u201/12317/hotspot/src/share/vm/prims/jni.cpp, line 709]

Events (10 events):
Event: 24,156 loading class com/sun/tools/javac/util/Log$WriterKind done
Event: 24,451 loading class com/sun/tools/javac/api/JavacTrees
Event: 24,451 loading class com/sun/tools/javac/api/JavacTrees done
Event: 24,494 loading class com/sun/source/util/DocTrees
Event: 24,494 loading class com/sun/source/util/DocTrees done
Event: 24,496 loading class com/sun/source/util/Trees
Event: 24,496 loading class com/sun/source/util/Trees done
Event: 24,574 loading class com/sun/tools/javac/file/CacheFSInfo$Entry
Event: 24,574 loading class com/sun/tools/javac/file/CacheFSInfo$Entry done
Event: 24,742 Executing VM operation: ParallelGCFailedAllocation


Dynamic libraries:
00400000-00401000 r-xp 00000000 fd:03 58720629                           /home/java/jdk1.8.0_201/bin/java
00600000-00601000 r--p 00000000 fd:03 58720629                           /home/java/jdk1.8.0_201/bin/java
00601000-00602000 rw-p 00001000 fd:03 58720629                           /home/java/jdk1.8.0_201/bin/java
012a9000-012ca000 rw-p 00000000 00:00 0                                  [heap]
e0c00000-e2a00000 rw-p 00000000 00:00 0 
e2a00000-f5980000 ---p 00000000 00:00 0 
f5980000-fd500000 rw-p 00000000 00:00 0 
100000000-100420000 rw-p 00000000 00:00 0 
100420000-140000000 ---p 00000000 00:00 0 
7f593c000000-7f593c021000 rw-p 00000000 00:00 0 
7f593c021000-7f5940000000 ---p 00000000 00:00 0 
7f5940000000-7f5940021000 rw-p 00000000 00:00 0 
7f5940021000-7f5944000000 ---p 00000000 00:00 0 
7f5944000000-7f5945558000 rw-p 00000000 00:00 0 
7f5945558000-7f5948000000 ---p 00000000 00:00 0 
7f5948000000-7f5948aae000 rw-p 00000000 00:00 0 
7f5948aae000-7f594c000000 ---p 00000000 00:00 0 
7f594c000000-7f594c021000 rw-p 00000000 00:00 0 
7f594c021000-7f5950000000 ---p 00000000 00:00 0 
7f59514d1000-7f5951651000 rw-p 00000000 00:00 0 
7f5951651000-7f59516d1000 ---p 00000000 00:00 0 
7f59516d1000-7f59518d1000 rw-p 00000000 00:00 0 
7f59518d1000-7f5951ad1000 rw-p 00000000 00:00 0 
7f5951ad1000-7f5957ffa000 r--p 00000000 fd:00 182482                     /usr/lib/locale/locale-archive
7f5958000000-7f5958021000 rw-p 00000000 00:00 0 
7f5958021000-7f595c000000 ---p 00000000 00:00 0 
7f595c000000-7f595c021000 rw-p 00000000 00:00 0 
7f595c021000-7f5960000000 ---p 00000000 00:00 0 
7f5960000000-7f5960021000 rw-p 00000000 00:00 0 
7f5960021000-7f5964000000 ---p 00000000 00:00 0 
7f5964000000-7f59642b5000 rw-p 00000000 00:00 0 
7f59642b5000-7f5968000000 ---p 00000000 00:00 0 
7f5968000000-7f5968021000 rw-p 00000000 00:00 0 
7f5968021000-7f596c000000 ---p 00000000 00:00 0 
7f596c145000-7f596c174000 r--s 003e4000 fd:03 51306653                   /home/java/.m2/repository/org/primefaces/primefaces/6.2/primefaces-6.2.jar
7f596c179000-7f596c19b000 r--s 00120000 fd:03 51969580                   /home/java/.m2/repository/javax/javaee-web-api/7.0/javaee-web-api-7.0.jar
7f596c1a2000-7f596c1bf000 r--s 00131000 fd:03 33560233                   /home/java/.m2/repository/org/eclipse/persistence/org.eclipse.persistence.jpa.jpql/2.5.2/org.eclipse.persistence.jpa.jpql-2.5.2.jar
7f596c1c3000-7f596c1c8000 r--s 0002a000 fd:03 25991425                   /home/java/.m2/repository/org/eclipse/persistence/org.eclipse.persistence.antlr/2.5.2/org.eclipse.persistence.antlr-2.5.2.jar
7f596c1c9000-7f596c1df000 r--s 00138000 fd:03 16956609                   /home/java/.m2/repository/org/eclipse/persistence/org.eclipse.persistence.jpa/2.5.2/org.eclipse.persistence.jpa-2.5.2.jar
7f596c1e5000-7f596c1ec000 r--s 0003c000 fd:03 11513466                   /home/java/.m2/repository/org/eclipse/persistence/org.eclipse.persistence.asm/2.5.2/org.eclipse.persistence.asm-2.5.2.jar
7f596c1ee000-7f596c22c000 r--s 00495000 fd:03 514123                     /home/java/.m2/repository/org/eclipse/persistence/org.eclipse.persistence.core/2.5.2/org.eclipse.persistence.core-2.5.2.jar
7f596c231000-7f596c431000 rw-p 00000000 00:00 0 
7f596c431000-7f596c438000 r--s 00000000 fd:00 281884                     /usr/lib64/gconv/gconv-modules.cache
7f596c439000-7f596c45d000 r--p 00000000 fd:00 264146                     /usr/share/locale/pl/LC_MESSAGES/libc.mo
7f596c463000-7f596c663000 rw-p 00000000 00:00 0 
7f596c663000-7f596c666000 r--s 0001a000 fd:03 1079647                    /home/java/jdk1.8.0_201/jre/lib/jce.jar
7f596c66d000-7f596c66e000 r--s 0000c000 fd:03 58791692                   /home/java/.m2/repository/org/eclipse/persistence/org.eclipse.persistence.jpa.modelgen.processor/2.5.2/org.eclipse.persistence.jpa.modelgen.processor-2.5.2.jar
7f596c675000-7f596c677000 r--s 00004000 fd:03 50894024                   /home/java/.m2/repository/org/eclipse/persistence/commonj.sdo/2.1.1/commonj.sdo-2.1.1.jar
7f596c67b000-7f596c681000 r--s 00022000 fd:03 33639583                   /home/java/.m2/repository/org/eclipse/persistence/javax.persistence/2.1.0/javax.persistence-2.1.0.jar
7f596c681000-7f596c6fd000 r--s 007c0000 fd:03 51139702                   /home/java/.m2/repository/org/eclipse/persistence/eclipselink/2.5.2/eclipselink-2.5.2.jar
7f596c6fe000-7f596c8fe000 rw-p 00000000 00:00 0 
7f596c8fe000-7f596c977000 r--s 010fd000 fd:03 34741344                   /home/java/jdk1.8.0_201/lib/tools.jar
7f596c97c000-7f596cb7c000 rw-p 00000000 00:00 0 
7f596cb7c000-7f596cb7f000 r--s 0001b000 fd:03 42124244                   /home/java/.m2/repository/junit/junit/3.8.2/junit-3.8.2.jar
7f596cb80000-7f596cb8e000 r--s 0008f000 fd:03 17384997                   /home/java/.m2/repository/com/google/collections/google-collections/1.0/google-collections-1.0.jar
7f596cb93000-7f596cb94000 r--s 0000a000 fd:03 50631719                   /home/java/.m2/repository/commons-logging/commons-logging-api/1.1/commons-logging-api-1.1.jar
7f596cb9a000-7f596cba1000 r--s 00051000 fd:03 25873353                   /home/java/.m2/repository/log4j/log4j/1.2.12/log4j-1.2.12.jar
7f596cba6000-7f596cbaa000 r--s 0001d000 fd:03 42124226                   /home/java/.m2/repository/org/apache/xbean/xbean-reflect/3.4/xbean-reflect-3.4.jar
7f596cbad000-7f596cbae000 r--s 00004000 fd:03 42119839                   /home/java/.m2/repository/org/codehaus/plexus/plexus-compiler-javac/2.2/plexus-compiler-javac-2.2.jar
7f596cbb1000-7f596cbb3000 r--s 00000000 fd:03 33619081                   /home/java/.m2/repository/org/codehaus/plexus/plexus-compiler-manager/2.2/plexus-compiler-manager-2.2.jar
7f596cbb6000-7f596cbb8000 r--s 00005000 fd:03 17384993                   /home/java/.m2/repository/org/codehaus/plexus/plexus-compiler-api/2.2/plexus-compiler-api-2.2.jar
7f596cbbb000-7f596cbbd000 r--s 00002000 fd:03 42080408                   /home/java/.m2/repository/org/apache/maven/shared/maven-shared-incremental/1.1/maven-shared-incremental-1.1.jar
7f596cbbf000-7f596cbc1000 r--s 00006000 fd:03 33619084                   /home/java/.m2/repository/com/google/code/findbugs/jsr305/2.0.1/jsr305-2.0.1.jar
7f596cbc4000-7f596cbc7000 r--s 00023000 fd:03 33619082                   /home/java/.m2/repository/org/apache/maven/shared/maven-shared-utils/0.1/maven-shared-utils-0.1.jar
7f596cbc9000-7f596cbcd000 r--s 00030000 fd:03 42119836                   /home/java/.m2/repository/org/codehaus/plexus/plexus-utils/1.5.1/plexus-utils-1.5.1.jar
7f596cbd2000-7f596cbd4000 r--s 00009000 fd:03 33590286                   /home/java/.m2/repository/org/apache/maven/plugins/maven-compiler-plugin/3.1/maven-compiler-plugin-3.1.jar
7f596cbd6000-7f596cbd8000 r--s 0000d000 fd:03 42077970                   /home/java/.m2/repository/org/codehaus/plexus/plexus-interpolation/1.13/plexus-interpolation-1.13.jar
7f596cbda000-7f596cbdb000 r--s 00001000 fd:03 34741205                   /home/java/.m2/repository/org/sonatype/plexus/plexus-build-api/0.0.4/plexus-build-api-0.0.4.jar
7f596cbe2000-7f596cbe4000 r--s 00009000 fd:03 34741203                   /home/java/.m2/repository/org/apache/maven/shared/maven-filtering/1.1/maven-filtering-1.1.jar
7f596cbe4000-7f596cbe8000 r--s 00033000 fd:03 654836                     /home/java/.m2/repository/org/codehaus/plexus/plexus-utils/2.0.5/plexus-utils-2.0.5.jar
7f596cbea000-7f596cbeb000 r--s 00001000 fd:03 51969621                   /home/java/.m2/repository/org/apache/maven/doxia/doxia-sink-api/1.0-alpha-7/doxia-sink-api-1.0-alpha-7.jar
7f596cbeb000-7f596cbec000 r--s 00002000 fd:03 10503883                   /home/java/.m2/repository/org/apache/maven/reporting/maven-reporting-api/2.0.6/maven-reporting-api-2.0.6.jar
7f596cbef000-7f596cbf1000 r--s 00006000 fd:03 8390086                    /home/java/.m2/repository/org/apache/maven/plugins/maven-resources-plugin/2.6/maven-resources-plugin-2.6.jar
7f596cbf8000-7f596cdf8000 rw-p 00000000 00:00 0 
7f596cdf8000-7f596ce06000 r--s 0007f000 fd:03 10396585                   /home/java/.m2/repository/commons-collections/commons-collections/3.2.1/commons-collections-3.2.1.jar
7f596ce0a000-7f596ce0f000 r--s 00041000 fd:03 489678                     /home/java/.m2/repository/commons-lang/commons-lang/2.6/commons-lang-2.6.jar
7f596ce0f000-7f596ce11000 r--s 00006000 fd:03 58829285                   /home/java/.m2/repository/org/apache/maven/shared/maven-invoker/2.0.11/maven-invoker-2.0.11.jar
7f596ce17000-7f596ce19000 r--s 00006000 fd:03 21378650                   /home/java/.m2/repository/org/apache/maven/shared/maven-common-artifact-filters/1.4/maven-common-artifact-filters-1.4.jar
7f596ce1d000-7f596ce1f000 r--s 0000c000 fd:03 489676                     /home/java/.m2/repository/org/apache/maven/shared/maven-dependency-tree/2.0/maven-dependency-tree-2.0.jar
7f596ce21000-7f596ce23000 r--s 00000000 fd:03 1079600                    /home/java/.m2/repository/org/codehaus/plexus/plexus-component-annotations/1.5.5/plexus-component-annotations-1.5.5.jar
7f596ce23000-7f596ce24000 r--s 0000a000 fd:03 33583731                   /home/java/.m2/repository/asm/asm/3.3.1/asm-3.3.1.jar
7f596ce26000-7f596ce28000 r--s 00005000 fd:03 10396583                   /home/java/.m2/repository/org/apache/maven/shared/maven-dependency-analyzer/1.3/maven-dependency-analyzer-1.3.jar
7f596ce2d000-7f596ce30000 r--s 0000c000 fd:03 50893476                   /home/java/.m2/repository/org/codehaus/plexus/plexus-io/2.0.6/plexus-io-2.0.6.jar
7f596ce34000-7f596ce37000 r--s 0001b000 fd:03 11357219                   /home/java/.m2/repository/junit/junit/3.8.1/junit-3.8.1.jar
7f596ce39000-7f596ce3b000 r--s 00008000 fd:03 50893473                   /home/java/.m2/repository/org/apache/maven/shared/maven-shared-io/1.1/maven-shared-io-1.1.jar
7f596ce41000-7f596ce43000 r--s 00008000 fd:03 21378649                   /home/java/.m2/repository/org/apache/maven/shared/file-management/1.2.1/file-management-1.2.1.jar
7f596ce46000-7f596ce4a000 r--s 00035000 fd:03 489672                     /home/java/.m2/repository/org/codehaus/plexus/plexus-utils/3.0.9/plexus-utils-3.0.9.jar
7f596ce4a000-7f596ce4f000 r--s 00029000 fd:03 33583728                   /home/java/.m2/repository/org/codehaus/plexus/plexus-archiver/2.2/plexus-archiver-2.2.jar
7f596ce55000-7f596ce57000 r--s 00004000 fd:03 21378646                   /home/java/.m2/repository/org/apache/maven/doxia/doxia-module-xhtml/1.0/doxia-module-xhtml-1.0.jar
7f596ce57000-7f596ce58000 r--s 00006000 fd:03 489669                     /home/java/.m2/repository/org/apache/maven/doxia/doxia-module-xdoc/1.0/doxia-module-xdoc-1.0.jar
7f596ce5d000-7f596ce5e000 r--s 00004000 fd:03 50893471                   /home/java/.m2/repository/org/apache/maven/doxia/doxia-module-fml/1.0/doxia-module-fml-1.0.jar
7f596ce63000-7f596ce65000 r--s 0000a000 fd:03 21378645                   /home/java/.m2/repository/org/apache/maven/doxia/doxia-module-apt/1.0/doxia-module-apt-1.0.jar
7f596ce6c000-7f596ce6d000 r--s 0000b000 fd:03 58829283                   /home/java/.m2/repository/org/apache/maven/doxia/doxia-decoration-model/1.0/doxia-decoration-model-1.0.jar
7f596ce71000-7f596ce79000 r--s 00058000 fd:03 58829281                   /home/java/.m2/repository/org/apache/velocity/velocity/1.5/velocity-1.5.jar
7f596ce7a000-7f596ce7b000 r--s 00001000 fd:03 58829055                   /home/java/.m2/repository/org/codehaus/plexus/plexus-velocity/1.1.7/plexus-velocity-1.1.7.jar
7f596ce7b000-7f596ce7c000 r--s 00002000 fd:03 33583726                   /home/java/.m2/repository/org/codehaus/plexus/plexus-i18n/1.0-beta-7/plexus-i18n-1.0-beta-7.jar
7f596ce83000-7f596ce85000 r--s 0000a000 fd:03 489667                     /home/java/.m2/repository/org/apache/maven/doxia/doxia-site-renderer/1.0/doxia-site-renderer-1.0.jar
7f596ce8b000-7f596ce8c000 r--s 00002000 fd:03 29576375                   /home/java/.m2/repository/org/apache/maven/doxia/doxia-sink-api/1.0/doxia-sink-api-1.0.jar
7f596ce8f000-7f596ce94000 r--s 00016000 fd:03 10396581                   /home/java/.m2/repository/xml-apis/xml-apis/1.0.b2/xml-apis-1.0.b2.jar
7f596ce97000-7f596ce99000 r--s 0000e000 fd:03 42402828                   /home/java/.m2/repository/oro/oro/2.0.8/oro-2.0.8.jar
7f596ce99000-7f596ce9b000 r--s 00008000 fd:03 21378642                   /home/java/.m2/repository/commons-logging/commons-logging/1.0.4/commons-logging-1.0.4.jar
7f596ce9f000-7f596cea3000 r--s 00026000 fd:03 21378640                   /home/java/.m2/repository/commons-digester/commons-digester/1.6/commons-digester-1.6.jar
7f596cea3000-7f596cea8000 r--s 0002a000 fd:03 42402823                   /home/java/.m2/repository/commons-beanutils/commons-beanutils/1.7.0/commons-beanutils-1.7.0.jar
7f596cead000-7f596ceb0000 r--s 00014000 fd:03 21378638                   /home/java/.m2/repository/commons-validator/commons-validator/1.2.0/commons-validator-1.2.0.jar
7f596ceb1000-7f596ceb4000 r--s 00018000 fd:03 50893469                   /home/java/.m2/repository/commons-io/commons-io/1.4/commons-io-1.4.jar
7f596ceba000-7f596cebc000 r--s 00009000 fd:03 33583724                   /home/java/.m2/repository/org/apache/maven/shared/maven-doxia-tools/1.0.2/maven-doxia-tools-1.0.2.jar
7f596cebc000-7f596cebf000 r--s 0000b000 fd:03 10396579                   /home/java/.m2/repository/org/apache/maven/doxia/doxia-core/1.0/doxia-core-1.0.jar
7f596cec5000-7f596cec7000 r--s 00004000 fd:03 58829053                   /home/java/.m2/repository/org/apache/maven/reporting/maven-reporting-impl/2.0.5/maven-reporting-impl-2.0.5.jar
7f596cecb000-7f596cecc000 r--s 00002000 fd:03 489665                     /home/java/.m2/repository/org/apache/maven/reporting/maven-reporting-api/3.0/maven-reporting-api-3.0.jar
7f596ced3000-7f596ced5000 r--s 00002000 fd:03 25322911                   /home/java/.m2/repository/org/codehaus/plexus/plexus-interactivity-api/1.0-alpha-4/plexus-interactivity-api-1.0-alpha-4.jar
7f596ced7000-7f596ced9000 r--s 00006000 fd:03 51969624                   /home/java/.m2/repository/commons-cli/commons-cli/1.0/commons-cli-1.0.jar
7f596ced9000-7f596ceea000 r-xp 00000000 fd:03 50487596                   /home/java/jdk1.8.0_201/jre/lib/amd64/libnio.so
7f596ceea000-7f596d0e9000 ---p 00011000 fd:03 50487596                   /home/java/jdk1.8.0_201/jre/lib/amd64/libnio.so
7f596d0e9000-7f596d0ea000 r--p 00010000 fd:03 50487596                   /home/java/jdk1.8.0_201/jre/lib/amd64/libnio.so
7f596d0ea000-7f596d0eb000 rw-p 00011000 fd:03 50487596                   /home/java/jdk1.8.0_201/jre/lib/amd64/libnio.so
7f596d0f1000-7f596d107000 r-xp 00000000 fd:03 50487593                   /home/java/jdk1.8.0_201/jre/lib/amd64/libnet.so
7f596d107000-7f596d307000 ---p 00016000 fd:03 50487593                   /home/java/jdk1.8.0_201/jre/lib/amd64/libnet.so
7f596d307000-7f596d308000 r--p 00016000 fd:03 50487593                   /home/java/jdk1.8.0_201/jre/lib/amd64/libnet.so
7f596d308000-7f596d309000 rw-p 00017000 fd:03 50487593                   /home/java/jdk1.8.0_201/jre/lib/amd64/libnet.so
7f596d30a000-7f596d50a000 rw-p 00000000 00:00 0 
7f596d50a000-7f596d50e000 r--s 000a1000 fd:03 1079627                    /home/java/jdk1.8.0_201/jre/lib/jsse.jar
7f596d514000-7f596d714000 rw-p 00000000 00:00 0 
7f596d714000-7f596d914000 rw-p 00000000 00:00 0 
7f596d914000-7f596d930000 r--s 00393000 fd:03 33556837                   /home/java/jdk1.8.0_201/jre/lib/ext/cldrdata.jar
7f596d931000-7f596d933000 r-xp 00000000 fd:00 135046                     /usr/lib64/libutil-2.17.so
7f596d933000-7f596db32000 ---p 00002000 fd:00 135046                     /usr/lib64/libutil-2.17.so
7f596db32000-7f596db33000 r--p 00001000 fd:00 135046                     /usr/lib64/libutil-2.17.so
7f596db33000-7f596db34000 rw-p 00002000 fd:00 135046                     /usr/lib64/libutil-2.17.so
7f596db3a000-7f596db3d000 r--s 00021000 fd:03 20393982                   /home/java/.m2/repository/org/apache/maven/plugins/maven-dependency-plugin/2.6/maven-dependency-plugin-2.6.jar
7f596db3e000-7f596db40000 r--s 0000d000 fd:03 25214766                   /home/java/netbeans-8.2/java/maven-nblib/netbeans-eventspy.jar
7f596db47000-7f596db51000 r--s 00116000 fd:03 33556844                   /home/java/jdk1.8.0_201/jre/lib/ext/localedata.jar
7f596db51000-7f596db54000 r-xp 00000000 fd:03 59102746                   /home/java/apache-maven-3.6.0/lib/jansi-native/linux64/libjansi.so
7f596db54000-7f596dd53000 ---p 00003000 fd:03 59102746                   /home/java/apache-maven-3.6.0/lib/jansi-native/linux64/libjansi.so
7f596dd53000-7f596dd54000 rw-p 00002000 fd:03 59102746                   /home/java/apache-maven-3.6.0/lib/jansi-native/linux64/libjansi.so
7f596dd5b000-7f596dd5f000 r--s 00042000 fd:03 17396599                   /home/java/apache-maven-3.6.0/lib/jansi-1.17.1.jar
7f596dd66000-7f596dd67000 r--s 00005000 fd:03 17396598                   /home/java/apache-maven-3.6.0/lib/maven-slf4j-provider-3.6.0.jar
7f596dd67000-7f596dd69000 r--s 00006000 fd:03 17396597                   /home/java/apache-maven-3.6.0/lib/maven-resolver-transport-wagon-1.3.1.jar
7f596dd6a000-7f596dd6c000 r--s 00009000 fd:03 17396596                   /home/java/apache-maven-3.6.0/lib/maven-resolver-connector-basic-1.3.1.jar
7f596dd73000-7f596dd74000 r--s 00002000 fd:03 17396595                   /home/java/apache-maven-3.6.0/lib/wagon-file-3.2.0.jar
7f596dd74000-7f596dd76000 r--s 00003000 fd:03 17396594                   /home/java/apache-maven-3.6.0/lib/jcl-over-slf4j-1.7.25.jar
7f596dd78000-7f596dda5000 r--s 001df000 fd:03 17396593                   /home/java/apache-maven-3.6.0/lib/wagon-http-3.2.0-shaded.jar
7f596dda5000-7f596dda7000 r--s 0000c000 fd:03 17396592                   /home/java/apache-maven-3.6.0/lib/wagon-provider-api-3.2.0.jar
7f596ddaa000-7f596ddb1000 r--s 00041000 fd:03 17396591                   /home/java/apache-maven-3.6.0/lib/maven-compat-3.6.0.jar
7f596ddb5000-7f596ddb7000 r--s 0000c000 fd:03 17396590                   /home/java/apache-maven-3.6.0/lib/commons-cli-1.4.jar
7f596ddb9000-7f596ddba000 r--s 00000000 fd:03 17396589                   /home/java/apache-maven-3.6.0/lib/animal-sniffer-annotations-1.14.jar
7f596ddba000-7f596ddbc000 r--s 00001000 fd:03 17261598                   /home/java/apache-maven-3.6.0/lib/j2objc-annotations-1.1.jar
7f596ddc3000-7f596ddc5000 r--s 00002000 fd:03 17261581                   /home/java/apache-maven-3.6.0/lib/error_prone_annotations-2.1.3.jar
7f596ddc7000-7f596ddc9000 r--s 00006000 fd:03 17113290                   /home/java/apache-maven-3.6.0/lib/checker-compat-qual-2.0.0.jar
7f596ddcc000-7f596ddce000 r--s 00003000 fd:03 17113289                   /home/java/apache-maven-3.6.0/lib/jsr305-3.0.2.jar
7f596ddd2000-7f596de02000 r--s 00249000 fd:03 17113288                   /home/java/apache-maven-3.6.0/lib/guava-25.1-android.jar
7f596de09000-7f596de0b000 r--s 00000000 fd:03 17113287                   /home/java/apache-maven-3.6.0/lib/aopalliance-1.0.jar
7f596de0e000-7f596de19000 r--s 00075000 fd:03 17113275                   /home/java/apache-maven-3.6.0/lib/guice-4.2.1-no_aop.jar
7f596de20000-7f596de24000 r--s 0002f000 fd:03 17113274                   /home/java/apache-maven-3.6.0/lib/commons-io-2.5.jar
7f596de27000-7f596de2a000 r--s 00026000 fd:03 17113273                   /home/java/apache-maven-3.6.0/lib/maven-shared-utils-3.2.1.jar
7f596de2a000-7f596de2c000 r--s 00009000 fd:03 17113255                   /home/java/apache-maven-3.6.0/lib/slf4j-api-1.7.25.jar
7f596de32000-7f596de36000 r--s 00029000 fd:03 17113253                   /home/java/apache-maven-3.6.0/lib/maven-resolver-impl-1.3.1.jar
7f596de3c000-7f596de41000 r--s 00023000 fd:03 17113251                   /home/java/apache-maven-3.6.0/lib/maven-resolver-util-1.3.1.jar
7f596de48000-7f596de4b000 r--s 00007000 fd:03 17113250                   /home/java/apache-maven-3.6.0/lib/maven-resolver-spi-1.3.1.jar
7f596de51000-7f596de56000 r--s 00020000 fd:03 17113249                   /home/java/apache-maven-3.6.0/lib/maven-resolver-api-1.3.1.jar
7f596de58000-7f596de5a000 r--s 0000f000 fd:03 17113248                   /home/java/apache-maven-3.6.0/lib/maven-resolver-provider-3.6.0.jar
7f596de60000-7f596de65000 r--s 00027000 fd:03 17082527                   /home/java/apache-maven-3.6.0/lib/maven-model-builder-3.6.0.jar
7f596de67000-7f596de6e000 r--s 00056000 fd:03 17082524                   /home/java/apache-maven-3.6.0/lib/org.eclipse.sisu.inject-0.3.3.jar
7f596de71000-7f596de72000 r--s 00000000 fd:03 17082523                   /home/java/apache-maven-3.6.0/lib/javax.inject-1.jar
7f596de72000-7f596de73000 r--s 00001000 fd:03 17082522                   /home/java/apache-maven-3.6.0/lib/jsr250-api-1.0.jar
7f596de79000-7f596de7c000 r--s 00008000 fd:03 17082521                   /home/java/apache-maven-3.6.0/lib/cdi-api-1.0.jar
7f596de7e000-7f596de84000 r--s 0002d000 fd:03 17082520                   /home/java/apache-maven-3.6.0/lib/org.eclipse.sisu.plexus-0.3.3.jar
7f596de8b000-7f596de8d000 r--s 0000a000 fd:03 17082517                   /home/java/apache-maven-3.6.0/lib/maven-plugin-api-3.6.0.jar
7f596de94000-7f596de9c000 r--s 00073000 fd:03 17082512                   /home/java/apache-maven-3.6.0/lib/commons-lang3-3.8.1.jar
7f596de9d000-7f596de9f000 r--s 0000c000 fd:03 17082511                   /home/java/apache-maven-3.6.0/lib/maven-artifact-3.6.0.jar
7f596de9f000-7f596dea0000 r--s 00006000 fd:03 17082510                   /home/java/apache-maven-3.6.0/lib/maven-repository-metadata-3.6.0.jar
7f596dea0000-7f596dea2000 r--s 00027000 fd:03 17082509                   /home/java/apache-maven-3.6.0/lib/maven-model-3.6.0.jar
7f596dea7000-7f596deb4000 r--s 0008e000 fd:03 17082508                   /home/java/apache-maven-3.6.0/lib/maven-core-3.6.0.jar
7f596debb000-7f596debd000 r--s 00002000 fd:03 17082507                   /home/java/apache-maven-3.6.0/lib/plexus-cipher-1.7.jar
7f596debf000-7f596dec0000 r--s 00006000 fd:03 17082506                   /home/java/apache-maven-3.6.0/lib/plexus-sec-dispatcher-1.4.jar
7f596dec1000-7f596dec3000 r--s 00000000 fd:03 17082505                   /home/java/apache-maven-3.6.0/lib/plexus-component-annotations-1.7.1.jar
7f596dec3000-7f596dec6000 r--s 00012000 fd:03 17082504                   /home/java/apache-maven-3.6.0/lib/plexus-interpolation-1.25.jar
7f596decc000-7f596decd000 r--s 00003000 fd:03 17082503                   /home/java/apache-maven-3.6.0/lib/maven-builder-support-3.6.0.jar
7f596decf000-7f596ded0000 ---p 00000000 00:00 0 
7f596ded0000-7f596dfd0000 rw-p 00000000 00:00 0 
7f596dfd0000-7f596dfd3000 ---p 00000000 00:00 0 
7f596dfd3000-7f596e0d1000 rw-p 00000000 00:00 0 
7f596e0d1000-7f596e0d5000 ---p 00000000 00:00 0 
7f596e0d5000-7f596e1d2000 rw-p 00000000 00:00 0 
7f596e1d2000-7f596e1d6000 ---p 00000000 00:00 0 
7f596e1d6000-7f596e2d3000 rw-p 00000000 00:00 0 
7f596e2d3000-7f596e2d6000 ---p 00000000 00:00 0 
7f596e2d6000-7f596e3d4000 rw-p 00000000 00:00 0 
7f596e3d4000-7f596e3d7000 ---p 00000000 00:00 0 
7f596e3d7000-7f596e4d5000 rw-p 00000000 00:00 0 
7f596e4d5000-7f596e4d8000 ---p 00000000 00:00 0 
7f596e4d8000-7f596e5d6000 rw-p 00000000 00:00 0 
7f596e5d6000-7f596e5d7000 ---p 00000000 00:00 0 
7f596e5d7000-7f596f050000 rw-p 00000000 00:00 0 
7f596f050000-7f596f22a000 r--s 03d6f000 fd:03 1079612                    /home/java/jdk1.8.0_201/jre/lib/rt.jar
7f596f22f000-7f5970b3f000 rw-p 00000000 00:00 0 
7f5970b3f000-7f5970b40000 ---p 00000000 00:00 0 
7f5970b40000-7f5970c70000 rw-p 00000000 00:00 0 
7f5970c70000-7f5971000000 ---p 00000000 00:00 0 
7f5971000000-7f5971bf0000 rwxp 00000000 00:00 0 
7f5971bf0000-7f5980000000 ---p 00000000 00:00 0 
7f5980000000-7f598124a000 rw-p 00000000 00:00 0 
7f598124a000-7f5984000000 ---p 00000000 00:00 0 
7f5984000000-7f598409d000 rw-p 00000000 00:00 0 
7f598409d000-7f598409e000 ---p 00000000 00:00 0 
7f598409e000-7f59841ad000 rw-p 00000000 00:00 0 
7f59841ad000-7f5984244000 ---p 00000000 00:00 0 
7f5984244000-7f5984283000 rw-p 00000000 00:00 0 
7f5984283000-7f5984298000 ---p 00000000 00:00 0 
7f5984298000-7f5984299000 rw-p 00000000 00:00 0 
7f5984299000-7f59842b4000 r-xp 00000000 fd:03 50487589                   /home/java/jdk1.8.0_201/jre/lib/amd64/libzip.so
7f59842b4000-7f59844b3000 ---p 0001b000 fd:03 50487589                   /home/java/jdk1.8.0_201/jre/lib/amd64/libzip.so
7f59844b3000-7f59844b4000 r--p 0001a000 fd:03 50487589                   /home/java/jdk1.8.0_201/jre/lib/amd64/libzip.so
7f59844b4000-7f59844b5000 rw-p 0001b000 fd:03 50487589                   /home/java/jdk1.8.0_201/jre/lib/amd64/libzip.so
7f59844b9000-7f59844c5000 r-xp 00000000 fd:00 182496                     /usr/lib64/libnss_files-2.17.so
7f59844c5000-7f59846c4000 ---p 0000c000 fd:00 182496                     /usr/lib64/libnss_files-2.17.so
7f59846c4000-7f59846c5000 r--p 0000b000 fd:00 182496                     /usr/lib64/libnss_files-2.17.so
7f59846c5000-7f59846c6000 rw-p 0000c000 fd:00 182496                     /usr/lib64/libnss_files-2.17.so
7f59846c6000-7f59846cc000 rw-p 00000000 00:00 0 
7f59846d1000-7f59846fd000 r-xp 00000000 fd:03 50487583                   /home/java/jdk1.8.0_201/jre/lib/amd64/libjava.so
7f59846fd000-7f59848fd000 ---p 0002c000 fd:03 50487583                   /home/java/jdk1.8.0_201/jre/lib/amd64/libjava.so
7f59848fd000-7f59848fe000 r--p 0002c000 fd:03 50487583                   /home/java/jdk1.8.0_201/jre/lib/amd64/libjava.so
7f59848fe000-7f5984900000 rw-p 0002d000 fd:03 50487583                   /home/java/jdk1.8.0_201/jre/lib/amd64/libjava.so
7f5984901000-7f598490e000 r-xp 00000000 fd:03 50487588                   /home/java/jdk1.8.0_201/jre/lib/amd64/libverify.so
7f598490e000-7f5984b0d000 ---p 0000d000 fd:03 50487588                   /home/java/jdk1.8.0_201/jre/lib/amd64/libverify.so
7f5984b0d000-7f5984b0f000 r--p 0000c000 fd:03 50487588                   /home/java/jdk1.8.0_201/jre/lib/amd64/libverify.so
7f5984b0f000-7f5984b10000 rw-p 0000e000 fd:03 50487588                   /home/java/jdk1.8.0_201/jre/lib/amd64/libverify.so
7f5984b11000-7f5984b18000 r-xp 00000000 fd:00 182502                     /usr/lib64/librt-2.17.so
7f5984b18000-7f5984d17000 ---p 00007000 fd:00 182502                     /usr/lib64/librt-2.17.so
7f5984d17000-7f5984d18000 r--p 00006000 fd:00 182502                     /usr/lib64/librt-2.17.so
7f5984d18000-7f5984d19000 rw-p 00007000 fd:00 182502                     /usr/lib64/librt-2.17.so
7f5984d19000-7f5984e1a000 r-xp 00000000 fd:00 182490                     /usr/lib64/libm-2.17.so
7f5984e1a000-7f5985019000 ---p 00101000 fd:00 182490                     /usr/lib64/libm-2.17.so
7f5985019000-7f598501a000 r--p 00100000 fd:00 182490                     /usr/lib64/libm-2.17.so
7f598501a000-7f598501b000 rw-p 00101000 fd:00 182490                     /usr/lib64/libm-2.17.so
7f5985021000-7f5985d09000 r-xp 00000000 fd:03 1079642                    /home/java/jdk1.8.0_201/jre/lib/amd64/server/libjvm.so
7f5985d09000-7f5985f08000 ---p 00ce8000 fd:03 1079642                    /home/java/jdk1.8.0_201/jre/lib/amd64/server/libjvm.so
7f5985f08000-7f5985f9e000 r--p 00ce7000 fd:03 1079642                    /home/java/jdk1.8.0_201/jre/lib/amd64/server/libjvm.so
7f5985f9e000-7f5985fcf000 rw-p 00d7d000 fd:03 1079642                    /home/java/jdk1.8.0_201/jre/lib/amd64/server/libjvm.so
7f5985fcf000-7f598600a000 rw-p 00000000 00:00 0 
7f5986011000-7f59861d3000 r-xp 00000000 fd:00 133474                     /usr/lib64/libc-2.17.so
7f59861d3000-7f59863d3000 ---p 001c2000 fd:00 133474                     /usr/lib64/libc-2.17.so
7f59863d3000-7f59863d7000 r--p 001c2000 fd:00 133474                     /usr/lib64/libc-2.17.so
7f59863d7000-7f59863d9000 rw-p 001c6000 fd:00 133474                     /usr/lib64/libc-2.17.so
7f59863d9000-7f59863de000 rw-p 00000000 00:00 0 
7f59863e1000-7f59863e3000 r-xp 00000000 fd:00 182488                     /usr/lib64/libdl-2.17.so
7f59863e3000-7f59865e3000 ---p 00002000 fd:00 182488                     /usr/lib64/libdl-2.17.so
7f59865e3000-7f59865e4000 r--p 00002000 fd:00 182488                     /usr/lib64/libdl-2.17.so
7f59865e4000-7f59865e5000 rw-p 00003000 fd:00 182488                     /usr/lib64/libdl-2.17.so
7f59865e9000-7f5986600000 r-xp 00000000 fd:03 9496009                    /home/java/jdk1.8.0_201/lib/amd64/jli/libjli.so
7f5986600000-7f59867ff000 ---p 00017000 fd:03 9496009                    /home/java/jdk1.8.0_201/lib/amd64/jli/libjli.so
7f59867ff000-7f5986800000 r--p 00016000 fd:03 9496009                    /home/java/jdk1.8.0_201/lib/amd64/jli/libjli.so
7f5986800000-7f5986801000 rw-p 00017000 fd:03 9496009                    /home/java/jdk1.8.0_201/lib/amd64/jli/libjli.so
7f5986801000-7f5986818000 r-xp 00000000 fd:00 134878                     /usr/lib64/libpthread-2.17.so
7f5986818000-7f5986a17000 ---p 00017000 fd:00 134878                     /usr/lib64/libpthread-2.17.so
7f5986a17000-7f5986a18000 r--p 00016000 fd:00 134878                     /usr/lib64/libpthread-2.17.so
7f5986a18000-7f5986a19000 rw-p 00017000 fd:00 134878                     /usr/lib64/libpthread-2.17.so
7f5986a19000-7f5986a1d000 rw-p 00000000 00:00 0 
7f5986a21000-7f5986a43000 r-xp 00000000 fd:00 134063                     /usr/lib64/ld-2.17.so
7f5986a4a000-7f5986a4c000 r--s 00009000 fd:03 17082502                   /home/java/apache-maven-3.6.0/lib/maven-settings-builder-3.6.0.jar
7f5986a4d000-7f5986a51000 r--s 0003c000 fd:03 17082501                   /home/java/apache-maven-3.6.0/lib/plexus-utils-3.1.0.jar
7f5986a53000-7f5986a54000 r--s 0000a000 fd:03 17082500                   /home/java/apache-maven-3.6.0/lib/maven-settings-3.6.0.jar
7f5986a57000-7f5986a5a000 r--s 00016000 fd:03 17082499                   /home/java/apache-maven-3.6.0/lib/maven-embedder-3.6.0.jar
7f5986a5c000-7f5986a5e000 r--s 0000b000 fd:03 59102748                   /home/java/apache-maven-3.6.0/boot/plexus-classworlds-2.5.2.jar
7f5986a5f000-7f5986aa1000 rw-p 00000000 00:00 0 
7f5986aa1000-7f5986b39000 ---p 00000000 00:00 0 
7f5986b39000-7f5986b41000 rw-s 00000000 fd:03 9766421                    /home/java/.moved-tmp/hsperfdata_java/14901
7f5986b41000-7f5986b45000 ---p 00000000 00:00 0 
7f5986b45000-7f5986c42000 rw-p 00000000 00:00 0 
7f5986c42000-7f5986c43000 r--p 00021000 fd:00 134063                     /usr/lib64/ld-2.17.so
7f5986c43000-7f5986c44000 rw-p 00022000 fd:00 134063                     /usr/lib64/ld-2.17.so
7f5986c44000-7f5986c46000 rw-p 00000000 00:00 0 
7f5986c46000-7f5986c47000 ---p 00000000 00:00 0 
7f5986c47000-7f5986c4c000 rw-p 00000000 00:00 0 
7ffe3baca000-7ffe3baeb000 rw-p 00000000 00:00 0                          [stack]
7ffe3baf9000-7ffe3bafb000 r-xp 00000000 00:00 0                          [vdso]
ffffffffff600000-ffffffffff601000 r-xp 00000000 00:00 0                  [vsyscall]

VM Arguments:
jvm_args: -Dclassworlds.conf=/home/java/maven/bin/m2.conf -Dmaven.home=/home/java/maven -Dlibrary.jansi.path=/home/java/maven/lib/jansi-native -Dmaven.multiModuleProjectDirectory=/home/java/Pulpit/JAVA STUDIA RAPORT KONCOWY/MOJA STRONA WEB/OfferPortalForSuppliers2207 
java_command: org.codehaus.plexus.classworlds.launcher.Launcher -Dnetbeans.deploy=true -Dmaven.ext.class.path=/home/java/netbeans-8.2/java/maven-nblib/netbeans-eventspy.jar package
java_class_path (initial): /home/java/maven/boot/plexus-classworlds-2.5.2.jar
Launcher Type: SUN_STANDARD

Environment Variables:
JAVA_HOME=/home/java/jdk8
PATH=/usr/local/bin:/usr/local/sbin:/usr/bin:/usr/sbin:/bin:/sbin
USERNAME=java
LD_LIBRARY_PATH=/home/java/jdk8/jre/lib/amd64:/home/java/jdk8/jre/lib/i386:
SHELL=/bin/bash
DISPLAY=:0.0

Signal Handlers:
SIGSEGV: [libjvm.so+0xad3e60], sa_mask[0]=11111111011111111101111111111110, sa_flags=SA_RESTART|SA_SIGINFO
SIGBUS: [libjvm.so+0xad3e60], sa_mask[0]=11111111011111111101111111111110, sa_flags=SA_RESTART|SA_SIGINFO
SIGFPE: [libjvm.so+0x90b880], sa_mask[0]=11111111011111111101111111111110, sa_flags=SA_RESTART|SA_SIGINFO
SIGPIPE: [libjvm.so+0x90b880], sa_mask[0]=11111111011111111101111111111110, sa_flags=SA_RESTART|SA_SIGINFO
SIGXFSZ: [libjvm.so+0x90b880], sa_mask[0]=11111111011111111101111111111110, sa_flags=SA_RESTART|SA_SIGINFO
SIGILL: [libjvm.so+0x90b880], sa_mask[0]=11111111011111111101111111111110, sa_flags=SA_RESTART|SA_SIGINFO
SIGUSR1: SIG_DFL, sa_mask[0]=00000000000000000000000000000000, sa_flags=none
SIGUSR2: [libjvm.so+0x90b750], sa_mask[0]=00100000000000000000000000000000, sa_flags=SA_RESTART|SA_SIGINFO
SIGHUP: [libjvm.so+0x90bd70], sa_mask[0]=11111111011111111101111111111110, sa_flags=SA_RESTART|SA_SIGINFO
SIGINT: SIG_IGN, sa_mask[0]=00000000000000000000000000000000, sa_flags=none
SIGTERM: [libjvm.so+0x90bd70], sa_mask[0]=11111111011111111101111111111110, sa_flags=SA_RESTART|SA_SIGINFO
SIGQUIT: [libjvm.so+0x90bd70], sa_mask[0]=11111111011111111101111111111110, sa_flags=SA_RESTART|SA_SIGINFO


---------------  S Y S T E M  ---------------

OS:CentOS Linux release 7.6.1810 (Core) 

uname:Linux 3.10.0-862.11.6.el7.x86_64 #1 SMP Tue Aug 14 21:49:04 UTC 2018 x86_64
libc:glibc 2.17 NPTL 2.17 
rlimit: STACK 8192k, CORE 0k, NPROC 4096, NOFILE 4096, AS infinity
load average:5,13 3,29 2,02

/proc/meminfo:
MemTotal:        2047528 kB
MemFree:           58148 kB
MemAvailable:       9728 kB
Buffers:             144 kB
Cached:            41916 kB
SwapCached:         7968 kB
Active:          1381340 kB
Inactive:         478224 kB
Active(anon):    1372760 kB
Inactive(anon):   461508 kB
Active(file):       8580 kB
Inactive(file):    16716 kB
Unevictable:          32 kB
Mlocked:              32 kB
SwapTotal:       1048572 kB
SwapFree:              0 kB
Dirty:                48 kB
Writeback:             0 kB
AnonPages:       1809784 kB
Mapped:             3040 kB
Shmem:             16668 kB
Slab:              56892 kB
SReclaimable:      28856 kB
SUnreclaim:        28036 kB
KernelStack:       10704 kB
PageTables:        32436 kB
NFS_Unstable:          0 kB
Bounce:                0 kB
WritebackTmp:          0 kB
CommitLimit:     2072336 kB
Committed_AS:    5347884 kB
VmallocTotal:   34359738367 kB
VmallocUsed:       31148 kB
VmallocChunk:   34359697400 kB
HardwareCorrupted:     0 kB
AnonHugePages:    172032 kB
CmaTotal:              0 kB
CmaFree:               0 kB
HugePages_Total:       0
HugePages_Free:        0
HugePages_Rsvd:        0
HugePages_Surp:        0
Hugepagesize:       2048 kB
DirectMap4k:       81856 kB
DirectMap2M:     2015232 kB

container (cgroup) information:
container_type: cgroupv1
cpu_cpuset_cpus: 0-1
cpu_memory_nodes: 0
active_processor_count: 2
cpu_quota: -1
cpu_period: 100000
cpu_shares: -1
memory_limit_in_bytes: -1
memory_and_swap_limit_in_bytes: -1
memory_soft_limit_in_bytes: -1
memory_usage_in_bytes: 1864822784
memory_max_usage_in_bytes: 0


CPU:total 2 (initial active 2) (2 cores per cpu, 1 threads per core) family 21 model 112 stepping 0, cmov, cx8, fxsr, mmx, sse, sse2, sse3, ssse3, sse4.1, sse4.2, popcnt, avx, avx2, aes, clmul, mmxext, lzcnt, sse4a, tsc, tscinvbit, tscinv

/proc/cpuinfo:
processor	: 0
vendor_id	: AuthenticAMD
cpu family	: 21
model		: 112
model name	: AMD A9-9420 RADEON R5, 5 COMPUTE CORES 2C+3G
stepping	: 0
microcode	: 0x6000626
cpu MHz		: 2994.380
cache size	: 1024 KB
physical id	: 0
siblings	: 2
core id		: 0
cpu cores	: 2
apicid		: 0
initial apicid	: 0
fpu		: yes
fpu_exception	: yes
cpuid level	: 13
wp		: yes
flags		: fpu vme de pse tsc msr pae mce cx8 apic sep mtrr pge mca cmov pat pse36 clflush mmx fxsr sse sse2 ht syscall nx mmxext fxsr_opt rdtscp lm constant_tsc art rep_good nopl nonstop_tsc extd_apicid pni pclmulqdq ssse3 cx16 sse4_1 sse4_2 x2apic movbe popcnt aes xsave avx rdrand hypervisor lahf_lm cmp_legacy cr8_legacy abm sse4a misalignsse 3dnowprefetch retpoline_amd ssbd vmmcall fsgsbase avx2 arat npt lbrv svm_lock nrip_save tsc_scale vmcb_clean flushbyasid decodeassists pausefilter pfthreshold avic v_vmsave_vmload vgif
bogomips	: 5988.76
TLB size	: 1536 4K pages
clflush size	: 64
cache_alignment	: 64
address sizes	: 48 bits physical, 48 bits virtual
power management:

processor	: 1
vendor_id	: AuthenticAMD
cpu family	: 21
model		: 112
model name	: AMD A9-9420 RADEON R5, 5 COMPUTE CORES 2C+3G
stepping	: 0
microcode	: 0x6000626
cpu MHz		: 2994.380
cache size	: 1024 KB
physical id	: 0
siblings	: 2
core id		: 1
cpu cores	: 2
apicid		: 1
initial apicid	: 1
fpu		: yes
fpu_exception	: yes
cpuid level	: 13
wp		: yes
flags		: fpu vme de pse tsc msr pae mce cx8 apic sep mtrr pge mca cmov pat pse36 clflush mmx fxsr sse sse2 ht syscall nx mmxext fxsr_opt rdtscp lm constant_tsc art rep_good nopl nonstop_tsc extd_apicid pni pclmulqdq ssse3 cx16 sse4_1 sse4_2 x2apic movbe popcnt aes xsave avx rdrand hypervisor lahf_lm cmp_legacy cr8_legacy abm sse4a misalignsse 3dnowprefetch retpoline_amd ssbd vmmcall fsgsbase avx2 arat npt lbrv svm_lock nrip_save tsc_scale vmcb_clean flushbyasid decodeassists pausefilter pfthreshold avic v_vmsave_vmload vgif
bogomips	: 5988.76
TLB size	: 1536 4K pages
clflush size	: 64
cache_alignment	: 64
address sizes	: 48 bits physical, 48 bits virtual
power management:



Memory: 4k page, physical 2047528k(58024k free), swap 1048572k(0k free)

vm_info: Java HotSpot(TM) 64-Bit Server VM (25.201-b09) for linux-amd64 JRE (1.8.0_201-b09), built on Dec 15 2018 11:35:59 by "java_re" with gcc 7.3.0

time: Mon Oct 14 22:44:42 2019
timezone: CEST
elapsed time: 25 seconds (0d 0h 0m 25s)

