#
# There is insufficient memory for the Java Runtime Environment to continue.
# Native memory allocation (mmap) failed to map 45613056 bytes for committing reserved memory.
# Possible reasons:
#   The system is out of physical RAM or swap space
#   The process is running with CompressedOops enabled, and the Java Heap may be blocking the growth of the native heap
# Possible solutions:
#   Reduce memory load on the system
#   Increase physical memory or swap space
#   Check if swap backing store is full
#   Decrease Java heap size (-Xmx/-Xms)
#   Decrease number of Java threads
#   Decrease Java thread stack sizes (-Xss)
#   Set larger code cache with -XX:ReservedCodeCacheSize=
#   JVM is running with Unscaled Compressed Oops mode in which the Java heap is
#     placed in the first 4GB address space. The Java Heap base address is the
#     maximum limit for the native heap growth. Please use -XX:HeapBaseMinAddress
#     to set the Java Heap base and to place the Java Heap above 4GB virtual address.
# This output file may be truncated or incomplete.
#
#  Out of Memory Error (os_linux.cpp:2749), pid=11125, tid=0x00007f4a167fd700
#
# JRE version: Java(TM) SE Runtime Environment (8.0_201-b09) (build 1.8.0_201-b09)
# Java VM: Java HotSpot(TM) 64-Bit Server VM (25.201-b09 mixed mode linux-amd64 compressed oops)
# Failed to write core dump. Core dumps have been disabled. To enable core dumping, try "ulimit -c unlimited" before starting Java again
#

---------------  T H R E A D  ---------------

Current thread (0x00007f4a28073800):  VMThread [stack: 0x00007f4a166fe000,0x00007f4a167fe000] [id=11147]

Stack: [0x00007f4a166fe000,0x00007f4a167fe000],  sp=0x00007f4a167fc410,  free space=1017k
Native frames: (J=compiled Java code, j=interpreted, Vv=VM code, C=native code)
V  [libjvm.so+0xad3525]  VMError::report_and_die()+0x2e5
V  [libjvm.so+0x4e0457]  report_vm_out_of_memory(char const*, int, unsigned long, VMErrorType, char const*)+0x67
V  [libjvm.so+0x9102f0]  os::pd_commit_memory(char*, unsigned long, unsigned long, bool)+0x100
V  [libjvm.so+0x90791f]  os::commit_memory(char*, unsigned long, unsigned long, bool)+0x1f
V  [libjvm.so+0x98c806]  PSVirtualSpace::expand_by(unsigned long)+0x56
V  [libjvm.so+0x98da98]  PSYoungGen::resize(unsigned long, unsigned long)+0xd8
V  [libjvm.so+0x98a236]  PSScavenge::invoke_no_policy()+0x1376
V  [libjvm.so+0x98a5cc]  PSScavenge::invoke()+0x4c
V  [libjvm.so+0x93a318]  ParallelScavengeHeap::failed_mem_allocate(unsigned long)+0x68
V  [libjvm.so+0xad5073]  VM_ParallelGCFailedAllocation::doit()+0x93
V  [libjvm.so+0xada296]  VM_Operation::evaluate()+0x46
V  [libjvm.so+0xad85cd]  VMThread::evaluate_operation(VM_Operation*) [clone .constprop.44]+0xcd
V  [libjvm.so+0xad8bb3]  VMThread::loop()+0x3a3
V  [libjvm.so+0xad8f88]  VMThread::run()+0x78
V  [libjvm.so+0x90d922]  java_start(Thread*)+0x102

VM_Operation (0x00007f4a2ed5a4c0): ParallelGCFailedAllocation, mode: safepoint, requested by thread 0x00007f4a28009800


---------------  P R O C E S S  ---------------

Java Threads: ( => current thread )
  0x00007f4a280c2800 JavaThread "Service Thread" daemon [_thread_blocked, id=11153, stack(0x00007f4a160f7000,0x00007f4a161f8000)]
  0x00007f4a280b8000 JavaThread "C1 CompilerThread1" daemon [_thread_blocked, id=11152, stack(0x00007f4a161f9000,0x00007f4a162f9000)]
  0x00007f4a280b5000 JavaThread "C2 CompilerThread0" daemon [_thread_blocked, id=11151, stack(0x00007f4a162fa000,0x00007f4a163fa000)]
  0x00007f4a280b3800 JavaThread "Signal Dispatcher" daemon [_thread_blocked, id=11150, stack(0x00007f4a163fa000,0x00007f4a164fb000)]
  0x00007f4a28080000 JavaThread "Finalizer" daemon [_thread_blocked, id=11149, stack(0x00007f4a164fb000,0x00007f4a165fc000)]
  0x00007f4a2807d800 JavaThread "Reference Handler" daemon [_thread_blocked, id=11148, stack(0x00007f4a165fc000,0x00007f4a166fd000)]
  0x00007f4a28009800 JavaThread "main" [_thread_blocked, id=11144, stack(0x00007f4a2ec5e000,0x00007f4a2ed5e000)]

Other Threads:
=>0x00007f4a28073800 VMThread [stack: 0x00007f4a166fe000,0x00007f4a167fe000] [id=11147]
  0x00007f4a280c5800 WatcherThread [stack: 0x00007f4a15ff7000,0x00007f4a160f7000] [id=11154]

VM state:at safepoint (normal execution)

VM Mutex/Monitor currently owned by a thread:  ([mutex/lock_event])
[0x00007f4a28007220] Threads_lock - owner thread: 0x00007f4a28073800
[0x00007f4a28007720] Heap_lock - owner thread: 0x00007f4a28009800

heap address: 0x00000000e0c00000, size: 500 MB, Compressed Oops mode: 32-bit
Narrow klass base: 0x0000000000000000, Narrow klass shift: 3
Compressed class space size: 1073741824 Address: 0x0000000100000000

Heap:
 PSYoungGen      total 117248K, used 8702K [0x00000000f5980000, 0x00000000fd480000, 0x0000000100000000)
  eden space 108544K, 0% used [0x00000000f5980000,0x00000000f5980000,0x00000000fc380000)
  from space 8704K, 99% used [0x00000000fc380000,0x00000000fcbffb90,0x00000000fcc00000)
  to   space 8192K, 0% used [0x00000000fcc80000,0x00000000fcc80000,0x00000000fd480000)
 ParOldGen       total 32256K, used 29878K [0x00000000e0c00000, 0x00000000e2b80000, 0x00000000f5980000)
  object space 32256K, 92% used [0x00000000e0c00000,0x00000000e292db78,0x00000000e2b80000)
 Metaspace       used 33892K, capacity 34556K, committed 34944K, reserved 1079296K
  class space    used 3960K, capacity 4147K, committed 4224K, reserved 1048576K

Card table byte_map: [0x00007f4a18f05000,0x00007f4a19000000] byte_map_base: 0x00007f4a187ff000

Marking Bits: (ParMarkBitMap*) 0x00007f4a2e125d80
 Begin Bits: [0x00007f4a17d63000, 0x00007f4a18533000)
 End Bits:   [0x00007f4a18533000, 0x00007f4a18d03000)

Polling page: 0x00007f4a2ed79000

CodeCache: size=245760Kb used=12761Kb max_used=12761Kb free=232998Kb
 bounds [0x00007f4a19000000, 0x00007f4a19c90000, 0x00007f4a28000000]
 total_blobs=4443 nmethods=4029 adapters=328
 compilation: enabled

Compilation events (10 events):
Event: 43,091 Thread 0x00007f4a280b8000 nmethod 4518 0x00007f4a19c82990 code [0x00007f4a19c82b20, 0x00007f4a19c82f78]
Event: 43,091 Thread 0x00007f4a280b8000 4519       1       com.sun.tools.javac.comp.Enter::visitTree (6 bytes)
Event: 43,092 Thread 0x00007f4a280b8000 nmethod 4519 0x00007f4a19c82690 code [0x00007f4a19c827e0, 0x00007f4a19c82910]
Event: 43,092 Thread 0x00007f4a280b8000 4515       3       com.sun.tools.javac.tree.TreeInfo::fullName (84 bytes)
Event: 43,106 Thread 0x00007f4a280b8000 nmethod 4515 0x00007f4a19c81110 code [0x00007f4a19c81360, 0x00007f4a19c82158]
Event: 43,106 Thread 0x00007f4a280b8000 4523   !   3       com.sun.tools.javac.file.ZipFileIndex::checkIndex (140 bytes)
Event: 43,108 Thread 0x00007f4a280b8000 nmethod 4523 0x00007f4a19c835d0 code [0x00007f4a19c83820, 0x00007f4a19c843e8]
Event: 43,108 Thread 0x00007f4a280b8000 4524       3       com.sun.tools.javac.file.ZipFileIndex::isUpToDate (39 bytes)
Event: 43,109 Thread 0x00007f4a280b8000 nmethod 4524 0x00007f4a19c80d10 code [0x00007f4a19c80e80, 0x00007f4a19c81070]
Event: 43,109 Thread 0x00007f4a280b8000 4521   !   3       com.sun.tools.javac.file.JavacFileManager::listContainer (94 bytes)

GC Heap History (10 events):
Event: 9,541 GC heap after
Heap after GC invocations=7 (full 0):
 PSYoungGen      total 38912K, used 4601K [0x00000000f5980000, 0x00000000fa880000, 0x0000000100000000)
  eden space 34304K, 0% used [0x00000000f5980000,0x00000000f5980000,0x00000000f7b00000)
  from space 4608K, 99% used [0x00000000f7b00000,0x00000000f7f7e400,0x00000000f7f80000)
  to   space 6144K, 0% used [0x00000000fa280000,0x00000000fa280000,0x00000000fa880000)
 ParOldGen       total 22016K, used 8828K [0x00000000e0c00000, 0x00000000e2180000, 0x00000000f5980000)
  object space 22016K, 40% used [0x00000000e0c00000,0x00000000e149f2b8,0x00000000e2180000)
 Metaspace       used 15063K, capacity 15364K, committed 15616K, reserved 1062912K
  class space    used 1839K, capacity 1949K, committed 2048K, reserved 1048576K
}
Event: 13,037 GC heap before
{Heap before GC invocations=8 (full 0):
 PSYoungGen      total 38912K, used 38905K [0x00000000f5980000, 0x00000000fa880000, 0x0000000100000000)
  eden space 34304K, 100% used [0x00000000f5980000,0x00000000f7b00000,0x00000000f7b00000)
  from space 4608K, 99% used [0x00000000f7b00000,0x00000000f7f7e400,0x00000000f7f80000)
  to   space 6144K, 0% used [0x00000000fa280000,0x00000000fa280000,0x00000000fa880000)
 ParOldGen       total 22016K, used 8828K [0x00000000e0c00000, 0x00000000e2180000, 0x00000000f5980000)
  object space 22016K, 40% used [0x00000000e0c00000,0x00000000e149f2b8,0x00000000e2180000)
 Metaspace       used 15812K, capacity 16226K, committed 16384K, reserved 1062912K
  class space    used 1908K, capacity 2022K, committed 2048K, reserved 1048576K
Event: 13,107 GC heap after
Heap after GC invocations=8 (full 0):
 PSYoungGen      total 73728K, used 5715K [0x00000000f5980000, 0x00000000faa80000, 0x0000000100000000)
  eden space 67584K, 0% used [0x00000000f5980000,0x00000000f5980000,0x00000000f9b80000)
  from space 6144K, 93% used [0x00000000fa280000,0x00000000fa814f80,0x00000000fa880000)
  to   space 7168K, 0% used [0x00000000f9b80000,0x00000000f9b80000,0x00000000fa280000)
 ParOldGen       total 22016K, used 8964K [0x00000000e0c00000, 0x00000000e2180000, 0x00000000f5980000)
  object space 22016K, 40% used [0x00000000e0c00000,0x00000000e14c12b8,0x00000000e2180000)
 Metaspace       used 15812K, capacity 16226K, committed 16384K, reserved 1062912K
  class space    used 1908K, capacity 2022K, committed 2048K, reserved 1048576K
}
Event: 19,415 GC heap before
{Heap before GC invocations=9 (full 0):
 PSYoungGen      total 73728K, used 73299K [0x00000000f5980000, 0x00000000faa80000, 0x0000000100000000)
  eden space 67584K, 100% used [0x00000000f5980000,0x00000000f9b80000,0x00000000f9b80000)
  from space 6144K, 93% used [0x00000000fa280000,0x00000000fa814f80,0x00000000fa880000)
  to   space 7168K, 0% used [0x00000000f9b80000,0x00000000f9b80000,0x00000000fa280000)
 ParOldGen       total 22016K, used 8964K [0x00000000e0c00000, 0x00000000e2180000, 0x00000000f5980000)
  object space 22016K, 40% used [0x00000000e0c00000,0x00000000e14c12b8,0x00000000e2180000)
 Metaspace       used 18056K, capacity 18538K, committed 18688K, reserved 1064960K
  class space    used 2182K, capacity 2302K, committed 2304K, reserved 1048576K
Event: 19,486 GC heap after
Heap after GC invocations=9 (full 0):
 PSYoungGen      total 74752K, used 7164K [0x00000000f5980000, 0x00000000fd580000, 0x0000000100000000)
  eden space 67584K, 0% used [0x00000000f5980000,0x00000000f5980000,0x00000000f9b80000)
  from space 7168K, 99% used [0x00000000f9b80000,0x00000000fa27f2d8,0x00000000fa280000)
  to   space 9216K, 0% used [0x00000000fcc80000,0x00000000fcc80000,0x00000000fd580000)
 ParOldGen       total 22016K, used 11765K [0x00000000e0c00000, 0x00000000e2180000, 0x00000000f5980000)
  object space 22016K, 53% used [0x00000000e0c00000,0x00000000e177d4a0,0x00000000e2180000)
 Metaspace       used 18056K, capacity 18538K, committed 18688K, reserved 1064960K
  class space    used 2182K, capacity 2302K, committed 2304K, reserved 1048576K
}
Event: 22,167 GC heap before
{Heap before GC invocations=10 (full 0):
 PSYoungGen      total 74752K, used 34336K [0x00000000f5980000, 0x00000000fd580000, 0x0000000100000000)
  eden space 67584K, 40% used [0x00000000f5980000,0x00000000f7408d38,0x00000000f9b80000)
  from space 7168K, 99% used [0x00000000f9b80000,0x00000000fa27f2d8,0x00000000fa280000)
  to   space 9216K, 0% used [0x00000000fcc80000,0x00000000fcc80000,0x00000000fd580000)
 ParOldGen       total 22016K, used 11765K [0x00000000e0c00000, 0x00000000e2180000, 0x00000000f5980000)
  object space 22016K, 53% used [0x00000000e0c00000,0x00000000e177d4a0,0x00000000e2180000)
 Metaspace       used 20679K, capacity 21230K, committed 21296K, reserved 1069056K
  class space    used 2542K, capacity 2670K, committed 2688K, reserved 1048576K
Event: 22,203 GC heap after
Heap after GC invocations=10 (full 0):
 PSYoungGen      total 116736K, used 4531K [0x00000000f5980000, 0x00000000fd480000, 0x0000000100000000)
  eden space 108544K, 0% used [0x00000000f5980000,0x00000000f5980000,0x00000000fc380000)
  from space 8192K, 55% used [0x00000000fcc80000,0x00000000fd0ecf58,0x00000000fd480000)
  to   space 8704K, 0% used [0x00000000fc380000,0x00000000fc380000,0x00000000fcc00000)
 ParOldGen       total 22016K, used 15397K [0x00000000e0c00000, 0x00000000e2180000, 0x00000000f5980000)
  object space 22016K, 69% used [0x00000000e0c00000,0x00000000e1b094a0,0x00000000e2180000)
 Metaspace       used 20679K, capacity 21230K, committed 21296K, reserved 1069056K
  class space    used 2542K, capacity 2670K, committed 2688K, reserved 1048576K
}
Event: 22,203 GC heap before
{Heap before GC invocations=11 (full 1):
 PSYoungGen      total 116736K, used 4531K [0x00000000f5980000, 0x00000000fd480000, 0x0000000100000000)
  eden space 108544K, 0% used [0x00000000f5980000,0x00000000f5980000,0x00000000fc380000)
  from space 8192K, 55% used [0x00000000fcc80000,0x00000000fd0ecf58,0x00000000fd480000)
  to   space 8704K, 0% used [0x00000000fc380000,0x00000000fc380000,0x00000000fcc00000)
 ParOldGen       total 22016K, used 15397K [0x00000000e0c00000, 0x00000000e2180000, 0x00000000f5980000)
  object space 22016K, 69% used [0x00000000e0c00000,0x00000000e1b094a0,0x00000000e2180000)
 Metaspace       used 20679K, capacity 21230K, committed 21296K, reserved 1069056K
  class space    used 2542K, capacity 2670K, committed 2688K, reserved 1048576K
Event: 22,454 GC heap after
Heap after GC invocations=11 (full 1):
 PSYoungGen      total 116736K, used 0K [0x00000000f5980000, 0x00000000fd480000, 0x0000000100000000)
  eden space 108544K, 0% used [0x00000000f5980000,0x00000000f5980000,0x00000000fc380000)
  from space 8192K, 0% used [0x00000000fcc80000,0x00000000fcc80000,0x00000000fd480000)
  to   space 8704K, 0% used [0x00000000fc380000,0x00000000fc380000,0x00000000fcc00000)
 ParOldGen       total 32256K, used 14983K [0x00000000e0c00000, 0x00000000e2b80000, 0x00000000f5980000)
  object space 32256K, 46% used [0x00000000e0c00000,0x00000000e1aa1d78,0x00000000e2b80000)
 Metaspace       used 20679K, capacity 21230K, committed 21296K, reserved 1069056K
  class space    used 2542K, capacity 2670K, committed 2688K, reserved 1048576K
}
Event: 43,119 GC heap before
{Heap before GC invocations=12 (full 1):
 PSYoungGen      total 116736K, used 108544K [0x00000000f5980000, 0x00000000fd480000, 0x0000000100000000)
  eden space 108544K, 100% used [0x00000000f5980000,0x00000000fc380000,0x00000000fc380000)
  from space 8192K, 0% used [0x00000000fcc80000,0x00000000fcc80000,0x00000000fd480000)
  to   space 8704K, 0% used [0x00000000fc380000,0x00000000fc380000,0x00000000fcc00000)
 ParOldGen       total 32256K, used 14983K [0x00000000e0c00000, 0x00000000e2b80000, 0x00000000f5980000)
  object space 32256K, 46% used [0x00000000e0c00000,0x00000000e1aa1d78,0x00000000e2b80000)
 Metaspace       used 33892K, capacity 34556K, committed 34944K, reserved 1079296K
  class space    used 3960K, capacity 4147K, committed 4224K, reserved 1048576K

Deoptimization events (10 events):
Event: 33,051 Thread 0x00007f4a28009800 Uncommon trap: reason=bimorphic action=maybe_recompile pc=0x00007f4a193edee8 method=java.lang.ClassLoader.loadClass(Ljava/lang/String;Z)Ljava/lang/Class; @ 38
Event: 33,093 Thread 0x00007f4a28009800 Uncommon trap: reason=bimorphic action=maybe_recompile pc=0x00007f4a193edee8 method=java.lang.ClassLoader.loadClass(Ljava/lang/String;Z)Ljava/lang/Class; @ 38
Event: 33,093 Thread 0x00007f4a28009800 Uncommon trap: reason=bimorphic action=maybe_recompile pc=0x00007f4a193edee8 method=java.lang.ClassLoader.loadClass(Ljava/lang/String;Z)Ljava/lang/Class; @ 38
Event: 36,721 Thread 0x00007f4a28009800 Uncommon trap: reason=class_check action=maybe_recompile pc=0x00007f4a191cb4b0 method=sun.misc.URLClassPath.getLoader(I)Lsun/misc/URLClassPath$Loader; @ 94
Event: 37,038 Thread 0x00007f4a28009800 Uncommon trap: reason=unstable_if action=reinterpret pc=0x00007f4a1932f4dc method=java.util.HashMap.hash(Ljava/lang/Object;)I @ 1
Event: 37,603 Thread 0x00007f4a28009800 Uncommon trap: reason=unstable_if action=reinterpret pc=0x00007f4a19789370 method=java.util.HashMap.putVal(ILjava/lang/Object;Ljava/lang/Object;ZZ)Ljava/lang/Object; @ 162
Event: 38,216 Thread 0x00007f4a28009800 Uncommon trap: reason=predicate action=maybe_recompile pc=0x00007f4a19140884 method=java.util.StringTokenizer.skipDelimiters(I)I @ 17
Event: 38,216 Thread 0x00007f4a28009800 Uncommon trap: reason=unstable_if action=reinterpret pc=0x00007f4a191563a8 method=java.util.StringTokenizer.scanToken(I)I @ 96
Event: 39,405 Thread 0x00007f4a28009800 Uncommon trap: reason=unstable_if action=reinterpret pc=0x00007f4a19993560 method=org.codehaus.plexus.classworlds.realm.Entry.matches(Ljava/lang/String;)Z @ 20
Event: 39,903 Thread 0x00007f4a28009800 Uncommon trap: reason=unstable_if action=reinterpret pc=0x00007f4a1988c6f8 method=java.util.ArrayList.remove(Ljava/lang/Object;)Z @ 59

Classes redefined (0 events):
No events

Internal exceptions (10 events):
Event: 17,122 Thread 0x00007f4a28009800 Exception <a 'java/lang/NoClassDefFoundError': org/codehaus/plexus/util/interpolation/ValueSource> (0x00000000f84ffec0) thrown at [/HUDSON/workspace/8-2-build-linux-amd64/jdk8u201/12317/hotspot/src/share/vm/classfile/systemDictionary.cpp, line 199]
Event: 17,560 Thread 0x00007f4a28009800 Exception <a 'java/lang/NoClassDefFoundError': org/sonatype/aether/graph/DependencyNode> (0x00000000f8a7da18) thrown at [/HUDSON/workspace/8-2-build-linux-amd64/jdk8u201/12317/hotspot/src/share/vm/classfile/systemDictionary.cpp, line 199]
Event: 21,160 Thread 0x00007f4a28009800 Exception <a 'java/lang/ClassNotFoundException': com/sun/tools/javac/api/JavacTool> (0x00000000f6c52448) thrown at [/HUDSON/workspace/8-2-build-linux-amd64/jdk8u201/12317/hotspot/src/share/vm/classfile/systemDictionary.cpp, line 210]
Event: 26,167 Thread 0x00007f4a28009800 Exception <a 'java/io/FileNotFoundException'> (0x00000000f7b61058) thrown at [/HUDSON/workspace/8-2-build-linux-amd64/jdk8u201/12317/hotspot/src/share/vm/prims/jni.cpp, line 709]
Event: 26,214 Thread 0x00007f4a28009800 Exception <a 'java/io/FileNotFoundException'> (0x00000000f7b96390) thrown at [/HUDSON/workspace/8-2-build-linux-amd64/jdk8u201/12317/hotspot/src/share/vm/prims/jni.cpp, line 709]
Event: 37,038 Thread 0x00007f4a28009800 Implicit null exception at 0x00007f4a1932ef3b to 0x00007f4a1932f4c9
Event: 42,264 Thread 0x00007f4a28009800 Exception <a 'java/io/FileNotFoundException'> (0x00000000fc094970) thrown at [/HUDSON/workspace/8-2-build-linux-amd64/jdk8u201/12317/hotspot/src/share/vm/prims/jni.cpp, line 709]
Event: 42,266 Thread 0x00007f4a28009800 Exception <a 'java/io/FileNotFoundException'> (0x00000000fc095550) thrown at [/HUDSON/workspace/8-2-build-linux-amd64/jdk8u201/12317/hotspot/src/share/vm/prims/jni.cpp, line 709]
Event: 42,267 Thread 0x00007f4a28009800 Exception <a 'java/io/FileNotFoundException'> (0x00000000fc096d48) thrown at [/HUDSON/workspace/8-2-build-linux-amd64/jdk8u201/12317/hotspot/src/share/vm/prims/jni.cpp, line 709]
Event: 42,267 Thread 0x00007f4a28009800 Exception <a 'java/io/FileNotFoundException'> (0x00000000fc0979c0) thrown at [/HUDSON/workspace/8-2-build-linux-amd64/jdk8u201/12317/hotspot/src/share/vm/prims/jni.cpp, line 709]

Events (10 events):
Event: 42,828 loading class com/sun/tools/javac/util/Log$WriterKind done
Event: 42,841 loading class com/sun/tools/javac/api/JavacTrees
Event: 42,841 loading class com/sun/tools/javac/api/JavacTrees done
Event: 42,894 loading class com/sun/source/util/DocTrees
Event: 42,894 loading class com/sun/source/util/DocTrees done
Event: 42,903 loading class com/sun/source/util/Trees
Event: 42,903 loading class com/sun/source/util/Trees done
Event: 42,953 loading class com/sun/tools/javac/file/CacheFSInfo$Entry
Event: 42,953 loading class com/sun/tools/javac/file/CacheFSInfo$Entry done
Event: 43,110 Executing VM operation: ParallelGCFailedAllocation


Dynamic libraries:
00400000-00401000 r-xp 00000000 fd:03 58720629                           /home/java/jdk1.8.0_201/bin/java
00600000-00601000 r--p 00000000 fd:03 58720629                           /home/java/jdk1.8.0_201/bin/java
00601000-00602000 rw-p 00001000 fd:03 58720629                           /home/java/jdk1.8.0_201/bin/java
01e7f000-01ea0000 rw-p 00000000 00:00 0                                  [heap]
e0c00000-e2b80000 rw-p 00000000 00:00 0 
e2b80000-f5980000 ---p 00000000 00:00 0 
f5980000-fd480000 rw-p 00000000 00:00 0 
100000000-100420000 rw-p 00000000 00:00 0 
100420000-140000000 ---p 00000000 00:00 0 
7f49e4000000-7f49e4021000 rw-p 00000000 00:00 0 
7f49e4021000-7f49e8000000 ---p 00000000 00:00 0 
7f49e8000000-7f49e8021000 rw-p 00000000 00:00 0 
7f49e8021000-7f49ec000000 ---p 00000000 00:00 0 
7f49ec000000-7f49ed60c000 rw-p 00000000 00:00 0 
7f49ed60c000-7f49f0000000 ---p 00000000 00:00 0 
7f49f0000000-7f49f0649000 rw-p 00000000 00:00 0 
7f49f0649000-7f49f4000000 ---p 00000000 00:00 0 
7f49f4000000-7f49f4021000 rw-p 00000000 00:00 0 
7f49f4021000-7f49f8000000 ---p 00000000 00:00 0 
7f49f96d2000-7f49f98d2000 rw-p 00000000 00:00 0 
7f49f98d2000-7f49f9ad2000 rw-p 00000000 00:00 0 
7f49f9ad2000-7f49ffffb000 r--p 00000000 fd:00 182482                     /usr/lib/locale/locale-archive
7f4a00000000-7f4a00021000 rw-p 00000000 00:00 0 
7f4a00021000-7f4a04000000 ---p 00000000 00:00 0 
7f4a04000000-7f4a04021000 rw-p 00000000 00:00 0 
7f4a04021000-7f4a08000000 ---p 00000000 00:00 0 
7f4a08000000-7f4a08021000 rw-p 00000000 00:00 0 
7f4a08021000-7f4a0c000000 ---p 00000000 00:00 0 
7f4a0c000000-7f4a0c29a000 rw-p 00000000 00:00 0 
7f4a0c29a000-7f4a10000000 ---p 00000000 00:00 0 
7f4a10000000-7f4a10021000 rw-p 00000000 00:00 0 
7f4a10021000-7f4a14000000 ---p 00000000 00:00 0 
7f4a1405e000-7f4a1425e000 rw-p 00000000 00:00 0 
7f4a1425e000-7f4a1428d000 r--s 003e4000 fd:03 51306653                   /home/java/.m2/repository/org/primefaces/primefaces/6.2/primefaces-6.2.jar
7f4a14292000-7f4a142b4000 r--s 00120000 fd:03 51969580                   /home/java/.m2/repository/javax/javaee-web-api/7.0/javaee-web-api-7.0.jar
7f4a142bb000-7f4a142d8000 r--s 00131000 fd:03 33560233                   /home/java/.m2/repository/org/eclipse/persistence/org.eclipse.persistence.jpa.jpql/2.5.2/org.eclipse.persistence.jpa.jpql-2.5.2.jar
7f4a142dc000-7f4a142e1000 r--s 0002a000 fd:03 25991425                   /home/java/.m2/repository/org/eclipse/persistence/org.eclipse.persistence.antlr/2.5.2/org.eclipse.persistence.antlr-2.5.2.jar
7f4a142e2000-7f4a142f8000 r--s 00138000 fd:03 16956609                   /home/java/.m2/repository/org/eclipse/persistence/org.eclipse.persistence.jpa/2.5.2/org.eclipse.persistence.jpa-2.5.2.jar
7f4a142fe000-7f4a14305000 r--s 0003c000 fd:03 11513466                   /home/java/.m2/repository/org/eclipse/persistence/org.eclipse.persistence.asm/2.5.2/org.eclipse.persistence.asm-2.5.2.jar
7f4a14307000-7f4a14345000 r--s 00495000 fd:03 514123                     /home/java/.m2/repository/org/eclipse/persistence/org.eclipse.persistence.core/2.5.2/org.eclipse.persistence.core-2.5.2.jar
7f4a1434a000-7f4a1454a000 rw-p 00000000 00:00 0 
7f4a1454a000-7f4a14551000 r--s 00000000 fd:00 281884                     /usr/lib64/gconv/gconv-modules.cache
7f4a14552000-7f4a14576000 r--p 00000000 fd:00 264146                     /usr/share/locale/pl/LC_MESSAGES/libc.mo
7f4a1457c000-7f4a1477c000 rw-p 00000000 00:00 0 
7f4a1477c000-7f4a1477f000 r--s 0001a000 fd:03 1079647                    /home/java/jdk1.8.0_201/jre/lib/jce.jar
7f4a14786000-7f4a14787000 r--s 0000c000 fd:03 58791692                   /home/java/.m2/repository/org/eclipse/persistence/org.eclipse.persistence.jpa.modelgen.processor/2.5.2/org.eclipse.persistence.jpa.modelgen.processor-2.5.2.jar
7f4a1478e000-7f4a14790000 r--s 00004000 fd:03 50894024                   /home/java/.m2/repository/org/eclipse/persistence/commonj.sdo/2.1.1/commonj.sdo-2.1.1.jar
7f4a14794000-7f4a1479a000 r--s 00022000 fd:03 33639583                   /home/java/.m2/repository/org/eclipse/persistence/javax.persistence/2.1.0/javax.persistence-2.1.0.jar
7f4a1479a000-7f4a14816000 r--s 007c0000 fd:03 51139702                   /home/java/.m2/repository/org/eclipse/persistence/eclipselink/2.5.2/eclipselink-2.5.2.jar
7f4a14817000-7f4a14a17000 rw-p 00000000 00:00 0 
7f4a14a17000-7f4a14a90000 r--s 010fd000 fd:03 34741344                   /home/java/jdk1.8.0_201/lib/tools.jar
7f4a14a95000-7f4a14c95000 rw-p 00000000 00:00 0 
7f4a14c95000-7f4a14c98000 r--s 0001b000 fd:03 42124244                   /home/java/.m2/repository/junit/junit/3.8.2/junit-3.8.2.jar
7f4a14c99000-7f4a14ca7000 r--s 0008f000 fd:03 17384997                   /home/java/.m2/repository/com/google/collections/google-collections/1.0/google-collections-1.0.jar
7f4a14cac000-7f4a14cad000 r--s 0000a000 fd:03 50631719                   /home/java/.m2/repository/commons-logging/commons-logging-api/1.1/commons-logging-api-1.1.jar
7f4a14cb3000-7f4a14cba000 r--s 00051000 fd:03 25873353                   /home/java/.m2/repository/log4j/log4j/1.2.12/log4j-1.2.12.jar
7f4a14cbf000-7f4a14cc3000 r--s 0001d000 fd:03 42124226                   /home/java/.m2/repository/org/apache/xbean/xbean-reflect/3.4/xbean-reflect-3.4.jar
7f4a14cc6000-7f4a14cc7000 r--s 00004000 fd:03 42119839                   /home/java/.m2/repository/org/codehaus/plexus/plexus-compiler-javac/2.2/plexus-compiler-javac-2.2.jar
7f4a14cca000-7f4a14ccc000 r--s 00000000 fd:03 33619081                   /home/java/.m2/repository/org/codehaus/plexus/plexus-compiler-manager/2.2/plexus-compiler-manager-2.2.jar
7f4a14ccf000-7f4a14cd1000 r--s 00005000 fd:03 17384993                   /home/java/.m2/repository/org/codehaus/plexus/plexus-compiler-api/2.2/plexus-compiler-api-2.2.jar
7f4a14cd4000-7f4a14cd6000 r--s 00002000 fd:03 42080408                   /home/java/.m2/repository/org/apache/maven/shared/maven-shared-incremental/1.1/maven-shared-incremental-1.1.jar
7f4a14cd8000-7f4a14cda000 r--s 00006000 fd:03 33619084                   /home/java/.m2/repository/com/google/code/findbugs/jsr305/2.0.1/jsr305-2.0.1.jar
7f4a14cdd000-7f4a14ce0000 r--s 00023000 fd:03 33619082                   /home/java/.m2/repository/org/apache/maven/shared/maven-shared-utils/0.1/maven-shared-utils-0.1.jar
7f4a14ce2000-7f4a14ce6000 r--s 00030000 fd:03 42119836                   /home/java/.m2/repository/org/codehaus/plexus/plexus-utils/1.5.1/plexus-utils-1.5.1.jar
7f4a14ceb000-7f4a14ced000 r--s 00009000 fd:03 33590286                   /home/java/.m2/repository/org/apache/maven/plugins/maven-compiler-plugin/3.1/maven-compiler-plugin-3.1.jar
7f4a14cef000-7f4a14cf1000 r--s 0000d000 fd:03 42077970                   /home/java/.m2/repository/org/codehaus/plexus/plexus-interpolation/1.13/plexus-interpolation-1.13.jar
7f4a14cf3000-7f4a14cf4000 r--s 00001000 fd:03 34741205                   /home/java/.m2/repository/org/sonatype/plexus/plexus-build-api/0.0.4/plexus-build-api-0.0.4.jar
7f4a14cfb000-7f4a14cfd000 r--s 00009000 fd:03 34741203                   /home/java/.m2/repository/org/apache/maven/shared/maven-filtering/1.1/maven-filtering-1.1.jar
7f4a14cfd000-7f4a14d01000 r--s 00033000 fd:03 654836                     /home/java/.m2/repository/org/codehaus/plexus/plexus-utils/2.0.5/plexus-utils-2.0.5.jar
7f4a14d03000-7f4a14d04000 r--s 00001000 fd:03 51969621                   /home/java/.m2/repository/org/apache/maven/doxia/doxia-sink-api/1.0-alpha-7/doxia-sink-api-1.0-alpha-7.jar
7f4a14d04000-7f4a14d05000 r--s 00002000 fd:03 10503883                   /home/java/.m2/repository/org/apache/maven/reporting/maven-reporting-api/2.0.6/maven-reporting-api-2.0.6.jar
7f4a14d08000-7f4a14d0a000 r--s 00006000 fd:03 8390086                    /home/java/.m2/repository/org/apache/maven/plugins/maven-resources-plugin/2.6/maven-resources-plugin-2.6.jar
7f4a14d11000-7f4a14d1f000 r--s 0007f000 fd:03 10396585                   /home/java/.m2/repository/commons-collections/commons-collections/3.2.1/commons-collections-3.2.1.jar
7f4a14d23000-7f4a14d28000 r--s 00041000 fd:03 489678                     /home/java/.m2/repository/commons-lang/commons-lang/2.6/commons-lang-2.6.jar
7f4a14d28000-7f4a14d2a000 r--s 00006000 fd:03 58829285                   /home/java/.m2/repository/org/apache/maven/shared/maven-invoker/2.0.11/maven-invoker-2.0.11.jar
7f4a14d30000-7f4a14d32000 r--s 00006000 fd:03 21378650                   /home/java/.m2/repository/org/apache/maven/shared/maven-common-artifact-filters/1.4/maven-common-artifact-filters-1.4.jar
7f4a14d36000-7f4a14d38000 r--s 0000c000 fd:03 489676                     /home/java/.m2/repository/org/apache/maven/shared/maven-dependency-tree/2.0/maven-dependency-tree-2.0.jar
7f4a14d3a000-7f4a14d3c000 r--s 00000000 fd:03 1079600                    /home/java/.m2/repository/org/codehaus/plexus/plexus-component-annotations/1.5.5/plexus-component-annotations-1.5.5.jar
7f4a14d3c000-7f4a14d3d000 r--s 0000a000 fd:03 33583731                   /home/java/.m2/repository/asm/asm/3.3.1/asm-3.3.1.jar
7f4a14d3f000-7f4a14d41000 r--s 00005000 fd:03 10396583                   /home/java/.m2/repository/org/apache/maven/shared/maven-dependency-analyzer/1.3/maven-dependency-analyzer-1.3.jar
7f4a14d46000-7f4a14d49000 r--s 0000c000 fd:03 50893476                   /home/java/.m2/repository/org/codehaus/plexus/plexus-io/2.0.6/plexus-io-2.0.6.jar
7f4a14d4d000-7f4a14d50000 r--s 0001b000 fd:03 11357219                   /home/java/.m2/repository/junit/junit/3.8.1/junit-3.8.1.jar
7f4a14d52000-7f4a14d54000 r--s 00008000 fd:03 50893473                   /home/java/.m2/repository/org/apache/maven/shared/maven-shared-io/1.1/maven-shared-io-1.1.jar
7f4a14d5a000-7f4a14d5c000 r--s 00008000 fd:03 21378649                   /home/java/.m2/repository/org/apache/maven/shared/file-management/1.2.1/file-management-1.2.1.jar
7f4a14d5f000-7f4a14d63000 r--s 00035000 fd:03 489672                     /home/java/.m2/repository/org/codehaus/plexus/plexus-utils/3.0.9/plexus-utils-3.0.9.jar
7f4a14d63000-7f4a14d68000 r--s 00029000 fd:03 33583728                   /home/java/.m2/repository/org/codehaus/plexus/plexus-archiver/2.2/plexus-archiver-2.2.jar
7f4a14d6e000-7f4a14d70000 r--s 00004000 fd:03 21378646                   /home/java/.m2/repository/org/apache/maven/doxia/doxia-module-xhtml/1.0/doxia-module-xhtml-1.0.jar
7f4a14d70000-7f4a14d71000 r--s 00006000 fd:03 489669                     /home/java/.m2/repository/org/apache/maven/doxia/doxia-module-xdoc/1.0/doxia-module-xdoc-1.0.jar
7f4a14d76000-7f4a14d77000 r--s 00004000 fd:03 50893471                   /home/java/.m2/repository/org/apache/maven/doxia/doxia-module-fml/1.0/doxia-module-fml-1.0.jar
7f4a14d7c000-7f4a14d7e000 r--s 0000a000 fd:03 21378645                   /home/java/.m2/repository/org/apache/maven/doxia/doxia-module-apt/1.0/doxia-module-apt-1.0.jar
7f4a14d85000-7f4a14d86000 r--s 0000b000 fd:03 58829283                   /home/java/.m2/repository/org/apache/maven/doxia/doxia-decoration-model/1.0/doxia-decoration-model-1.0.jar
7f4a14d8a000-7f4a14d92000 r--s 00058000 fd:03 58829281                   /home/java/.m2/repository/org/apache/velocity/velocity/1.5/velocity-1.5.jar
7f4a14d93000-7f4a14d94000 r--s 00001000 fd:03 58829055                   /home/java/.m2/repository/org/codehaus/plexus/plexus-velocity/1.1.7/plexus-velocity-1.1.7.jar
7f4a14d94000-7f4a14d95000 r--s 00002000 fd:03 33583726                   /home/java/.m2/repository/org/codehaus/plexus/plexus-i18n/1.0-beta-7/plexus-i18n-1.0-beta-7.jar
7f4a14d9c000-7f4a14d9e000 r--s 0000a000 fd:03 489667                     /home/java/.m2/repository/org/apache/maven/doxia/doxia-site-renderer/1.0/doxia-site-renderer-1.0.jar
7f4a14da4000-7f4a14da5000 r--s 00002000 fd:03 29576375                   /home/java/.m2/repository/org/apache/maven/doxia/doxia-sink-api/1.0/doxia-sink-api-1.0.jar
7f4a14da8000-7f4a14dad000 r--s 00016000 fd:03 10396581                   /home/java/.m2/repository/xml-apis/xml-apis/1.0.b2/xml-apis-1.0.b2.jar
7f4a14db0000-7f4a14db2000 r--s 0000e000 fd:03 42402828                   /home/java/.m2/repository/oro/oro/2.0.8/oro-2.0.8.jar
7f4a14db2000-7f4a14db4000 r--s 00008000 fd:03 21378642                   /home/java/.m2/repository/commons-logging/commons-logging/1.0.4/commons-logging-1.0.4.jar
7f4a14db8000-7f4a14dbc000 r--s 00026000 fd:03 21378640                   /home/java/.m2/repository/commons-digester/commons-digester/1.6/commons-digester-1.6.jar
7f4a14dbc000-7f4a14dc1000 r--s 0002a000 fd:03 42402823                   /home/java/.m2/repository/commons-beanutils/commons-beanutils/1.7.0/commons-beanutils-1.7.0.jar
7f4a14dc6000-7f4a14dc9000 r--s 00014000 fd:03 21378638                   /home/java/.m2/repository/commons-validator/commons-validator/1.2.0/commons-validator-1.2.0.jar
7f4a14dca000-7f4a14dcd000 r--s 00018000 fd:03 50893469                   /home/java/.m2/repository/commons-io/commons-io/1.4/commons-io-1.4.jar
7f4a14dd3000-7f4a14dd5000 r--s 00009000 fd:03 33583724                   /home/java/.m2/repository/org/apache/maven/shared/maven-doxia-tools/1.0.2/maven-doxia-tools-1.0.2.jar
7f4a14dd5000-7f4a14dd8000 r--s 0000b000 fd:03 10396579                   /home/java/.m2/repository/org/apache/maven/doxia/doxia-core/1.0/doxia-core-1.0.jar
7f4a14dde000-7f4a14de0000 r--s 00004000 fd:03 58829053                   /home/java/.m2/repository/org/apache/maven/reporting/maven-reporting-impl/2.0.5/maven-reporting-impl-2.0.5.jar
7f4a14de4000-7f4a14de5000 r--s 00002000 fd:03 489665                     /home/java/.m2/repository/org/apache/maven/reporting/maven-reporting-api/3.0/maven-reporting-api-3.0.jar
7f4a14dec000-7f4a14dee000 r--s 00002000 fd:03 25322911                   /home/java/.m2/repository/org/codehaus/plexus/plexus-interactivity-api/1.0-alpha-4/plexus-interactivity-api-1.0-alpha-4.jar
7f4a14df0000-7f4a14df2000 r--s 00006000 fd:03 51969624                   /home/java/.m2/repository/commons-cli/commons-cli/1.0/commons-cli-1.0.jar
7f4a14df3000-7f4a14df6000 r--s 00021000 fd:03 20393982                   /home/java/.m2/repository/org/apache/maven/plugins/maven-dependency-plugin/2.6/maven-dependency-plugin-2.6.jar
7f4a14df6000-7f4a14ff6000 rw-p 00000000 00:00 0 
7f4a14ff6000-7f4a14ffa000 r--s 00034000 fd:03 50631726                   /home/java/.m2/repository/org/codehaus/plexus/plexus-utils/3.0/plexus-utils-3.0.jar
7f4a14ffa000-7f4a1500b000 r-xp 00000000 fd:03 50487596                   /home/java/jdk1.8.0_201/jre/lib/amd64/libnio.so
7f4a1500b000-7f4a1520a000 ---p 00011000 fd:03 50487596                   /home/java/jdk1.8.0_201/jre/lib/amd64/libnio.so
7f4a1520a000-7f4a1520b000 r--p 00010000 fd:03 50487596                   /home/java/jdk1.8.0_201/jre/lib/amd64/libnio.so
7f4a1520b000-7f4a1520c000 rw-p 00011000 fd:03 50487596                   /home/java/jdk1.8.0_201/jre/lib/amd64/libnio.so
7f4a15212000-7f4a15228000 r-xp 00000000 fd:03 50487593                   /home/java/jdk1.8.0_201/jre/lib/amd64/libnet.so
7f4a15228000-7f4a15428000 ---p 00016000 fd:03 50487593                   /home/java/jdk1.8.0_201/jre/lib/amd64/libnet.so
7f4a15428000-7f4a15429000 r--p 00016000 fd:03 50487593                   /home/java/jdk1.8.0_201/jre/lib/amd64/libnet.so
7f4a15429000-7f4a1542a000 rw-p 00017000 fd:03 50487593                   /home/java/jdk1.8.0_201/jre/lib/amd64/libnet.so
7f4a1542b000-7f4a1562b000 rw-p 00000000 00:00 0 
7f4a1562b000-7f4a1562f000 r--s 000a1000 fd:03 1079627                    /home/java/jdk1.8.0_201/jre/lib/jsse.jar
7f4a15635000-7f4a15835000 rw-p 00000000 00:00 0 
7f4a15835000-7f4a15a35000 rw-p 00000000 00:00 0 
7f4a15a35000-7f4a15a51000 r--s 00393000 fd:03 33556837                   /home/java/jdk1.8.0_201/jre/lib/ext/cldrdata.jar
7f4a15a52000-7f4a15a54000 r-xp 00000000 fd:00 135046                     /usr/lib64/libutil-2.17.so
7f4a15a54000-7f4a15c53000 ---p 00002000 fd:00 135046                     /usr/lib64/libutil-2.17.so
7f4a15c53000-7f4a15c54000 r--p 00001000 fd:00 135046                     /usr/lib64/libutil-2.17.so
7f4a15c54000-7f4a15c55000 rw-p 00002000 fd:00 135046                     /usr/lib64/libutil-2.17.so
7f4a15c57000-7f4a15c59000 r--s 00005000 fd:03 11705871                   /home/java/.m2/repository/org/apache/maven/plugins/maven-clean-plugin/2.5/maven-clean-plugin-2.5.jar
7f4a15c5f000-7f4a15c61000 r--s 0000d000 fd:03 25214766                   /home/java/netbeans-8.2/java/maven-nblib/netbeans-eventspy.jar
7f4a15c68000-7f4a15c72000 r--s 00116000 fd:03 33556844                   /home/java/jdk1.8.0_201/jre/lib/ext/localedata.jar
7f4a15c72000-7f4a15c75000 r-xp 00000000 fd:03 59102746                   /home/java/apache-maven-3.6.0/lib/jansi-native/linux64/libjansi.so
7f4a15c75000-7f4a15e74000 ---p 00003000 fd:03 59102746                   /home/java/apache-maven-3.6.0/lib/jansi-native/linux64/libjansi.so
7f4a15e74000-7f4a15e75000 rw-p 00002000 fd:03 59102746                   /home/java/apache-maven-3.6.0/lib/jansi-native/linux64/libjansi.so
7f4a15e7c000-7f4a15e80000 r--s 00042000 fd:03 17396599                   /home/java/apache-maven-3.6.0/lib/jansi-1.17.1.jar
7f4a15e87000-7f4a15e88000 r--s 00005000 fd:03 17396598                   /home/java/apache-maven-3.6.0/lib/maven-slf4j-provider-3.6.0.jar
7f4a15e88000-7f4a15e8a000 r--s 00006000 fd:03 17396597                   /home/java/apache-maven-3.6.0/lib/maven-resolver-transport-wagon-1.3.1.jar
7f4a15e8b000-7f4a15e8d000 r--s 00009000 fd:03 17396596                   /home/java/apache-maven-3.6.0/lib/maven-resolver-connector-basic-1.3.1.jar
7f4a15e94000-7f4a15e95000 r--s 00002000 fd:03 17396595                   /home/java/apache-maven-3.6.0/lib/wagon-file-3.2.0.jar
7f4a15e95000-7f4a15e97000 r--s 00003000 fd:03 17396594                   /home/java/apache-maven-3.6.0/lib/jcl-over-slf4j-1.7.25.jar
7f4a15e99000-7f4a15ec6000 r--s 001df000 fd:03 17396593                   /home/java/apache-maven-3.6.0/lib/wagon-http-3.2.0-shaded.jar
7f4a15ec6000-7f4a15ec8000 r--s 0000c000 fd:03 17396592                   /home/java/apache-maven-3.6.0/lib/wagon-provider-api-3.2.0.jar
7f4a15ecb000-7f4a15ed2000 r--s 00041000 fd:03 17396591                   /home/java/apache-maven-3.6.0/lib/maven-compat-3.6.0.jar
7f4a15ed6000-7f4a15ed8000 r--s 0000c000 fd:03 17396590                   /home/java/apache-maven-3.6.0/lib/commons-cli-1.4.jar
7f4a15eda000-7f4a15edb000 r--s 00000000 fd:03 17396589                   /home/java/apache-maven-3.6.0/lib/animal-sniffer-annotations-1.14.jar
7f4a15edb000-7f4a15edd000 r--s 00001000 fd:03 17261598                   /home/java/apache-maven-3.6.0/lib/j2objc-annotations-1.1.jar
7f4a15ee4000-7f4a15ee6000 r--s 00002000 fd:03 17261581                   /home/java/apache-maven-3.6.0/lib/error_prone_annotations-2.1.3.jar
7f4a15ee8000-7f4a15eea000 r--s 00006000 fd:03 17113290                   /home/java/apache-maven-3.6.0/lib/checker-compat-qual-2.0.0.jar
7f4a15eed000-7f4a15eef000 r--s 00003000 fd:03 17113289                   /home/java/apache-maven-3.6.0/lib/jsr305-3.0.2.jar
7f4a15ef3000-7f4a15f23000 r--s 00249000 fd:03 17113288                   /home/java/apache-maven-3.6.0/lib/guava-25.1-android.jar
7f4a15f2a000-7f4a15f2c000 r--s 00000000 fd:03 17113287                   /home/java/apache-maven-3.6.0/lib/aopalliance-1.0.jar
7f4a15f2f000-7f4a15f3a000 r--s 00075000 fd:03 17113275                   /home/java/apache-maven-3.6.0/lib/guice-4.2.1-no_aop.jar
7f4a15f41000-7f4a15f45000 r--s 0002f000 fd:03 17113274                   /home/java/apache-maven-3.6.0/lib/commons-io-2.5.jar
7f4a15f48000-7f4a15f4b000 r--s 00026000 fd:03 17113273                   /home/java/apache-maven-3.6.0/lib/maven-shared-utils-3.2.1.jar
7f4a15f4b000-7f4a15f4d000 r--s 00009000 fd:03 17113255                   /home/java/apache-maven-3.6.0/lib/slf4j-api-1.7.25.jar
7f4a15f53000-7f4a15f57000 r--s 00029000 fd:03 17113253                   /home/java/apache-maven-3.6.0/lib/maven-resolver-impl-1.3.1.jar
7f4a15f5d000-7f4a15f62000 r--s 00023000 fd:03 17113251                   /home/java/apache-maven-3.6.0/lib/maven-resolver-util-1.3.1.jar
7f4a15f69000-7f4a15f6c000 r--s 00007000 fd:03 17113250                   /home/java/apache-maven-3.6.0/lib/maven-resolver-spi-1.3.1.jar
7f4a15f72000-7f4a15f77000 r--s 00020000 fd:03 17113249                   /home/java/apache-maven-3.6.0/lib/maven-resolver-api-1.3.1.jar
7f4a15f79000-7f4a15f7b000 r--s 0000f000 fd:03 17113248                   /home/java/apache-maven-3.6.0/lib/maven-resolver-provider-3.6.0.jar
7f4a15f81000-7f4a15f86000 r--s 00027000 fd:03 17082527                   /home/java/apache-maven-3.6.0/lib/maven-model-builder-3.6.0.jar
7f4a15f88000-7f4a15f8f000 r--s 00056000 fd:03 17082524                   /home/java/apache-maven-3.6.0/lib/org.eclipse.sisu.inject-0.3.3.jar
7f4a15f92000-7f4a15f93000 r--s 00000000 fd:03 17082523                   /home/java/apache-maven-3.6.0/lib/javax.inject-1.jar
7f4a15f93000-7f4a15f94000 r--s 00001000 fd:03 17082522                   /home/java/apache-maven-3.6.0/lib/jsr250-api-1.0.jar
7f4a15f9a000-7f4a15f9d000 r--s 00008000 fd:03 17082521                   /home/java/apache-maven-3.6.0/lib/cdi-api-1.0.jar
7f4a15f9f000-7f4a15fa5000 r--s 0002d000 fd:03 17082520                   /home/java/apache-maven-3.6.0/lib/org.eclipse.sisu.plexus-0.3.3.jar
7f4a15fac000-7f4a15fae000 r--s 0000a000 fd:03 17082517                   /home/java/apache-maven-3.6.0/lib/maven-plugin-api-3.6.0.jar
7f4a15fb5000-7f4a15fbd000 r--s 00073000 fd:03 17082512                   /home/java/apache-maven-3.6.0/lib/commons-lang3-3.8.1.jar
7f4a15fbe000-7f4a15fc0000 r--s 0000c000 fd:03 17082511                   /home/java/apache-maven-3.6.0/lib/maven-artifact-3.6.0.jar
7f4a15fc0000-7f4a15fc1000 r--s 00006000 fd:03 17082510                   /home/java/apache-maven-3.6.0/lib/maven-repository-metadata-3.6.0.jar
7f4a15fc1000-7f4a15fc3000 r--s 00027000 fd:03 17082509                   /home/java/apache-maven-3.6.0/lib/maven-model-3.6.0.jar
7f4a15fc8000-7f4a15fd5000 r--s 0008e000 fd:03 17082508                   /home/java/apache-maven-3.6.0/lib/maven-core-3.6.0.jar
7f4a15fdc000-7f4a15fde000 r--s 00002000 fd:03 17082507                   /home/java/apache-maven-3.6.0/lib/plexus-cipher-1.7.jar
7f4a15fe2000-7f4a15fe4000 r--s 00000000 fd:03 17082505                   /home/java/apache-maven-3.6.0/lib/plexus-component-annotations-1.7.1.jar
7f4a15fe4000-7f4a15fe7000 r--s 00012000 fd:03 17082504                   /home/java/apache-maven-3.6.0/lib/plexus-interpolation-1.25.jar
7f4a15feb000-7f4a15fed000 r--s 00009000 fd:03 17082502                   /home/java/apache-maven-3.6.0/lib/maven-settings-builder-3.6.0.jar
7f4a15fee000-7f4a15ff2000 r--s 0003c000 fd:03 17082501                   /home/java/apache-maven-3.6.0/lib/plexus-utils-3.1.0.jar
7f4a15ff6000-7f4a15ff7000 ---p 00000000 00:00 0 
7f4a15ff7000-7f4a160f7000 rw-p 00000000 00:00 0 
7f4a160f7000-7f4a160fa000 ---p 00000000 00:00 0 
7f4a160fa000-7f4a161f8000 rw-p 00000000 00:00 0 
7f4a161f8000-7f4a161fc000 ---p 00000000 00:00 0 
7f4a161fc000-7f4a162f9000 rw-p 00000000 00:00 0 
7f4a162f9000-7f4a162fd000 ---p 00000000 00:00 0 
7f4a162fd000-7f4a163fa000 rw-p 00000000 00:00 0 
7f4a163fa000-7f4a163fd000 ---p 00000000 00:00 0 
7f4a163fd000-7f4a164fb000 rw-p 00000000 00:00 0 
7f4a164fb000-7f4a164fe000 ---p 00000000 00:00 0 
7f4a164fe000-7f4a165fc000 rw-p 00000000 00:00 0 
7f4a165fc000-7f4a165ff000 ---p 00000000 00:00 0 
7f4a165ff000-7f4a166fd000 rw-p 00000000 00:00 0 
7f4a166fd000-7f4a166fe000 ---p 00000000 00:00 0 
7f4a166fe000-7f4a171b9000 rw-p 00000000 00:00 0 
7f4a171b9000-7f4a17393000 r--s 03d6f000 fd:03 1079612                    /home/java/jdk1.8.0_201/jre/lib/rt.jar
7f4a17398000-7f4a18d03000 rw-p 00000000 00:00 0 
7f4a18d03000-7f4a18d04000 ---p 00000000 00:00 0 
7f4a18d04000-7f4a18e04000 rw-p 00000000 00:00 0 
7f4a18e04000-7f4a18e05000 ---p 00000000 00:00 0 
7f4a18e05000-7f4a18f15000 rw-p 00000000 00:00 0 
7f4a18f15000-7f4a18fab000 ---p 00000000 00:00 0 
7f4a18fab000-7f4a18fea000 rw-p 00000000 00:00 0 
7f4a18fea000-7f4a18fff000 ---p 00000000 00:00 0 
7f4a18fff000-7f4a19000000 rw-p 00000000 00:00 0 
7f4a19000000-7f4a19c90000 rwxp 00000000 00:00 0 
7f4a19c90000-7f4a28000000 ---p 00000000 00:00 0 
7f4a28000000-7f4a2918a000 rw-p 00000000 00:00 0 
7f4a2918a000-7f4a2c000000 ---p 00000000 00:00 0 
7f4a2c000000-7f4a2c001000 r--s 00006000 fd:03 17082506                   /home/java/apache-maven-3.6.0/lib/plexus-sec-dispatcher-1.4.jar
7f4a2c008000-7f4a2c00b000 r--s 00016000 fd:03 17082499                   /home/java/apache-maven-3.6.0/lib/maven-embedder-3.6.0.jar
7f4a2c00d000-7f4a2c00f000 r--s 0000b000 fd:03 59102748                   /home/java/apache-maven-3.6.0/boot/plexus-classworlds-2.5.2.jar
7f4a2c012000-7f4a2c045000 rw-p 00000000 00:00 0 
7f4a2c045000-7f4a2c3d2000 ---p 00000000 00:00 0 
7f4a2c3d2000-7f4a2c3ed000 r-xp 00000000 fd:03 50487589                   /home/java/jdk1.8.0_201/jre/lib/amd64/libzip.so
7f4a2c3ed000-7f4a2c5ec000 ---p 0001b000 fd:03 50487589                   /home/java/jdk1.8.0_201/jre/lib/amd64/libzip.so
7f4a2c5ec000-7f4a2c5ed000 r--p 0001a000 fd:03 50487589                   /home/java/jdk1.8.0_201/jre/lib/amd64/libzip.so
7f4a2c5ed000-7f4a2c5ee000 rw-p 0001b000 fd:03 50487589                   /home/java/jdk1.8.0_201/jre/lib/amd64/libzip.so
7f4a2c5f2000-7f4a2c5fe000 r-xp 00000000 fd:00 182496                     /usr/lib64/libnss_files-2.17.so
7f4a2c5fe000-7f4a2c7fd000 ---p 0000c000 fd:00 182496                     /usr/lib64/libnss_files-2.17.so
7f4a2c7fd000-7f4a2c7fe000 r--p 0000b000 fd:00 182496                     /usr/lib64/libnss_files-2.17.so
7f4a2c7fe000-7f4a2c7ff000 rw-p 0000c000 fd:00 182496                     /usr/lib64/libnss_files-2.17.so
7f4a2c7ff000-7f4a2c805000 rw-p 00000000 00:00 0 
7f4a2c80a000-7f4a2c836000 r-xp 00000000 fd:03 50487583                   /home/java/jdk1.8.0_201/jre/lib/amd64/libjava.so
7f4a2c836000-7f4a2ca36000 ---p 0002c000 fd:03 50487583                   /home/java/jdk1.8.0_201/jre/lib/amd64/libjava.so
7f4a2ca36000-7f4a2ca37000 r--p 0002c000 fd:03 50487583                   /home/java/jdk1.8.0_201/jre/lib/amd64/libjava.so
7f4a2ca37000-7f4a2ca39000 rw-p 0002d000 fd:03 50487583                   /home/java/jdk1.8.0_201/jre/lib/amd64/libjava.so
7f4a2ca3a000-7f4a2ca47000 r-xp 00000000 fd:03 50487588                   /home/java/jdk1.8.0_201/jre/lib/amd64/libverify.so
7f4a2ca47000-7f4a2cc46000 ---p 0000d000 fd:03 50487588                   /home/java/jdk1.8.0_201/jre/lib/amd64/libverify.so
7f4a2cc46000-7f4a2cc48000 r--p 0000c000 fd:03 50487588                   /home/java/jdk1.8.0_201/jre/lib/amd64/libverify.so
7f4a2cc48000-7f4a2cc49000 rw-p 0000e000 fd:03 50487588                   /home/java/jdk1.8.0_201/jre/lib/amd64/libverify.so
7f4a2cc4a000-7f4a2cc51000 r-xp 00000000 fd:00 182502                     /usr/lib64/librt-2.17.so
7f4a2cc51000-7f4a2ce50000 ---p 00007000 fd:00 182502                     /usr/lib64/librt-2.17.so
7f4a2ce50000-7f4a2ce51000 r--p 00006000 fd:00 182502                     /usr/lib64/librt-2.17.so
7f4a2ce51000-7f4a2ce52000 rw-p 00007000 fd:00 182502                     /usr/lib64/librt-2.17.so
7f4a2ce52000-7f4a2cf53000 r-xp 00000000 fd:00 182490                     /usr/lib64/libm-2.17.so
7f4a2cf53000-7f4a2d152000 ---p 00101000 fd:00 182490                     /usr/lib64/libm-2.17.so
7f4a2d152000-7f4a2d153000 r--p 00100000 fd:00 182490                     /usr/lib64/libm-2.17.so
7f4a2d153000-7f4a2d154000 rw-p 00101000 fd:00 182490                     /usr/lib64/libm-2.17.so
7f4a2d15a000-7f4a2de42000 r-xp 00000000 fd:03 1079642                    /home/java/jdk1.8.0_201/jre/lib/amd64/server/libjvm.so
7f4a2de42000-7f4a2e041000 ---p 00ce8000 fd:03 1079642                    /home/java/jdk1.8.0_201/jre/lib/amd64/server/libjvm.so
7f4a2e041000-7f4a2e0d7000 r--p 00ce7000 fd:03 1079642                    /home/java/jdk1.8.0_201/jre/lib/amd64/server/libjvm.so
7f4a2e0d7000-7f4a2e108000 rw-p 00d7d000 fd:03 1079642                    /home/java/jdk1.8.0_201/jre/lib/amd64/server/libjvm.so
7f4a2e108000-7f4a2e143000 rw-p 00000000 00:00 0 
7f4a2e14a000-7f4a2e30c000 r-xp 00000000 fd:00 133474                     /usr/lib64/libc-2.17.so
7f4a2e30c000-7f4a2e50c000 ---p 001c2000 fd:00 133474                     /usr/lib64/libc-2.17.so
7f4a2e50c000-7f4a2e510000 r--p 001c2000 fd:00 133474                     /usr/lib64/libc-2.17.so
7f4a2e510000-7f4a2e512000 rw-p 001c6000 fd:00 133474                     /usr/lib64/libc-2.17.so
7f4a2e512000-7f4a2e517000 rw-p 00000000 00:00 0 
7f4a2e51a000-7f4a2e51c000 r-xp 00000000 fd:00 182488                     /usr/lib64/libdl-2.17.so
7f4a2e51c000-7f4a2e71c000 ---p 00002000 fd:00 182488                     /usr/lib64/libdl-2.17.so
7f4a2e71c000-7f4a2e71d000 r--p 00002000 fd:00 182488                     /usr/lib64/libdl-2.17.so
7f4a2e71d000-7f4a2e71e000 rw-p 00003000 fd:00 182488                     /usr/lib64/libdl-2.17.so
7f4a2e722000-7f4a2e739000 r-xp 00000000 fd:03 9496009                    /home/java/jdk1.8.0_201/lib/amd64/jli/libjli.so
7f4a2e739000-7f4a2e938000 ---p 00017000 fd:03 9496009                    /home/java/jdk1.8.0_201/lib/amd64/jli/libjli.so
7f4a2e938000-7f4a2e939000 r--p 00016000 fd:03 9496009                    /home/java/jdk1.8.0_201/lib/amd64/jli/libjli.so
7f4a2e939000-7f4a2e93a000 rw-p 00017000 fd:03 9496009                    /home/java/jdk1.8.0_201/lib/amd64/jli/libjli.so
7f4a2e93a000-7f4a2e951000 r-xp 00000000 fd:00 134878                     /usr/lib64/libpthread-2.17.so
7f4a2e951000-7f4a2eb50000 ---p 00017000 fd:00 134878                     /usr/lib64/libpthread-2.17.so
7f4a2eb50000-7f4a2eb51000 r--p 00016000 fd:00 134878                     /usr/lib64/libpthread-2.17.so
7f4a2eb51000-7f4a2eb52000 rw-p 00017000 fd:00 134878                     /usr/lib64/libpthread-2.17.so
7f4a2eb52000-7f4a2eb56000 rw-p 00000000 00:00 0 
7f4a2eb5a000-7f4a2eb7c000 r-xp 00000000 fd:00 134063                     /usr/lib64/ld-2.17.so
7f4a2eb7d000-7f4a2eb7e000 r--s 00003000 fd:03 17082503                   /home/java/apache-maven-3.6.0/lib/maven-builder-support-3.6.0.jar
7f4a2eb84000-7f4a2ebc6000 rw-p 00000000 00:00 0 
7f4a2ebc6000-7f4a2ec5d000 ---p 00000000 00:00 0 
7f4a2ec5d000-7f4a2ec61000 ---p 00000000 00:00 0 
7f4a2ec61000-7f4a2ed62000 rw-p 00000000 00:00 0 
7f4a2ed64000-7f4a2ed65000 r--s 0000a000 fd:03 17082500                   /home/java/apache-maven-3.6.0/lib/maven-settings-3.6.0.jar
7f4a2ed6a000-7f4a2ed72000 rw-s 00000000 fd:03 8567363                    /home/java/.moved-tmp/hsperfdata_java/11125
7f4a2ed77000-7f4a2ed79000 rw-p 00000000 00:00 0 
7f4a2ed79000-7f4a2ed7a000 ---p 00000000 00:00 0 
7f4a2ed7a000-7f4a2ed7b000 rw-p 00000000 00:00 0 
7f4a2ed7b000-7f4a2ed7c000 r--p 00021000 fd:00 134063                     /usr/lib64/ld-2.17.so
7f4a2ed7c000-7f4a2ed7d000 rw-p 00022000 fd:00 134063                     /usr/lib64/ld-2.17.so
7f4a2ed7d000-7f4a2ed7e000 rw-p 00000000 00:00 0 
7ffd7d6a1000-7ffd7d6c2000 rw-p 00000000 00:00 0                          [stack]
7ffd7d712000-7ffd7d714000 r-xp 00000000 00:00 0                          [vdso]
ffffffffff600000-ffffffffff601000 r-xp 00000000 00:00 0                  [vsyscall]

VM Arguments:
jvm_args: -Dclassworlds.conf=/home/java/maven/bin/m2.conf -Dmaven.home=/home/java/maven -Dlibrary.jansi.path=/home/java/maven/lib/jansi-native -Dmaven.multiModuleProjectDirectory=/home/java/Pulpit/JAVA STUDIA RAPORT KONCOWY/MOJA STRONA WEB/OfferPortalForSuppliers2207 
java_command: org.codehaus.plexus.classworlds.launcher.Launcher -Dmaven.ext.class.path=/home/java/netbeans-8.2/java/maven-nblib/netbeans-eventspy.jar clean install
java_class_path (initial): /home/java/maven/boot/plexus-classworlds-2.5.2.jar
Launcher Type: SUN_STANDARD

Environment Variables:
JAVA_HOME=/home/java/jdk8
PATH=/usr/local/bin:/usr/local/sbin:/usr/bin:/usr/sbin:/bin:/sbin
USERNAME=java
LD_LIBRARY_PATH=/home/java/jdk8/jre/lib/amd64:/home/java/jdk8/jre/lib/i386:
SHELL=/bin/bash
DISPLAY=:0.0

Signal Handlers:
SIGSEGV: [libjvm.so+0xad3e60], sa_mask[0]=11111111011111111101111111111110, sa_flags=SA_RESTART|SA_SIGINFO
SIGBUS: [libjvm.so+0xad3e60], sa_mask[0]=11111111011111111101111111111110, sa_flags=SA_RESTART|SA_SIGINFO
SIGFPE: [libjvm.so+0x90b880], sa_mask[0]=11111111011111111101111111111110, sa_flags=SA_RESTART|SA_SIGINFO
SIGPIPE: [libjvm.so+0x90b880], sa_mask[0]=11111111011111111101111111111110, sa_flags=SA_RESTART|SA_SIGINFO
SIGXFSZ: [libjvm.so+0x90b880], sa_mask[0]=11111111011111111101111111111110, sa_flags=SA_RESTART|SA_SIGINFO
SIGILL: [libjvm.so+0x90b880], sa_mask[0]=11111111011111111101111111111110, sa_flags=SA_RESTART|SA_SIGINFO
SIGUSR1: SIG_DFL, sa_mask[0]=00000000000000000000000000000000, sa_flags=none
SIGUSR2: [libjvm.so+0x90b750], sa_mask[0]=00100000000000000000000000000000, sa_flags=SA_RESTART|SA_SIGINFO
SIGHUP: [libjvm.so+0x90bd70], sa_mask[0]=11111111011111111101111111111110, sa_flags=SA_RESTART|SA_SIGINFO
SIGINT: SIG_IGN, sa_mask[0]=00000000000000000000000000000000, sa_flags=none
SIGTERM: [libjvm.so+0x90bd70], sa_mask[0]=11111111011111111101111111111110, sa_flags=SA_RESTART|SA_SIGINFO
SIGQUIT: [libjvm.so+0x90bd70], sa_mask[0]=11111111011111111101111111111110, sa_flags=SA_RESTART|SA_SIGINFO


---------------  S Y S T E M  ---------------

OS:CentOS Linux release 7.6.1810 (Core) 

uname:Linux 3.10.0-862.11.6.el7.x86_64 #1 SMP Tue Aug 14 21:49:04 UTC 2018 x86_64
libc:glibc 2.17 NPTL 2.17 
rlimit: STACK 8192k, CORE 0k, NPROC 4096, NOFILE 4096, AS infinity
load average:4,93 2,50 1,59

/proc/meminfo:
MemTotal:        2047528 kB
MemFree:           53176 kB
MemAvailable:       1684 kB
Buffers:             388 kB
Cached:            45088 kB
SwapCached:         2368 kB
Active:          1392216 kB
Inactive:         472932 kB
Active(anon):    1381964 kB
Inactive(anon):   463020 kB
Active(file):      10252 kB
Inactive(file):     9912 kB
Unevictable:          32 kB
Mlocked:              32 kB
SwapTotal:       1048572 kB
SwapFree:              4 kB
Dirty:                72 kB
Writeback:             8 kB
AnonPages:       1817516 kB
Mapped:             5160 kB
Shmem:             25284 kB
Slab:              55248 kB
SReclaimable:      27836 kB
SUnreclaim:        27412 kB
KernelStack:       11424 kB
PageTables:        33036 kB
NFS_Unstable:          0 kB
Bounce:                0 kB
WritebackTmp:          0 kB
CommitLimit:     2072336 kB
Committed_AS:    5553632 kB
VmallocTotal:   34359738367 kB
VmallocUsed:       32172 kB
VmallocChunk:   34359697400 kB
HardwareCorrupted:     0 kB
AnonHugePages:    174080 kB
CmaTotal:              0 kB
CmaFree:               0 kB
HugePages_Total:       0
HugePages_Free:        0
HugePages_Rsvd:        0
HugePages_Surp:        0
Hugepagesize:       2048 kB
DirectMap4k:       71616 kB
DirectMap2M:     2025472 kB

container (cgroup) information:
container_type: cgroupv1
cpu_cpuset_cpus: 0-1
cpu_memory_nodes: 0
active_processor_count: 2
cpu_quota: -1
cpu_period: 100000
cpu_shares: -1
memory_limit_in_bytes: -1
memory_and_swap_limit_in_bytes: -1
memory_soft_limit_in_bytes: -1
memory_usage_in_bytes: 1880666112
memory_max_usage_in_bytes: 0


CPU:total 2 (initial active 2) (2 cores per cpu, 1 threads per core) family 21 model 112 stepping 0, cmov, cx8, fxsr, mmx, sse, sse2, sse3, ssse3, sse4.1, sse4.2, popcnt, avx, avx2, aes, clmul, mmxext, lzcnt, sse4a, tsc, tscinvbit, tscinv

/proc/cpuinfo:
processor	: 0
vendor_id	: AuthenticAMD
cpu family	: 21
model		: 112
model name	: AMD A9-9420 RADEON R5, 5 COMPUTE CORES 2C+3G
stepping	: 0
microcode	: 0x6000626
cpu MHz		: 2994.380
cache size	: 1024 KB
physical id	: 0
siblings	: 2
core id		: 0
cpu cores	: 2
apicid		: 0
initial apicid	: 0
fpu		: yes
fpu_exception	: yes
cpuid level	: 13
wp		: yes
flags		: fpu vme de pse tsc msr pae mce cx8 apic sep mtrr pge mca cmov pat pse36 clflush mmx fxsr sse sse2 ht syscall nx mmxext fxsr_opt rdtscp lm constant_tsc art rep_good nopl nonstop_tsc extd_apicid pni pclmulqdq ssse3 cx16 sse4_1 sse4_2 x2apic movbe popcnt aes xsave avx rdrand hypervisor lahf_lm cmp_legacy cr8_legacy abm sse4a misalignsse 3dnowprefetch retpoline_amd ssbd vmmcall fsgsbase avx2 arat npt lbrv svm_lock nrip_save tsc_scale vmcb_clean flushbyasid decodeassists pausefilter pfthreshold avic v_vmsave_vmload vgif
bogomips	: 5988.76
TLB size	: 1536 4K pages
clflush size	: 64
cache_alignment	: 64
address sizes	: 48 bits physical, 48 bits virtual
power management:

processor	: 1
vendor_id	: AuthenticAMD
cpu family	: 21
model		: 112
model name	: AMD A9-9420 RADEON R5, 5 COMPUTE CORES 2C+3G
stepping	: 0
microcode	: 0x6000626
cpu MHz		: 2994.380
cache size	: 1024 KB
physical id	: 0
siblings	: 2
core id		: 1
cpu cores	: 2
apicid		: 1
initial apicid	: 1
fpu		: yes
fpu_exception	: yes
cpuid level	: 13
wp		: yes
flags		: fpu vme de pse tsc msr pae mce cx8 apic sep mtrr pge mca cmov pat pse36 clflush mmx fxsr sse sse2 ht syscall nx mmxext fxsr_opt rdtscp lm constant_tsc art rep_good nopl nonstop_tsc extd_apicid pni pclmulqdq ssse3 cx16 sse4_1 sse4_2 x2apic movbe popcnt aes xsave avx rdrand hypervisor lahf_lm cmp_legacy cr8_legacy abm sse4a misalignsse 3dnowprefetch retpoline_amd ssbd vmmcall fsgsbase avx2 arat npt lbrv svm_lock nrip_save tsc_scale vmcb_clean flushbyasid decodeassists pausefilter pfthreshold avic v_vmsave_vmload vgif
bogomips	: 5988.76
TLB size	: 1536 4K pages
clflush size	: 64
cache_alignment	: 64
address sizes	: 48 bits physical, 48 bits virtual
power management:



Memory: 4k page, physical 2047528k(53088k free), swap 1048572k(0k free)

vm_info: Java HotSpot(TM) 64-Bit Server VM (25.201-b09) for linux-amd64 JRE (1.8.0_201-b09), built on Dec 15 2018 11:35:59 by "java_re" with gcc 7.3.0

time: Thu Oct 24 18:26:12 2019
timezone: CEST
elapsed time: 44 seconds (0d 0h 0m 44s)

